2021-08-30 13:39:26,444 INFO - LoggingInitialized
2021-08-30 13:39:26,446 INFO - 
2021-08-30 13:39:26,446 INFO - Cúram Application Information
2021-08-30 13:39:26,447 INFO - Editor Applications
2021-08-30 13:39:26,447 INFO - 1.0.1
2021-08-30 13:39:26,453 INFO - 'C:\devtools\jdk1.8.281u\bin\.\license\Common' not found.
2021-08-30 13:39:26,454 ERROR - Installation cannot continue as required files cannot be found. Either there was a
network error, an error reading from the DVD or other installation media or there
was a problem with the package you downloaded. 
2021-08-30 13:43:57,269 INFO - LoggingInitialized
2021-08-30 13:43:57,271 INFO - 
2021-08-30 13:43:57,274 INFO - Cúram Application Information
2021-08-30 13:43:57,275 INFO - Editor Applications
2021-08-30 13:43:57,277 INFO - 1.0.1
2021-08-30 13:43:57,288 INFO - 'C:\dev\java\jdk1.8.0_192\bin\.\license\Common' not found.
2021-08-30 13:43:57,289 ERROR - Installation cannot continue as required files cannot be found. Either there was a
network error, an error reading from the DVD or other installation media or there
was a problem with the package you downloaded. 
2021-08-30 13:46:23,925 INFO - LoggingInitialized
2021-08-30 13:46:23,926 INFO - 
2021-08-30 13:46:23,927 INFO - Cúram Application Information
2021-08-30 13:46:23,927 INFO - Editor Applications
2021-08-30 13:46:23,927 INFO - 1.0.1
2021-08-30 13:46:23,935 INFO - 'C:\dev\java\jdk1.8.0_192\bin\.\license\Common' not found.
2021-08-30 13:46:23,937 ERROR - Installation cannot continue as required files cannot be found. Either there was a
network error, an error reading from the DVD or other installation media or there
was a problem with the package you downloaded. 
2021-08-30 13:48:29,512 INFO - LoggingInitialized
2021-08-30 13:48:29,514 INFO - 
2021-08-30 13:48:29,522 INFO - Cúram Application Information
2021-08-30 13:48:29,523 INFO - Editor Applications
2021-08-30 13:48:29,523 INFO - 1.0.1
2021-08-30 13:48:29,532 INFO - 'C:\dev\java\jdk1.8.0_192\bin\.\license\Common' not found.
2021-08-30 13:48:29,533 ERROR - Installation cannot continue as required files cannot be found. Either there was a
network error, an error reading from the DVD or other installation media or there
was a problem with the package you downloaded. 
2021-08-30 13:52:26,526 INFO - LoggingInitialized
2021-08-30 13:52:26,528 INFO - 
2021-08-30 13:52:26,531 INFO - Cúram Application Information
2021-08-30 13:52:26,532 INFO - Editor Applications
2021-08-30 13:52:26,533 INFO - 1.0.1
2021-08-30 13:52:26,545 INFO - 'C:\dev\java\jdk1.8.0_192\bin\.\license\Common' not found.
2021-08-30 13:52:26,546 ERROR - Installation cannot continue as required files cannot be found. Either there was a
network error, an error reading from the DVD or other installation media or there
was a problem with the package you downloaded. 
2021-08-30 14:08:57,095 INFO - LoggingInitialized
2021-08-30 14:08:57,097 INFO - 
2021-08-30 14:08:57,098 INFO - Cúram Application Information
2021-08-30 14:08:57,098 INFO - Editor Applications
2021-08-30 14:08:57,098 INFO - 1.0.1
2021-08-30 14:08:57,105 INFO - No License Files shipped with installer. LAP skipped.
2021-08-30 14:08:57,111 INFO - LoggingInitialized
2021-08-30 14:08:57,112 INFO - 
2021-08-30 14:08:57,112 INFO - Cúram Application Information
2021-08-30 14:08:57,112 INFO - Editor Applications
2021-08-30 14:08:57,112 INFO - 1.0.1
2021-08-30 14:08:57,181 INFO - Pre-installation Checks Complete.
2021-08-30 14:09:07,215 INFO - Calculate the list of installed and non-installed components.
2021-08-30 14:09:07,235 INFO - The calculation of installed and non-installed components has successfully completed.
2021-08-30 14:09:07,237 INFO - Documenting installed components.
2021-08-30 14:09:07,327 INFO - The installed components has been successfully documented.
2021-08-30 14:09:07,329 INFO - Documenting installation history.
2021-08-30 14:09:07,336 INFO - The Installhistory.txt has been successfully documented.
2021-08-30 14:09:07,338 INFO - Removing temporary files from disk.
2021-08-30 14:09:07,409 INFO - Temporary files have been removed.
2021-08-30 14:09:07,412 INFO - Processing Complete! Click "Next" to Continue.
2022-02-15 11:27:56,875 INFO - LoggingInitialized
2022-02-15 11:27:56,878 INFO - 
2022-02-15 11:27:56,878 INFO - Cúram Application Information
2022-02-15 11:27:56,878 INFO - Editor Applications
2022-02-15 11:27:56,878 INFO - 1.0.1
2022-02-15 11:27:56,885 INFO - No License Files shipped with installer. LAP skipped.
2022-02-15 11:27:56,888 INFO - LoggingInitialized
2022-02-15 11:27:56,889 INFO - 
2022-02-15 11:27:56,889 INFO - Cúram Application Information
2022-02-15 11:27:56,889 INFO - Editor Applications
2022-02-15 11:27:56,889 INFO - 1.0.1
2022-02-15 11:27:56,947 INFO - Pre-installation Checks Complete.
2022-02-15 11:28:04,768 INFO - Calculate the list of installed and non-installed components.
2022-02-15 11:28:04,787 INFO - The calculation of installed and non-installed components has successfully completed.
2022-02-15 11:28:04,793 INFO - Documenting installed components.
2022-02-15 11:28:04,874 INFO - The installed components has been successfully documented.
2022-02-15 11:28:04,877 INFO - Documenting installation history.
2022-02-15 11:28:04,882 INFO - The Installhistory.txt has been successfully documented.
2022-02-15 11:28:04,886 INFO - Removing temporary files from disk.
2022-02-15 11:28:04,920 INFO - Temporary files have been removed.
2022-02-15 11:28:04,927 INFO - Processing Complete! Click "Next" to Continue.
2022-02-18 08:27:56,213 INFO - LoggingInitialized
2022-02-18 08:27:56,215 INFO - 
2022-02-18 08:27:56,215 INFO - Cúram Application Information
2022-02-18 08:27:56,215 INFO - Editor Applications
2022-02-18 08:27:56,215 INFO - 1.0.1
2022-02-18 08:27:56,223 INFO - No License Files shipped with installer. LAP skipped.
2022-02-18 08:27:56,228 INFO - LoggingInitialized
2022-02-18 08:27:56,229 INFO - 
2022-02-18 08:27:56,229 INFO - Cúram Application Information
2022-02-18 08:27:56,229 INFO - Editor Applications
2022-02-18 08:27:56,229 INFO - 1.0.1
2022-02-18 08:27:56,288 INFO - Pre-installation Checks Complete.
2022-02-18 08:28:04,380 INFO - Calculate the list of installed and non-installed components.
2022-02-18 08:28:04,399 INFO - The calculation of installed and non-installed components has successfully completed.
2022-02-18 08:28:04,403 INFO - Documenting installed components.
2022-02-18 08:28:04,496 INFO - The installed components has been successfully documented.
2022-02-18 08:28:04,498 INFO - Documenting installation history.
2022-02-18 08:28:04,504 INFO - The Installhistory.txt has been successfully documented.
2022-02-18 08:28:04,508 INFO - Removing temporary files from disk.
2022-02-18 08:28:04,546 INFO - Temporary files have been removed.
2022-02-18 08:28:04,550 INFO - Processing Complete! Click "Next" to Continue.
2022-04-13 15:56:05,724 INFO - LoggingInitialized
2022-04-13 15:56:05,724 INFO - 
2022-04-13 15:56:05,724 INFO - Cúram Application Information
2022-04-13 15:56:05,724 INFO - Editor Applications
2022-04-13 15:56:05,724 INFO - 1.0.1
2022-04-13 15:56:05,724 INFO - No License Files shipped with installer. LAP skipped.
2022-04-13 15:56:05,740 INFO - LoggingInitialized
2022-04-13 15:56:05,740 INFO - 
2022-04-13 15:56:05,740 INFO - Cúram Application Information
2022-04-13 15:56:05,740 INFO - Editor Applications
2022-04-13 15:56:05,740 INFO - 1.0.1
2022-04-13 15:56:05,834 INFO - Pre-installation Checks Complete.
2022-04-13 15:56:09,896 INFO - Calculate the list of installed and non-installed components.
2022-04-13 15:56:09,912 INFO - The calculation of installed and non-installed components has successfully completed.
2022-04-13 15:56:09,912 INFO - Documenting installed components.
2022-04-13 15:56:09,990 INFO - The installed components has been successfully documented.
2022-04-13 15:56:09,990 INFO - Documenting installation history.
2022-04-13 15:56:09,990 INFO - The Installhistory.txt has been successfully documented.
2022-04-13 15:56:09,990 INFO - Removing temporary files from disk.
2022-04-13 15:56:10,021 INFO - Temporary files have been removed.
2022-04-13 15:56:10,037 INFO - Processing Complete! Click "Next" to Continue.
2022-09-19 09:07:04,052 INFO - LoggingInitialized
2022-09-19 09:07:04,054 INFO - 
2022-09-19 09:07:04,055 INFO - Cúram Application Information
2022-09-19 09:07:04,055 INFO - Editor Applications
2022-09-19 09:07:04,055 INFO - 1.0.1
2022-09-19 09:07:04,060 INFO - No License Files shipped with installer. LAP skipped.
2022-09-19 09:07:04,064 INFO - LoggingInitialized
2022-09-19 09:07:04,064 INFO - 
2022-09-19 09:07:04,065 INFO - Cúram Application Information
2022-09-19 09:07:04,065 INFO - Editor Applications
2022-09-19 09:07:04,066 INFO - 1.0.1
2022-09-19 09:07:04,120 INFO - Pre-installation Checks Complete.
2022-09-19 09:07:12,718 INFO - Calculate the list of installed and non-installed components.
2022-09-19 09:07:12,736 INFO - The calculation of installed and non-installed components has successfully completed.
2022-09-19 09:07:12,741 INFO - Documenting installed components.
2022-09-19 09:07:12,862 INFO - The installed components has been successfully documented.
2022-09-19 09:07:12,863 INFO - Documenting installation history.
2022-09-19 09:07:12,869 INFO - The Installhistory.txt has been successfully documented.
2022-09-19 09:07:12,873 INFO - Removing temporary files from disk.
2022-09-19 09:07:12,905 INFO - Temporary files have been removed.
2022-09-19 09:07:12,911 INFO - Processing Complete! Click "Next" to Continue.
