C:\dev\repositories\bdm-curam-spm-ootb\CuramSDEJ\bin\app_properties.xml
C:\dev\repositories\bdm-curam-spm-ootb\CuramSDEJ\scripts\infrastructure_Tables.xml
C:\dev\repositories\bdm-curam-spm-ootb\CuramSDEJ\doc\api\curam\util\type\struct\package-tree.html
C:\dev\repositories\bdm-curam-spm-ootb\CuramSDEJ\lib\CuramMBean.jar
C:\dev\repositories\bdm-curam-spm-ootb\CuramSDEJ\xmlserver\xmlserver.jar
C:\dev\repositories\bdm-curam-spm-ootb\CuramSDEJ\lib\gss.jar
C:\dev\repositories\bdm-curam-spm-ootb\CuramSDEJ\xmlserver\xmlservercommon.jar
C:\dev\repositories\bdm-curam-spm-ootb\CuramSDEJ\lib\coreinf-ejb.jar
C:\dev\repositories\bdm-curam-spm-ootb\CuramSDEJ\lib\log4j2-config.jar
C:\dev\repositories\bdm-curam-spm-ootb\CuramSDEJ\lib\coreinf-ejb-interfaces.jar
C:\dev\repositories\bdm-curam-spm-ootb\CuramSDEJ\lib\rules.jar
C:\dev\repositories\bdm-curam-spm-ootb\CuramSDEJ\lib\WLPRegistry.jar
C:\dev\repositories\bdm-curam-spm-ootb\CuramSDEJ\lib\appinf.jar
C:\dev\repositories\bdm-curam-spm-ootb\CuramSDEJ\lib\wlstcontrol.jar
C:\dev\repositories\bdm-curam-spm-ootb\CuramSDEJ\rsa\eclipse\plugins\curam.ide.modeling.profile.jar
C:\dev\repositories\bdm-curam-spm-ootb\CuramSDEJ\lib\appinf_internal.jar
C:\dev\repositories\bdm-curam-spm-ootb\CuramSDEJ\lib\coreinf.jar
C:\dev\repositories\bdm-curam-spm-ootb\CuramSDEJ\lib\rules_debugger.jar
C:\dev\repositories\bdm-curam-spm-ootb\CuramSDEJ\lib\security-inf.jar
C:\dev\repositories\bdm-curam-spm-ootb\CuramSDEJ\lib\coreinf-rmi.jar
C:\dev\repositories\bdm-curam-spm-ootb\CuramSDEJ\lib\xmlservercommon.jar
C:\dev\repositories\bdm-curam-spm-ootb\CuramSDEJ\lib\axis2\esapi-2.4.0.0.jar
C:\dev\repositories\bdm-curam-spm-ootb\CuramSDEJ\doc\api\curam\util\type\package-tree.html
C:\dev\repositories\bdm-curam-spm-ootb\CuramSDEJ\rsa\eclipse\plugins\curam.ide.modeling.rsm.jar
C:\dev\repositories\bdm-curam-spm-ootb\CuramSDEJ\lib\tools.jar
C:\dev\repositories\bdm-curam-spm-ootb\CuramSDEJ\doc\api.zip
C:\dev\repositories\bdm-curam-spm-ootb\CuramSDEJ\lib\Registry.jar
C:\dev\repositories\bdm-curam-spm-ootb\CuramSDEJ\lib\jde-commons.jar
C:\dev\repositories\bdm-curam-spm-ootb\CuramCDEJ\lib\curam\web\jscript\SPMUIComponents\buildInfo.txt
C:\dev\repositories\bdm-curam-spm-ootb\CuramCDEJ\lib\curam\web\jscript\curam\application\nls\AccordionContainer.js
C:\dev\repositories\bdm-curam-spm-ootb\CuramCDEJ\lib\curam\web\jscript\cdej.js
C:\dev\repositories\bdm-curam-spm-ootb\CuramCDEJ\lib\curam\jar\commons-testing.jar
C:\dev\repositories\bdm-curam-spm-ootb\CuramCDEJ\lib\curam\web\themes\v6\css\v6_common.css
C:\dev\repositories\bdm-curam-spm-ootb\CuramCDEJ\lib\curam\jar\security-inf.jar
C:\dev\repositories\bdm-curam-spm-ootb\CuramCDEJ\doc\JavaScript\symbols\curam.dcl.html
C:\dev\repositories\bdm-curam-spm-ootb\CuramCDEJ\doc\JavaScript\source\cdsl.js.uncompressed.js
C:\dev\repositories\bdm-curam-spm-ootb\CuramCDEJ\lib\curam\web\jscript\curam\layout\resources\CuramAccordionButton.html
C:\dev\repositories\bdm-curam-spm-ootb\CuramCDEJ\lib\curam\jar\helptools.jar
C:\dev\repositories\bdm-curam-spm-ootb\CuramCDEJ\doc\JavaScript\symbols\curam.widget.ProgressSpinner.html
C:\dev\repositories\bdm-curam-spm-ootb\CuramCDEJ\lib\curam\web\jscript\cdsl.js
C:\dev\repositories\bdm-curam-spm-ootb\CuramCDEJ\lib\curam\web\jscript\dojo-ibm-V1.10.5.zip
C:\dev\repositories\bdm-curam-spm-ootb\CuramCDEJ\lib\curam\jar\client-persistence.jar
C:\dev\repositories\bdm-curam-spm-ootb\CuramCDEJ\lib\curam\web\themes\curam_rtl\css\curam_page_title_bar_rtl.css
C:\dev\repositories\bdm-curam-spm-ootb\CuramCDEJ\lib\curam\web\jscript\curam-ext-app.js
C:\dev\repositories\bdm-curam-spm-ootb\CuramCDEJ\doc\JavaScript\files.html
C:\dev\repositories\bdm-curam-spm-ootb\CuramCDEJ\lib\curam\jar\general-plug-ins.jar
C:\dev\repositories\bdm-curam-spm-ootb\CuramCDEJ\doc\JavaScript\symbols\curam.util.Navigation.html
C:\dev\repositories\bdm-curam-spm-ootb\CuramCDEJ\lib\curam\web\jscript\SPMUIComponents\spm-uicomponents-charts.chunk.js
C:\dev\repositories\bdm-curam-spm-ootb\CuramCDEJ\lib\curam\web\jscript\SPMUIComponents\spm-uicomponents-vendors~activity-view~ccv.chunk.js
C:\dev\repositories\bdm-curam-spm-ootb\CuramCDEJ\doc\JavaScript\symbols\curam.util.UimDialog.html
C:\dev\repositories\bdm-curam-spm-ootb\CuramCDEJ\lib\curam\jar\omega3-commons.jar
C:\dev\repositories\bdm-curam-spm-ootb\CuramCDEJ\lib\curam\jar\renderer-model.jar
C:\dev\repositories\bdm-curam-spm-ootb\CuramCDEJ\lib\curam\web\themes\v6_rtl\css\application_rtl.css
C:\dev\repositories\bdm-curam-spm-ootb\CuramCDEJ\lib\curam\jar\j2arkdepend.jar
C:\dev\repositories\bdm-curam-spm-ootb\CuramCDEJ\doc\JavaScript\symbols\curam.util.Request.html
C:\dev\repositories\bdm-curam-spm-ootb\CuramCDEJ\bin\components\build-javascript.xml
C:\dev\repositories\bdm-curam-spm-ootb\CuramCDEJ\lib\curam\web\jscript\curam\application\nls\en-ie\AccordionContainer.js
C:\dev\repositories\bdm-curam-spm-ootb\CuramCDEJ\lib\curam\jar\jde-commons.jar
C:\dev\repositories\bdm-curam-spm-ootb\CuramCDEJ\lib\curam\jar\renderer-plug-ins.jar
C:\dev\repositories\bdm-curam-spm-ootb\CuramCDEJ\doc\JavaScript\symbols\curam.util.ui.AppExitConditionHandler.html
C:\dev\repositories\bdm-curam-spm-ootb\CuramCDEJ\lib\curam\web\jscript\curam\layout\AccordionContainer.js
C:\dev\repositories\bdm-curam-spm-ootb\CuramCDEJ\lib\curam\web\themes\previews\css\v6_main.css
C:\dev\repositories\bdm-curam-spm-ootb\CuramCDEJ\doc\JavaScript\symbols\curam.util.Dialog.html
C:\dev\repositories\bdm-curam-spm-ootb\CuramCDEJ\doc\JavaScript\source\cdej.js.uncompressed.js
C:\dev\repositories\bdm-curam-spm-ootb\CuramCDEJ\lib\curam\web\WEB-INF\curam.tld
C:\dev\repositories\bdm-curam-spm-ootb\CuramCDEJ\lib\curam\web\jscript\SPMUIComponents\spm-uicomponents-ccv.chunk.js
C:\dev\repositories\bdm-curam-spm-ootb\CuramCDEJ\doc\JavaScript\symbols\curam.util.ui.Application.html
C:\dev\repositories\bdm-curam-spm-ootb\CuramCDEJ\lib\curam\web\jscript\SPMUIComponents\spm-uicomponents-activity-view.chunk.js
C:\dev\repositories\bdm-curam-spm-ootb\CuramCDEJ\lib\curam\web\jscript\curam\widget\ProgressSpinner.js
C:\dev\repositories\bdm-curam-spm-ootb\CuramCDEJ\doc\JavaScript\symbols\curam.util.DialogObject.html
C:\dev\repositories\bdm-curam-spm-ootb\CuramCDEJ\lib\curam\web\jscript\curam\smartPanel.js
C:\dev\repositories\bdm-curam-spm-ootb\CuramCDEJ\lib\curam\web\jscript\curam\util.js
C:\dev\repositories\bdm-curam-spm-ootb\CuramCDEJ\lib\curam\xml\xsl\calendar\view-day.xsl
C:\dev\repositories\bdm-curam-spm-ootb\CuramCDEJ\doc\JavaScript\source\cdej-ua-ieg.js.uncompressed.js
C:\dev\repositories\bdm-curam-spm-ootb\CuramCDEJ\lib\curam\xml\xsl\payment-statement\payment-statement.xsl
C:\dev\repositories\bdm-curam-spm-ootb\CuramCDEJ\lib\curam\jar\log4j2-config.jar
C:\dev\repositories\bdm-curam-spm-ootb\CuramCDEJ\lib\curam\web\jscript\SPMUIComponents\spm-uicomponents-vendor.chunk.js
C:\dev\repositories\bdm-curam-spm-ootb\CuramCDEJ\lib\curam\web\jscript\cdej-main.js
C:\dev\repositories\bdm-curam-spm-ootb\CuramCDEJ\lib\curam\xml\xsl\rates\rates-table.xsl
C:\dev\repositories\bdm-curam-spm-ootb\CuramCDEJ\doc\defaultproperties\curam\omega3\i18n\AccordionContainer.js.properties
C:\dev\repositories\bdm-curam-spm-ootb\CuramCDEJ\lib\curam\jar\omega3-coreInf.jar
C:\dev\repositories\bdm-curam-spm-ootb\CuramCDEJ\lib\curam\web\jscript\SPMUIComponents\spm-uicomponents-case-overview.chunk.js
C:\dev\repositories\bdm-curam-spm-ootb\CuramCDEJ\doc\defaultproperties\curam\omega3\i18n\CDEJResources.properties
C:\dev\repositories\bdm-curam-spm-ootb\CuramCDEJ\lib\curam\web\jscript\curam\layout\ExpandoPane.js
C:\dev\repositories\bdm-curam-spm-ootb\CuramCDEJ\lib\curam\web\jscript\curam\application\nls\en-us\AccordionContainer.js
C:\dev\repositories\bdm-curam-spm-ootb\CuramCDEJ\lib\curam\web\jscript\SPMUIComponents\spm-uicomponents-case-overview-apollo-client.chunk.js
C:\dev\repositories\bdm-curam-spm-ootb\CuramCDEJ\lib\curam\web\jscript\curam\ui\UIController.js
C:\dev\repositories\bdm-curam-spm-ootb\CuramCDEJ\lib\curam\web\jscript\curam\modal\CuramCarbonModal.js
C:\dev\repositories\bdm-curam-spm-ootb\CuramCDEJ\lib\curam\web\jscript\SPMUIComponents\spm-uicomponents-main.bundle.js
C:\dev\repositories\bdm-curam-spm-ootb\CuramCDEJ\doc\JavaScript\symbols\_global_.html
C:\dev\repositories\bdm-curam-spm-ootb\CuramCDEJ\lib\curam\jar\plug-in-core-test-classes.jar
C:\dev\repositories\bdm-curam-spm-ootb\CuramCDEJ\lib\curam\jar\omega3-generator.jar
C:\dev\repositories\bdm-curam-spm-ootb\CuramCDEJ\lib\curam\web\jscript\curam\application\nls\en-gb\AccordionContainer.js
C:\dev\repositories\bdm-curam-spm-ootb\CuramCDEJ\doc\JavaScript\source\curam-ext-app.js.uncompressed.js
C:\dev\repositories\bdm-curam-spm-ootb\CuramCDEJ\doc\defaultproperties\curam\omega3\ApplicationConfiguration.properties
C:\dev\repositories\bdm-curam-spm-ootb\CuramCDEJ\lib\curam\web\themes\v6\css\application.css
C:\dev\repositories\bdm-curam-spm-ootb\CuramCDEJ\lib\curam\jar\cdsl.jar
C:\dev\repositories\bdm-curam-spm-ootb\CuramCDEJ\lib\curam\web\jscript\curam\modal\CuramBaseModal.js
C:\dev\repositories\bdm-curam-spm-ootb\CuramCDEJ\doc\javadoc.zip
C:\dev\repositories\bdm-curam-spm-ootb\CuramCDEJ\lib\curam\jar\renderer-plug-ins-test-classes.jar
C:\dev\repositories\bdm-curam-spm-ootb\CuramCDEJ\lib\curam\xml\xsl\jsp\gen-jsp-carbon.xsl
C:\dev\repositories\bdm-curam-spm-ootb\CuramCDEJ\lib\curam\web\jscript\cdej-ua-ieg.js
C:\dev\repositories\bdm-curam-spm-ootb\CuramCDEJ\doc\JavaScript\symbols\curam.util.ResourceBundle.html
C:\dev\repositories\bdm-curam-spm-ootb\CuramCDEJ\lib\curam\web\jscript\curam\application\nls\en\AccordionContainer.js
C:\dev\repositories\bdm-curam-spm-ootb\CuramCDEJ\lib\curam\web\themes\curam\css\curam_shortcuts_panel_and_smart_panel.css
C:\dev\repositories\bdm-curam-spm-ootb\CuramCDEJ\lib\curam\jar\plug-in-framework.jar
C:\dev\repositories\bdm-curam-spm-ootb\CuramCDEJ\doc\JavaScript\symbols\curam.util.Dropdown.html
C:\dev\repositories\bdm-curam-spm-ootb\CuramCDEJ\lib\curam\web\themes\curam\css\curam_page_title_bar.css
C:\dev\repositories\bdm-curam-spm-ootb\CuramCDEJ\doc\JavaScript\source\cdej-main.js.uncompressed.js
C:\dev\repositories\bdm-curam-spm-ootb\CuramCDEJ\lib\curam\jar\plug-in-core.jar
C:\dev\repositories\bdm-curam-spm-ootb\CuramCDEJ\lib\curam\web\themes\curam\css\curam_application_banner.css
C:\dev\repositories\bdm-curam-spm-ootb\CuramCDEJ\lib\curam\xml\xsl\jsp\gen-jsp-external.xsl
C:\dev\repositories\bdm-curam-spm-ootb\CuramCDEJ\doc\JavaScript\symbols\curam.util.DataServiceAPI.html
C:\dev\repositories\bdm-curam-spm-ootb\CuramCDEJ\doc\JavaScript\index.html
C:\dev\repositories\bdm-curam-spm-ootb\CuramCDEJ\lib\curam\installers\IBMCuramWordIntegrationAssistant.msi
C:\dev\repositories\bdm-curam-spm-ootb\CuramCDEJ\lib\curam\jar\texthelper.jar
C:\dev\repositories\bdm-curam-spm-ootb\CuramCDEJ\lib\curam\web\jscript\SPMUIComponents\spm-uicomponents-carbon-addons.chunk.js
C:\dev\repositories\bdm-curam-spm-ootb\CuramCDEJ\lib\curam\web\jscript\curam\tab\TabSessionManager.js
C:\dev\repositories\bdm-curam-spm-ootb\EJBServer\components\AdvancedEvidenceSharing\lib\AdvancedEvidenceSharing.jar
C:\dev\repositories\bdm-curam-spm-ootb\EJBServer\components\AdvancedEvidenceSharing\properties\Application.prx
C:\dev\repositories\bdm-curam-spm-ootb\webclient\components\AdvancedEvidenceSharing\WebContent\WEB-INF\lib\2_AdvancedEvidenceSharing_struct.jar
C:\dev\repositories\bdm-curam-spm-ootb\webclient\components\AdvancedEvidenceSharing\WebContent\WEB-INF\lib\AdvancedEvidenceSharing_javasource.jar
C:\dev\repositories\bdm-curam-spm-ootb\EJBServer\components\AdvancedEvidenceSharing\doc\api.zip
C:\dev\repositories\bdm-curam-spm-ootb\EJBServer\components\Advisor\doc\api.zip
C:\dev\repositories\bdm-curam-spm-ootb\webclient\components\Advisor\WebContent\WEB-INF\lib\2_Advisor_struct.jar
C:\dev\repositories\bdm-curam-spm-ootb\EJBServer\components\Advisor\lib\Advisor.jar
C:\dev\repositories\bdm-curam-spm-ootb\EJBServer\components\CEFWidgets\lib\CEFWidgets.jar
C:\dev\repositories\bdm-curam-spm-ootb\webclient\components\CEFWidgets\WebContent\WEB-INF\lib\2_CEFWidgets_struct.jar
C:\dev\repositories\bdm-curam-spm-ootb\webclient\components\CEFWidgets\WebContent\WEB-INF\lib\CEFWidgets_javasource.jar
C:\dev\repositories\bdm-curam-spm-ootb\EJBServer\components\CEFWidgets\doc\api.zip
C:\dev\repositories\bdm-curam-spm-ootb\webclient\components\CMIS\WebContent\WEB-INF\lib\2_CMIS_struct.jar
C:\dev\repositories\bdm-curam-spm-ootb\EJBServer\components\CMIS\lib\CMIS.jar
C:\dev\repositories\bdm-curam-spm-ootb\EJBServer\components\CMIS\codetable\CT_SystemServiceName.ctx
C:\dev\repositories\bdm-curam-spm-ootb\EJBServer\components\CMIS\message\BpoCMISAccess.xml
C:\dev\repositories\bdm-curam-spm-ootb\EJBServer\components\CMIS\codetable\CT_CMISBindingType.ctx
C:\dev\repositories\bdm-curam-spm-ootb\EJBServer\components\CMIS\message\TargetSystemService.xml
C:\dev\repositories\bdm-curam-spm-ootb\EJBServer\components\CMIS\data\initial\VALIDATIONCONFIGURATION.dmx
C:\dev\repositories\bdm-curam-spm-ootb\EJBServer\components\CMISInfrastructure\lib\chemistry-opencmis-commons-api-0.9.0.jar
C:\dev\repositories\bdm-curam-spm-ootb\EJBServer\components\CMISInfrastructure\lib\chemistry-opencmis-client-api-0.9.0.jar
C:\dev\repositories\bdm-curam-spm-ootb\EJBServer\components\CMISInfrastructure\lib\chemistry-opencmis-commons-impl-0.9.0.jar
C:\dev\repositories\bdm-curam-spm-ootb\EJBServer\components\CMISInfrastructure\lib\chemistry-opencmis-client-impl-0.9.0.jar
C:\dev\repositories\bdm-curam-spm-ootb\EJBServer\components\CMISInfrastructure\lib\chemistry-opencmis-client-bindings-0.9.0.jar
C:\dev\repositories\bdm-curam-spm-ootb\EJBServer\components\CMISInfrastructure\lib\CMISInfrastructure.jar
C:\dev\repositories\bdm-curam-spm-ootb\EJBServer\components\CTMInfrastructure\doc\api.zip
C:\dev\repositories\bdm-curam-spm-ootb\EJBServer\components\CTMInfrastructure\lib\CTMInfrastructure.jar
C:\dev\repositories\bdm-curam-spm-ootb\webclient\components\CTMInfrastructure\WebContent\WEB-INF\lib\2_CTMInfrastructure_struct.jar
C:\dev\repositories\bdm-curam-spm-ootb\EJBServer\components\CuramFinancialAdapter\lib\CuramFinancialAdapter.jar
C:\dev\repositories\bdm-curam-spm-ootb\webclient\components\CuramFinancialAdapter\WebContent\WEB-INF\lib\2_CuramFinancialAdapter_struct.jar
C:\dev\repositories\bdm-curam-spm-ootb\EJBServer\components\CuramMDAdapter\lib\CuramMDAdapter.jar
C:\dev\repositories\bdm-curam-spm-ootb\webclient\components\CuramMDAdapter\WebContent\WEB-INF\lib\2_CuramMDAdapter_struct.jar
C:\dev\repositories\bdm-curam-spm-ootb\webclient\components\Datastore\WebContent\WEB-INF\lib\Datastore_javasource.jar
C:\dev\repositories\bdm-curam-spm-ootb\EJBServer\components\Datastore\doc\api.zip
C:\dev\repositories\bdm-curam-spm-ootb\webclient\components\Datastore\WebContent\WEB-INF\lib\2_Datastore_struct.jar
C:\dev\repositories\bdm-curam-spm-ootb\EJBServer\components\Datastore\lib\Datastore.jar
C:\dev\repositories\bdm-curam-spm-ootb\EJBServer\components\DynamicEvidence\lib\DynamicEvidence.jar
C:\dev\repositories\bdm-curam-spm-ootb\webclient\components\DynamicEvidence\WebContent\WEB-INF\lib\2_DynamicEvidence_struct.jar
C:\dev\repositories\bdm-curam-spm-ootb\webclient\components\DynamicEvidence\WebContent\WEB-INF\lib\DynamicEvidence_javasource.jar
C:\dev\repositories\bdm-curam-spm-ootb\EJBServer\components\DynamicEvidence\doc\api.zip
C:\dev\repositories\bdm-curam-spm-ootb\webclient\components\Editors\WebContent\CER\CERTEditor.swf
C:\dev\repositories\bdm-curam-spm-ootb\EJBServer\components\Editors\lib\Editors.jar
C:\dev\repositories\bdm-curam-spm-ootb\webclient\components\Editors\WebContent\WEB-INF\lib\Editors_javasource.jar
C:\dev\repositories\bdm-curam-spm-ootb\webclient\components\Editors\WebContent\DecisionMatrix\DecisionMatrixEditor.swf
C:\dev\repositories\bdm-curam-spm-ootb\webclient\components\EvidenceBroker\WebContent\WEB-INF\lib\2_EvidenceBroker_struct.jar
C:\dev\repositories\bdm-curam-spm-ootb\EJBServer\components\EvidenceBroker\sample\src.zip
C:\dev\repositories\bdm-curam-spm-ootb\EJBServer\components\EvidenceBroker\sample\src.zip
C:\dev\repositories\bdm-curam-spm-ootb\EJBServer\components\EvidenceBroker\lib\EvidenceBroker.jar
C:\dev\repositories\bdm-curam-spm-ootb\EJBServer\components\EvidenceBroker\doc\api.zip
C:\dev\repositories\bdm-curam-spm-ootb\EJBServer\components\EvidenceSharing\doc\api.zip
C:\dev\repositories\bdm-curam-spm-ootb\webclient\components\EvidenceSharing\WebContent\WEB-INF\lib\2_EvidenceSharing_struct.jar
C:\dev\repositories\bdm-curam-spm-ootb\EJBServer\components\EvidenceSharing\lib\EvidenceSharing.jar
C:\dev\repositories\bdm-curam-spm-ootb\webclient\components\IntelligentEvidenceGathering\WebContent\CDEJ\jscript\dojotk\dojo\ieg-base-layer.js
C:\dev\repositories\bdm-curam-spm-ootb\webclient\components\IntelligentEvidenceGathering\WebContent\WEB-INF\lib\IntelligentEvidenceGathering_javasource.jar
C:\dev\repositories\bdm-curam-spm-ootb\webclient\components\IntelligentEvidenceGathering\WebContent\ieg\flex\DatastoreEditor.swf
C:\dev\repositories\bdm-curam-spm-ootb\webclient\components\IntelligentEvidenceGathering\WebContent\ieg\flex\IEG2Editor.swf
C:\dev\repositories\bdm-curam-spm-ootb\EJBServer\components\IntelligentEvidenceGathering\doc\api.zip
C:\dev\repositories\bdm-curam-spm-ootb\webclient\components\IntelligentEvidenceGathering\WebContent\WEB-INF\lib\2_IntelligentEvidenceGathering_struct.jar
C:\dev\repositories\bdm-curam-spm-ootb\EJBServer\components\IntelligentEvidenceGathering\lib\IntelligentEvidenceGathering.jar
C:\dev\repositories\bdm-curam-spm-ootb\EJBServer\components\PDC\doc\api.zip
C:\dev\repositories\bdm-curam-spm-ootb\EJBServer\components\PDC\lib\PDC.jar
C:\dev\repositories\bdm-curam-spm-ootb\webclient\components\PDC\WebContent\WEB-INF\lib\2_PDC_struct.jar
C:\dev\repositories\bdm-curam-spm-ootb\EJBServer\components\Rest\restlib\rest-test.jar
C:\dev\repositories\bdm-curam-spm-ootb\EJBServer\components\Rest\restlib\RESTToolkit.jar
C:\dev\repositories\bdm-curam-spm-ootb\webclient\components\SamplePublicAccess\WebContent\WEB-INF\lib\2_SamplePublicAccess_struct.jar
C:\dev\repositories\bdm-curam-spm-ootb\EJBServer\components\SamplePublicAccess\lib\SamplePublicAccess.jar
C:\dev\repositories\bdm-curam-spm-ootb\EJBServer\components\SamplePublicAccess\sample\src.zip
C:\dev\repositories\bdm-curam-spm-ootb\EJBServer\components\SamplePublicAccess\sample\src.zip
C:\dev\repositories\bdm-curam-spm-ootb\EJBServer\components\ServicePlans\sample\src.zip
C:\dev\repositories\bdm-curam-spm-ootb\EJBServer\components\ServicePlans\doc\api.zip
C:\dev\repositories\bdm-curam-spm-ootb\EJBServer\components\ServicePlans\sample\src.zip
C:\dev\repositories\bdm-curam-spm-ootb\EJBServer\components\ServicePlans\lib\ServicePlans.jar
C:\dev\repositories\bdm-curam-spm-ootb\webclient\components\ServicePlans\WebContent\WEB-INF\lib\2_ServicePlans_struct.jar
C:\dev\repositories\bdm-curam-spm-ootb\webclient\components\SmartNavigator\WebContent\WEB-INF\lib\2_SmartNavigator_struct.jar
C:\dev\repositories\bdm-curam-spm-ootb\EJBServer\components\SmartNavigator\doc\api.zip
C:\dev\repositories\bdm-curam-spm-ootb\EJBServer\components\SmartNavigator\lib\SmartNavigator.jar
C:\dev\repositories\bdm-curam-spm-ootb\EJBServer\components\SupervisorWorkspace\lib\SupervisorWorkspace.jar
C:\dev\repositories\bdm-curam-spm-ootb\webclient\components\SupervisorWorkspace\WebContent\WEB-INF\lib\2_SupervisorWorkspace_struct.jar
C:\dev\repositories\bdm-curam-spm-ootb\EJBServer\components\SupervisorWorkspace\sample\src.zip
C:\dev\repositories\bdm-curam-spm-ootb\EJBServer\components\SupervisorWorkspace\sample\src.zip
C:\dev\repositories\bdm-curam-spm-ootb\webclient\components\SupervisorWorkspace\UserSearch\Supervisor_userSearchDetails.uim
C:\dev\repositories\bdm-curam-spm-ootb\webclient\components\SupervisorWorkspace\TaskDetails\Supervisor_searchTask.uim
C:\dev\repositories\bdm-curam-spm-ootb\EJBServer\components\SupervisorWorkspace\doc\api.zip
C:\dev\repositories\bdm-curam-spm-ootb\EJBServer\components\ValidationManager\lib\ValidationManager.jar
C:\dev\repositories\bdm-curam-spm-ootb\webclient\components\ValidationManager\WebContent\WEB-INF\lib\2_ValidationManager_struct.jar
C:\dev\repositories\bdm-curam-spm-ootb\EJBServer\components\Verification\lib\Verification.jar
C:\dev\repositories\bdm-curam-spm-ootb\EJBServer\components\Verification\sample\src.zip
C:\dev\repositories\bdm-curam-spm-ootb\EJBServer\components\Verification\doc\api.zip
C:\dev\repositories\bdm-curam-spm-ootb\webclient\components\Verification\WebContent\WEB-INF\lib\2_Verification_struct.jar
C:\dev\repositories\bdm-curam-spm-ootb\EJBServer\components\Verification\sample\src.zip
C:\dev\repositories\bdm-curam-spm-ootb\EJBServer\components\Workflow\doc\api.zip
C:\dev\repositories\bdm-curam-spm-ootb\EJBServer\components\Workflow\lib\Workflow.jar
C:\dev\repositories\bdm-curam-spm-ootb\EJBServer\components\core\lib\core_graphql.jar
C:\dev\repositories\bdm-curam-spm-ootb\webclient\components\core\ExternalParty\ExternalPartyOffice\search\ExternalPartyOffice_search1.uim
C:\dev\repositories\bdm-curam-spm-ootb\webclient\components\core\Organization\UserSearch\Organization_userSearchDetailsView.vim
C:\dev\repositories\bdm-curam-spm-ootb\EJBServer\components\core\doc\api.zip
C:\dev\repositories\bdm-curam-spm-ootb\webclient\components\core\Organization\User\Organization_createUser.uim
C:\dev\repositories\bdm-curam-spm-ootb\webclient\components\core\Incident\IncidentSearch\Incident_search.uim
C:\dev\repositories\bdm-curam-spm-ootb\webclient\components\core\Participant\Search\Participant_search.uim
C:\dev\repositories\bdm-curam-spm-ootb\webclient\components\core\ServiceSupplier\ServiceSupplier_search1.uim
C:\dev\repositories\bdm-curam-spm-ootb\webclient\components\core\WebContent\WEB-INF\lib\2_core_struct.jar
C:\dev\repositories\bdm-curam-spm-ootb\webclient\components\core\Employer\Search\Employer_search1.uim
C:\dev\repositories\bdm-curam-spm-ootb\webclient\components\core\ProductProvider\Search\ProductProvider_search1.uim
C:\dev\repositories\bdm-curam-spm-ootb\webclient\components\core\ExternalParty\ExternalParty\Search\ExternalParty_search1.uim
C:\dev\repositories\bdm-curam-spm-ootb\webclient\components\core\Case\Search\Case_search1.uim
C:\dev\repositories\bdm-curam-spm-ootb\webclient\components\core\Educational Institute\EducationalInstitute_search1.uim
C:\dev\repositories\bdm-curam-spm-ootb\EJBServer\components\core\lib\core.classpathentry
C:\dev\repositories\bdm-curam-spm-ootb\EJBServer\components\core\sample\src.zip
C:\dev\repositories\bdm-curam-spm-ootb\webclient\components\core\InformationProvider\Search\InformationProvider_search1.uim
C:\dev\repositories\bdm-curam-spm-ootb\webclient\components\core\Utility\Search\Utility_search1.uim
C:\dev\repositories\bdm-curam-spm-ootb\webclient\components\core\WebContent\WEB-INF\lib\core_javasource.jar
C:\dev\repositories\bdm-curam-spm-ootb\EJBServer\components\core\lib\core.jar
C:\dev\repositories\bdm-curam-spm-ootb\EJBServer\components\core\sample\src.zip
C:\dev\repositories\bdm-curam-spm-ootb\webclient\components\core\Person\Search\Person_search1.uim
C:\dev\repositories\bdm-curam-spm-ootb\webclient\components\core\Organization\User\Organization_userCases.uim
C:\dev\repositories\bdm-curam-spm-ootb\webclient\components\core\Investigation Delivery\Search\Investigation_search.uim
C:\dev\repositories\bdm-curam-spm-ootb\EJBServer\components\sample\sample\src.zip
C:\dev\repositories\bdm-curam-spm-ootb\EJBServer\components\sample\lib\sample.jar
C:\dev\repositories\bdm-curam-spm-ootb\EJBServer\components\sample\sample\src.zip
C:\dev\repositories\bdm-curam-spm-ootb\webclient\components\sample\WebContent\WEB-INF\lib\2_sample_struct.jar
C:\dev\repositories\bdm-curam-spm-ootb\EJBServer\components\PCR\lib\PCR.jar
C:\dev\repositories\bdm-curam-spm-ootb\EJBServer\components\PCR\doc\api.zip
C:\dev\repositories\bdm-curam-spm-ootb\webclient\components\PCR\WebContent\WEB-INF\lib\2_PCR_struct.jar
C:\dev\repositories\bdm-curam-spm-ootb\EJBServer\components\CREOLEProgramRecommendation\lib\CREOLEProgramRecommendation.jar
C:\dev\repositories\bdm-curam-spm-ootb\webclient\components\CREOLEProgramRecommendation\WebContent\WEB-INF\lib\2_CREOLEProgramRecommendation_struct.jar
C:\dev\repositories\bdm-curam-spm-ootb\EJBServer\components\CREOLEProgramRecommendation\doc\api.zip
C:\dev\repositories\bdm-curam-spm-ootb\webclient\components\CREOLEProgramRecommendation\WebContent\WEB-INF\lib\CREOLEProgramRecommendation_javasource.jar
C:\dev\repositories\bdm-curam-spm-ootb\EJBServer\components\CitizenContextViewer\lib\CitizenContextViewer.jar
C:\dev\repositories\bdm-curam-spm-ootb\EJBServer\components\CitizenContextViewer\doc\api.zip
C:\dev\repositories\bdm-curam-spm-ootb\webclient\components\CitizenContextViewer\WebContent\WEB-INF\lib\2_CitizenContextViewer_struct.jar
C:\dev\repositories\bdm-curam-spm-ootb\webclient\components\CitizenWorkspaceAdmin\WebContent\WEB-INF\lib\2_CitizenWorkspaceAdmin_struct.jar
C:\dev\repositories\bdm-curam-spm-ootb\webclient\components\CitizenWorkspaceAdmin\WebContent\WEB-INF\lib\CitizenWorkspaceAdmin_javasource.jar
C:\dev\repositories\bdm-curam-spm-ootb\EJBServer\components\CitizenWorkspaceAdmin\lib\CitizenWorkspaceAdmin.jar
C:\dev\repositories\bdm-curam-spm-ootb\EJBServer\components\CitizenWorkspaceAdmin\doc\api.zip
C:\dev\repositories\bdm-curam-spm-ootb\EJBServer\components\CommonIntake\lib\CommonIntake.jar
C:\dev\repositories\bdm-curam-spm-ootb\EJBServer\components\CommonIntake\doc\api.zip
C:\dev\repositories\bdm-curam-spm-ootb\webclient\components\CommonIntake\WebContent\WEB-INF\lib\2_CommonIntake_struct.jar
C:\dev\repositories\bdm-curam-spm-ootb\webclient\components\DecisionAssist\WebContent\WEB-INF\lib\2_DecisionAssist_struct.jar
C:\dev\repositories\bdm-curam-spm-ootb\EJBServer\components\DecisionAssist\doc\api.zip
C:\dev\repositories\bdm-curam-spm-ootb\EJBServer\components\DecisionAssist\lib\DecisionAssist.jar
C:\dev\repositories\bdm-curam-spm-ootb\webclient\components\FundPM\WebContent\WEB-INF\lib\2_FundPM_struct.jar
C:\dev\repositories\bdm-curam-spm-ootb\EJBServer\components\FundPM\lib\FundPM.jar
C:\dev\repositories\bdm-curam-spm-ootb\EJBServer\components\FundPM\doc\api.zip
C:\dev\repositories\bdm-curam-spm-ootb\webclient\components\Intake\WebContent\WEB-INF\lib\Intake_javasource.jar
C:\dev\repositories\bdm-curam-spm-ootb\EJBServer\components\Intake\lib\Intake.jar
C:\dev\repositories\bdm-curam-spm-ootb\webclient\components\Intake\WebContent\WEB-INF\lib\2_Intake_struct.jar
C:\dev\repositories\bdm-curam-spm-ootb\EJBServer\components\Intake\doc\api.zip
C:\dev\repositories\bdm-curam-spm-ootb\EJBServer\components\Intake\data\initial\blob\QuickNotesRenderer.properties
C:\dev\repositories\bdm-curam-spm-ootb\webclient\components\ReferralsLite\WebContent\WEB-INF\lib\2_ReferralsLite_struct.jar
C:\dev\repositories\bdm-curam-spm-ootb\EJBServer\components\ReferralsLite\lib\ReferralsLite.jar
C:\dev\repositories\bdm-curam-spm-ootb\EJBServer\components\ReferralsLite\doc\api.zip
C:\dev\repositories\bdm-curam-spm-ootb\webclient\components\SummaryViews\WebContent\WEB-INF\lib\2_SummaryViews_struct.jar
C:\dev\repositories\bdm-curam-spm-ootb\webclient\components\SummaryViews\WebContent\WEB-INF\lib\SummaryViews_javasource.jar
C:\dev\repositories\bdm-curam-spm-ootb\EJBServer\components\SummaryViews\doc\api.zip
C:\dev\repositories\bdm-curam-spm-ootb\EJBServer\components\SummaryViews\lib\SummaryViews.jar
C:\dev\repositories\bdm-curam-spm-ootb\EJBServer\components\WorkspaceServices\doc\api.zip
C:\dev\repositories\bdm-curam-spm-ootb\webclient\components\WorkspaceServices\WebContent\WEB-INF\lib\2_WorkspaceServices_struct.jar
C:\dev\repositories\bdm-curam-spm-ootb\webclient\components\WorkspaceServices\WebContent\WEB-INF\lib\WorkspaceServices_javasource.jar
C:\dev\repositories\bdm-curam-spm-ootb\EJBServer\components\WorkspaceServices\lib\WorkspaceServices.jar
C:\dev\repositories\bdm-curam-spm-ootb\EJBServer\components\WorkspaceServices\lib\WorkspaceServices_webservices.jar
C:\dev\repositories\bdm-curam-spm-ootb\EJBServer\components\WorkspaceServices\properties\Application.prx
C:\dev\repositories\bdm-curam-spm-ootb\webclient\components\IEGAdmin\WebContent\WEB-INF\lib\IEGAdmin_javasource.jar
C:\dev\repositories\bdm-curam-spm-ootb\Doc\IBM_Curam\WorkflowDocumentation\html\batch-ISPDetermineEligibility-assessBenefitCase.html
C:\dev\repositories\bdm-curam-spm-ootb\Doc\IBM_Curam\WorkflowDocumentation\html\method-Evidence.transferEvidence1.html
C:\dev\repositories\bdm-curam-spm-ootb\Doc\IBM_Curam\WorkflowDocumentation\html\cls-TemporaryRelease.html
C:\dev\repositories\bdm-curam-spm-ootb\Doc\IBM_Curam\WorkflowDocumentation\html\cls-UtilizationContract.html
C:\dev\repositories\bdm-curam-spm-ootb\Doc\IBM_Curam\WorkflowDocumentation\html\method-WCOSPGDelivery.suspend.html
C:\dev\repositories\bdm-curam-spm-ootb\Doc\IBM_Curam\WorkflowDocumentation\html\cls-WCOServicePlanDelivery.html
C:\dev\repositories\bdm-curam-spm-ootb\Doc\IBM_Curam\WorkflowDocumentation\html\batch-ScanAutoReassignableCaseRedirections-autoReassignCasessBack.html
C:\dev\repositories\bdm-curam-spm-ootb\Doc\IBM_Curam\WorkflowDocumentation\html\cls-ISPProductDelivery.html
C:\dev\repositories\bdm-curam-spm-ootb\Doc\IBM_Curam\WorkflowDocumentation\html\cls-DOMPaymentGQL.html
C:\dev\repositories\bdm-curam-spm-ootb\Doc\IBM_Curam\WorkflowDocumentation\html\cls-VisitationLog.html
C:\dev\repositories\bdm-curam-spm-ootb\Doc\IBM_Curam\DataDictionary\index.html
C:\dev\repositories\bdm-curam-spm-ootb\Doc\IBM_Curam\WorkflowDocumentation\html\cls-MaintainProviderIncident.html
C:\dev\repositories\bdm-curam-spm-ootb\Doc\IBM_Curam\WorkflowDocumentation\html\cls-IntakeApproval.html
C:\dev\repositories\bdm-curam-spm-ootb\Doc\IBM_Curam\WorkflowDocumentation\html\method-SILICorrection.approveSILICorrection.html
C:\dev\repositories\bdm-curam-spm-ootb\Doc\IBM_Curam\WorkflowDocumentation\html\cls-Participant.html
C:\dev\repositories\bdm-curam-spm-ootb\Doc\IBM_Curam\WorkflowDocumentation\html\method-ServiceInvoice.submitSILIForProcessingInView.html
C:\dev\repositories\bdm-curam-spm-ootb\Doc\IBM_Curam\WorkflowDocumentation\html\method-ContractManagement.modifyContractProviderOfferings.html
C:\dev\repositories\bdm-curam-spm-ootb\Doc\IBM_Curam\WorkflowDocumentation\html\method-ISPSpendDown.applySpendDownNotMet.html
C:\dev\repositories\bdm-curam-spm-ootb\Doc\IBM_Curam\WorkflowDocumentation\html\method-Placement.modifyPlacementCommentsAndPeriodDetails.html
C:\dev\repositories\bdm-curam-spm-ootb\Doc\IBM_Curam\WorkflowDocumentation\html\method-ProductDelivery.approve.html
C:\dev\repositories\bdm-curam-spm-ootb\Doc\IBM_Curam\WorkflowDocumentation\html\cls-CCSMobile.html
C:\dev\repositories\bdm-curam-spm-ootb\Doc\IBM_Curam\WorkflowDocumentation\html\method-CCSChildPlacement.updatePlacement.html
C:\dev\repositories\bdm-curam-spm-ootb\Doc\IBM_Curam\WorkflowDocumentation\html\batch-WCODelayedCaseClosure-closeCase.html
C:\dev\repositories\bdm-curam-spm-ootb\Doc\IBM_Curam\WorkflowDocumentation\html\cls-YouthInterJurisdiction.html
C:\dev\repositories\bdm-curam-spm-ootb\Doc\IBM_Curam\WorkflowDocumentation\html\batch-DelayedEligibilityAssessment-reassessCase.html
C:\dev\repositories\bdm-curam-spm-ootb\Doc\IBM_Curam\erd\ERD-Evidence.pdf
C:\dev\repositories\bdm-curam-spm-ootb\Doc\IBM_Curam\RestrictedCodeTables\codetable.xml
C:\dev\repositories\bdm-curam-spm-ootb\Doc\IBM_Curam\WorkflowDocumentation\html\method-ProductDelivery.unsuspend.html
C:\dev\repositories\bdm-curam-spm-ootb\Doc\IBM_Curam\WorkflowDocumentation\html\method-MaintainServiceAuthorization.addServiceAuthorizationLineItem.html
C:\dev\repositories\bdm-curam-spm-ootb\Doc\IBM_Curam\WorkflowDocumentation\html\cls-YouthIntegratedCase.html
C:\dev\repositories\bdm-curam-spm-ootb\Doc\IBM_Curam\WorkflowDocumentation\html\cls-DeterminationWS2.html
C:\dev\repositories\bdm-curam-spm-ootb\Doc\IBM_Curam\WorkflowDocumentation\html\cls-ProviderMember.html
C:\dev\repositories\bdm-curam-spm-ootb\Doc\IBM_Curam\WorkflowDocumentation\html\method-ContractManagement.modifyContractProviderOfferingsForProviderGroupContract.html
C:\dev\repositories\bdm-curam-spm-ootb\Doc\IBM_Curam\WorkflowDocumentation\html\method-MaintainServiceOffering.modifyNameTextTranslation.html
C:\dev\repositories\bdm-curam-spm-ootb\Doc\IBM_Curam\WorkflowDocumentation\html\cls-ProviderServiceCenter.html
C:\dev\repositories\bdm-curam-spm-ootb\Doc\IBM_Curam\WorkflowDocumentation\html\cls-MaintainProvider.html
C:\dev\repositories\bdm-curam-spm-ootb\Doc\IBM_Curam\WorkflowDocumentation\html\cls-WCOSPGDelivery.html
C:\dev\repositories\bdm-curam-spm-ootb\Doc\IBM_Curam\WorkflowDocumentation\html\cls-VerificationApplication.html
C:\dev\repositories\bdm-curam-spm-ootb\Doc\IBM_Curam\WorkflowDocumentation\html\cls-CCSIntake.html
C:\dev\repositories\bdm-curam-spm-ootb\Doc\IBM_Curam\WorkflowDocumentation\html\cls-HomeVisitInterview.html
C:\dev\repositories\bdm-curam-spm-ootb\Doc\IBM_Curam\WorkflowDocumentation\html\cls-YouthPlacement.html
C:\dev\repositories\bdm-curam-spm-ootb\Doc\IBM_Curam\WorkflowDocumentation\html\index.html
C:\dev\repositories\bdm-curam-spm-ootb\Doc\IBM_Curam\WorkflowDocumentation\html\cls-CFSSCaseReopen.html
C:\dev\repositories\bdm-curam-spm-ootb\Doc\IBM_Curam\WorkflowDocumentation\html\cls-IntakeParticipantRegistration.html
C:\dev\repositories\bdm-curam-spm-ootb\Doc\IBM_Curam\WorkflowDocumentation\html\cls-ChildServicesSDMAssessment.html
C:\dev\repositories\bdm-curam-spm-ootb\Doc\IBM_Curam\WorkflowDocumentation\html\batch-GenerateRosters-generateRosters.html
C:\dev\repositories\bdm-curam-spm-ootb\Doc\IBM_Curam\WorkflowDocumentation\html\cls-CFSSClientMerge.html
C:\dev\repositories\bdm-curam-spm-ootb\Doc\IBM_Curam\DataDictionary\index-message.html
C:\dev\repositories\bdm-curam-spm-ootb\Doc\IBM_Curam\WorkflowDocumentation\html\cls-WCOCaseParticipantRole.html
C:\dev\repositories\bdm-curam-spm-ootb\Doc\IBM_Curam\WorkflowDocumentation\html\cls-ApplicationHome.html
C:\dev\repositories\bdm-curam-spm-ootb\Doc\IBM_Curam\WorkflowDocumentation\html\method-ServiceOffering.modifyTrainingServiceOffering.html
C:\dev\repositories\bdm-curam-spm-ootb\Doc\IBM_Curam\WorkflowDocumentation\html\cls-Provider.html
C:\dev\repositories\bdm-curam-spm-ootb\Doc\IBM_Curam\WorkflowDocumentation\html\cls-ApplicationCase.html
C:\dev\repositories\bdm-curam-spm-ootb\Doc\IBM_Curam\WorkflowDocumentation\html\cls-CCSInvestigation.html
C:\dev\repositories\bdm-curam-spm-ootb\Doc\IBM_Curam\WorkflowDocumentation\html\cls-CCSDecision.html
C:\dev\repositories\bdm-curam-spm-ootb\Doc\IBM_Curam\WorkflowDocumentation\html\cls-ISPRetroactiveEligibility.html
C:\dev\repositories\bdm-curam-spm-ootb\Doc\IBM_Curam\WorkflowDocumentation\html\cls-CCSCaseClosure.html
C:\dev\repositories\bdm-curam-spm-ootb\Doc\IBM_Curam\WorkflowDocumentation\html\cls-SanctionAssessment.html
C:\dev\repositories\bdm-curam-spm-ootb\Doc\IBM_Curam\WorkflowDocumentation\html\cls-WCOParticipantRegistration.html
C:\dev\repositories\bdm-curam-spm-ootb\Doc\IBM_Curam\WorkflowDocumentation\html\cls-WCOCommunication.html
C:\dev\repositories\bdm-curam-spm-ootb\Doc\IBM_Curam\WorkflowDocumentation\html\cls-HCRAddMemberWizard.html
C:\dev\repositories\bdm-curam-spm-ootb\Doc\IBM_Curam\WorkflowDocumentation\html\method-Financial.invalidateCanceledPayment.html
C:\dev\repositories\bdm-curam-spm-ootb\Doc\IBM_Curam\WorkflowDocumentation\html\method-InvestigationDelivery.close.html
C:\dev\repositories\bdm-curam-spm-ootb\Doc\IBM_Curam\WorkflowDocumentation\html\cls-ISAddMemberWizard.html
C:\dev\repositories\bdm-curam-spm-ootb\Doc\IBM_Curam\WorkflowDocumentation\html\cls-Appeal.html
C:\dev\repositories\bdm-curam-spm-ootb\Doc\IBM_Curam\WorkflowDocumentation\html\method-YouthPlacement.createPlacementFromCase.html
C:\dev\repositories\bdm-curam-spm-ootb\Doc\IBM_Curam\WorkflowDocumentation\html\batch-ISPRouteProductDeliveryApproval-routedSubmitForApproval.html
C:\dev\repositories\bdm-curam-spm-ootb\Doc\IBM_Curam\WorkflowDocumentation\html\cls-ChildWelfareSafetyAssessmentAPI.html
C:\dev\repositories\bdm-curam-spm-ootb\Doc\IBM_Curam\WorkflowDocumentation\html\cls-MaintainOutcomePlan.html
C:\dev\repositories\bdm-curam-spm-ootb\Doc\IBM_Curam\WorkflowDocumentation\html\cls-MaintainServiceAuthorization.html
C:\dev\repositories\bdm-curam-spm-ootb\Doc\IBM_Curam\WorkflowDocumentation\html\method-ISPSpendDown.applyMultiplePeriods.html
C:\dev\repositories\bdm-curam-spm-ootb\Doc\IBM_Curam\WorkflowDocumentation\html\method-ServiceOffering.createTrainingServiceOffering.html
C:\dev\repositories\bdm-curam-spm-ootb\Doc\IBM_Curam\WorkflowDocumentation\html\cls-CFSSRelationship.html
C:\dev\repositories\bdm-curam-spm-ootb\Doc\IBM_Curam\WorkflowDocumentation\html\cls-DecisionApproval.html
C:\dev\repositories\bdm-curam-spm-ootb\Doc\IBM_Curam\WorkflowDocumentation\html\method-Financial.reverseInstructionLineItem.html
C:\dev\repositories\bdm-curam-spm-ootb\Doc\IBM_Curam\WorkflowDocumentation\html\cls-IssueDelivery.html
C:\dev\repositories\bdm-curam-spm-ootb\Doc\IBM_Curam\WorkflowDocumentation\html\cls-WCOIntegratedCase.html
C:\dev\repositories\bdm-curam-spm-ootb\Doc\IBM_Curam\WorkflowDocumentation\html\batch-DeferredAnnualRenewal-completeRenewal.html
C:\dev\repositories\bdm-curam-spm-ootb\Doc\IBM_Curam\DataDictionary\codetables\ct-SystemServiceName.html
C:\dev\repositories\bdm-curam-spm-ootb\Doc\IBM_Curam\WorkflowDocumentation\html\cls-WCOPerson.html
C:\dev\repositories\bdm-curam-spm-ootb\Doc\IBM_Curam\WorkflowDocumentation\html\cls-IncomeScreening.html
C:\dev\repositories\bdm-curam-spm-ootb\Doc\IBM_Curam\erd\ERD-Reporting-ChildServicesCentral.pdf
C:\dev\repositories\bdm-curam-spm-ootb\Doc\IBM_Curam\WorkflowDocumentation\html\cls-ProviderServicePlanDelivery.html
C:\dev\repositories\bdm-curam-spm-ootb\Doc\IBM_Curam\WorkflowDocumentation\html\cls-SamplePlacement.html
C:\dev\repositories\bdm-curam-spm-ootb\Doc\IBM_Curam\WorkflowDocumentation\html\method-Financial.cancelPayment.html
C:\dev\repositories\bdm-curam-spm-ootb\Doc\IBM_Curam\WorkflowDocumentation\html\cls-ProductProvider.html
C:\dev\repositories\bdm-curam-spm-ootb\Doc\IBM_Curam\WorkflowDocumentation\html\method-UtilizationContract.createProviderGroupProviderOfferingRate.html
C:\dev\repositories\bdm-curam-spm-ootb\Doc\IBM_Curam\WorkflowDocumentation\html\method-CCSChildPlacement.capturePlacementFromWizard.html
C:\dev\repositories\bdm-curam-spm-ootb\Doc\IBM_Curam\WorkflowDocumentation\html\batch-DeferredEnrollmentEvent-processNewEnrollment.html
C:\dev\repositories\bdm-curam-spm-ootb\Doc\IBM_Curam\WorkflowDocumentation\html\cls-InterJurisdiction.html
C:\dev\repositories\bdm-curam-spm-ootb\Doc\IBM_Curam\WorkflowDocumentation\html\method-MaintainServiceOffering.modifySecurityRightsAndServiceDeliveryConfiguration.html
C:\dev\repositories\bdm-curam-spm-ootb\Doc\IBM_Curam\WorkflowDocumentation\html\method-ChildPlacement.updateOnHoldPlacements.html
C:\dev\repositories\bdm-curam-spm-ootb\Doc\IBM_Curam\WorkflowDocumentation\html\batch-ProcessManualPayment-allocateManualPmtToFC.html
C:\dev\repositories\bdm-curam-spm-ootb\Doc\IBM_Curam\WorkflowDocumentation\html\method-MaintainWaitList.assignPlace.html
C:\dev\repositories\bdm-curam-spm-ootb\Doc\IBM_Curam\WorkflowDocumentation\html\cls-PaymentAPI.html
C:\dev\repositories\bdm-curam-spm-ootb\Doc\IBM_Curam\WorkflowDocumentation\html\method-RouteProductDeliveryApproval.routedSubmitForApproval.html
C:\dev\repositories\bdm-curam-spm-ootb\Doc\IBM_Curam\WorkflowDocumentation\html\method-CaseMember.modifySanction.html
C:\dev\repositories\bdm-curam-spm-ootb\Doc\IBM_Curam\WorkflowDocumentation\html\method-MaintainServiceOffering.modifyDescriptionTextTranslation.html
C:\dev\repositories\bdm-curam-spm-ootb\Doc\IBM_Curam\WorkflowDocumentation\html\cls-ChildWelfareContactLogAPI.html
C:\dev\repositories\bdm-curam-spm-ootb\Doc\IBM_Curam\WorkflowDocumentation\html\method-Financial.cancelOrInvalidatePayment.html
C:\dev\repositories\bdm-curam-spm-ootb\Doc\IBM_Curam\WorkflowDocumentation\html\batch-ISPDelayedCaseClosure-closeCase.html
C:\dev\repositories\bdm-curam-spm-ootb\Doc\IBM_Curam\WorkflowDocumentation\html\method-SamplePlacement.updatePlacementPeriod.html
C:\dev\repositories\bdm-curam-spm-ootb\Doc\IBM_Curam\WorkflowDocumentation\html\cls-Intake.html
C:\dev\repositories\bdm-curam-spm-ootb\Doc\IBM_Curam\WorkflowDocumentation\html\method-ProcessInteractiveLiabilities.processLiabilitiesDue.html
C:\dev\repositories\bdm-curam-spm-ootb\Doc\IBM_Curam\WorkflowDocumentation\html\cls-ManageYouthVisitationPlan.html
C:\dev\repositories\bdm-curam-spm-ootb\Doc\IBM_Curam\WorkflowDocumentation\html\cls-IntakeDisposition.html
C:\dev\repositories\bdm-curam-spm-ootb\Doc\IBM_Curam\WorkflowDocumentation\html\cls-ReferralWizard.html
C:\dev\repositories\bdm-curam-spm-ootb\Doc\IBM_Curam\WorkflowDocumentation\html\method-ProviderServicePlanDelivery.addPlannedItem.html
C:\dev\repositories\bdm-curam-spm-ootb\Doc\IBM_Curam\erd\ERD-Reporting-Staging.pdf
C:\dev\repositories\bdm-curam-spm-ootb\Doc\IBM_Curam\WorkflowDocumentation\html\cls-ManageVisitationPlan.html
C:\dev\repositories\bdm-curam-spm-ootb\Doc\IBM_Curam\WorkflowDocumentation\html\method-DetermineEligibility.assessBenefitCase.html
C:\dev\repositories\bdm-curam-spm-ootb\Doc\IBM_Curam\WorkflowDocumentation\html\cls-ProviderPaymentOptions.html
C:\dev\repositories\bdm-curam-spm-ootb\Doc\IBM_Curam\WorkflowDocumentation\html\cls-ChildWelfareIntakeAssociationAPI.html
C:\dev\repositories\bdm-curam-spm-ootb\Doc\IBM_Curam\WorkflowDocumentation\html\method-WCOClaimIntegratedCase.closeClaim.html
C:\dev\repositories\bdm-curam-spm-ootb\Doc\IBM_Curam\WorkflowDocumentation\html\method-CaseMember.createSanctionOverride.html
C:\dev\repositories\bdm-curam-spm-ootb\Doc\IBM_Curam\ValidationMessages\html\index.html
C:\dev\repositories\bdm-curam-spm-ootb\Doc\IBM_Curam\WorkflowDocumentation\html\cls-Placement.html
C:\dev\repositories\bdm-curam-spm-ootb\Doc\IBM_Curam\WorkflowDocumentation\html\method-ProductDelivery.close.html
C:\dev\repositories\bdm-curam-spm-ootb\Doc\IBM_Curam\WorkflowDocumentation\html\cls-MaintainWaitList.html
C:\dev\repositories\bdm-curam-spm-ootb\Doc\IBM_Curam\WorkflowDocumentation\html\method-RoomAssignment.createEmergencyRoomAssignment.html
C:\dev\repositories\bdm-curam-spm-ootb\Doc\IBM_Curam\WorkflowDocumentation\html\method-ServiceInvoice.approveServiceInvoiceLineItem.html
C:\dev\repositories\bdm-curam-spm-ootb\Doc\IBM_Curam\WorkflowDocumentation\html\cls-IncomeSupportProduct.html
C:\dev\repositories\bdm-curam-spm-ootb\Doc\IBM_Curam\WorkflowDocumentation\html\method-CCSChildPlacement.createChildPlacement.html
C:\dev\repositories\bdm-curam-spm-ootb\Doc\IBM_Curam\WorkflowDocumentation\html\cls-ExProductDelivery.html
C:\dev\repositories\bdm-curam-spm-ootb\Doc\IBM_Curam\WorkflowDocumentation\html\cls-MaintainServiceDeliveryEvidenceLink.html
C:\dev\repositories\bdm-curam-spm-ootb\Doc\IBM_Curam\WorkflowDocumentation\html\cls-TransferApplication.html
C:\dev\repositories\bdm-curam-spm-ootb\Doc\IBM_Curam\WorkflowDocumentation\html\cls-WCOProductDeliveryTab.html
C:\dev\repositories\bdm-curam-spm-ootb\Doc\IBM_Curam\WorkflowDocumentation\html\cls-CHIPAdministration.html
C:\dev\repositories\bdm-curam-spm-ootb\Doc\IBM_Curam\WorkflowDocumentation\html\cls-CFSSContactLog.html
C:\dev\repositories\bdm-curam-spm-ootb\Doc\IBM_Curam\erd\ERD-OnlineIntake.pdf
C:\dev\repositories\bdm-curam-spm-ootb\Doc\IBM_Curam\WorkflowDocumentation\html\cls-ServicePlanDelivery.html
C:\dev\repositories\bdm-curam-spm-ootb\Doc\IBM_Curam\erd\ERD-Infrastructure.pdf
C:\dev\repositories\bdm-curam-spm-ootb\Doc\IBM_Curam\WorkflowDocumentation\html\cls-ApplicationCommunication.html
C:\dev\repositories\bdm-curam-spm-ootb\Doc\IBM_Curam\WorkflowDocumentation\html\cls-CitizenWorkspaceAdmin.html
C:\dev\repositories\bdm-curam-spm-ootb\Doc\IBM_Curam\ValidationMessages\html\cls-PaymentAPI.html
C:\dev\repositories\bdm-curam-spm-ootb\Doc\IBM_Curam\erd\ERD-Core-AbstractEntities.pdf
C:\dev\repositories\bdm-curam-spm-ootb\Doc\IBM_Curam\WorkflowDocumentation\html\cls-WCOClaimEmployment.html
C:\dev\repositories\bdm-curam-spm-ootb\Doc\IBM_Curam\WorkflowDocumentation\html\cls-HearingInterpreter.html
C:\dev\repositories\bdm-curam-spm-ootb\Doc\IBM_Curam\WorkflowDocumentation\html\method-MaintainServiceAuthorization.triggerReassessment.html
C:\dev\repositories\bdm-curam-spm-ootb\Doc\IBM_Curam\ValidationMessages\html\index-facades.html
C:\dev\repositories\bdm-curam-spm-ootb\Doc\IBM_Curam\WorkflowDocumentation\html\cls-InformationProvider.html
C:\dev\repositories\bdm-curam-spm-ootb\Doc\IBM_Curam\WorkflowDocumentation\html\method-CCSAdoptionSubsidy.close.html
C:\dev\repositories\bdm-curam-spm-ootb\Doc\IBM_Curam\WorkflowDocumentation\html\cls-MatchClient.html
C:\dev\repositories\bdm-curam-spm-ootb\Doc\IBM_Curam\WorkflowDocumentation\html\cls-ApplicationCaseProgram.html
C:\dev\repositories\bdm-curam-spm-ootb\Doc\IBM_Curam\WorkflowDocumentation\html\cls-FacilityRelease.html
C:\dev\repositories\bdm-curam-spm-ootb\Doc\IBM_Curam\WorkflowDocumentation\html\batch-ReassignCasesForUser-delayedReassignCasesForUser.html
C:\dev\repositories\bdm-curam-spm-ootb\Doc\IBM_Curam\WorkflowDocumentation\html\cls-HearingReview.html
C:\dev\repositories\bdm-curam-spm-ootb\Doc\IBM_Curam\erd\ERD-DecisionAssist.pdf
C:\dev\repositories\bdm-curam-spm-ootb\Doc\IBM_Curam\WorkflowDocumentation\html\cls-MaintainRoster.html
C:\dev\repositories\bdm-curam-spm-ootb\Doc\IBM_Curam\WorkflowDocumentation\html\cls-CYSLegalStatus.html
C:\dev\repositories\bdm-curam-spm-ootb\Doc\IBM_Curam\WorkflowDocumentation\html\method-Placement.resolveTransferClient.html
C:\dev\repositories\bdm-curam-spm-ootb\Doc\IBM_Curam\WorkflowDocumentation\html\cls-ProgramIntegrity.html
C:\dev\repositories\bdm-curam-spm-ootb\Doc\IBM_Curam\WorkflowDocumentation\html\batch-ProcessInteractiveLiabilities-processLiabilitiesDue.html
C:\dev\repositories\bdm-curam-spm-ootb\Doc\IBM_Curam\WorkflowDocumentation\html\method-ServiceOffering.updateServiceRate.html
C:\dev\repositories\bdm-curam-spm-ootb\Doc\IBM_Curam\WorkflowDocumentation\html\cls-CCSChildPlacement.html
C:\dev\repositories\bdm-curam-spm-ootb\Doc\IBM_Curam\WorkflowDocumentation\html\cls-CoPaymentReceipt.html
C:\dev\repositories\bdm-curam-spm-ootb\Doc\IBM_Curam\WorkflowDocumentation\html\cls-NotificationRequest.html
C:\dev\repositories\bdm-curam-spm-ootb\Doc\IBM_Curam\WorkflowDocumentation\html\method-CFSSMilestone.modifyMilestoneDelivery.html
C:\dev\repositories\bdm-curam-spm-ootb\Doc\IBM_Curam\erd\ERD-Reporting-FinancialDatamart.pdf
C:\dev\repositories\bdm-curam-spm-ootb\Doc\IBM_Curam\WorkflowDocumentation\html\cls-CCSAdoptionSubsidy.html
C:\dev\repositories\bdm-curam-spm-ootb\Doc\IBM_Curam\WorkflowDocumentation\html\method-ServiceOffering.addTrainingToServiceOffering.html
C:\dev\repositories\bdm-curam-spm-ootb\Doc\IBM_Curam\WorkflowDocumentation\html\method-CCSChildPlacement.createPlacement.html
C:\dev\repositories\bdm-curam-spm-ootb\Doc\IBM_Curam\WorkflowDocumentation\html\method-MaintainReservation.confirmReservation.html
C:\dev\repositories\bdm-curam-spm-ootb\Doc\IBM_Curam\WorkflowDocumentation\html\cls-ParticipantRegistration.html
C:\dev\repositories\bdm-curam-spm-ootb\Doc\IBM_Curam\WorkflowDocumentation\html\method-ActivateCPMLiabilityCases.approveAndActivateCPMCases.html
C:\dev\repositories\bdm-curam-spm-ootb\Doc\IBM_Curam\WorkflowDocumentation\html\method-DelayedCaseClosure.closeCase.html
C:\dev\repositories\bdm-curam-spm-ootb\Doc\IBM_Curam\erd\ERD-Reporting-IncomeSupportCentral.pdf
C:\dev\repositories\bdm-curam-spm-ootb\Doc\IBM_Curam\WorkflowDocumentation\html\method-Placement.modifyPlacementDetails.html
C:\dev\repositories\bdm-curam-spm-ootb\Doc\IBM_Curam\WorkflowDocumentation\html\cls-Agency.html
C:\dev\repositories\bdm-curam-spm-ootb\Doc\IBM_Curam\WorkflowDocumentation\html\cls-FacilityWorker.html
C:\dev\repositories\bdm-curam-spm-ootb\Doc\IBM_Curam\WorkflowDocumentation\html\cls-SocialEnterpriseFolder.html
C:\dev\repositories\bdm-curam-spm-ootb\Doc\IBM_Curam\WorkflowDocumentation\html\cls-VisitationPlan.html
C:\dev\repositories\bdm-curam-spm-ootb\Doc\IBM_Curam\DataDictionary\messages\ms-TargetSystemService.xml.html
C:\dev\repositories\bdm-curam-spm-ootb\Doc\IBM_Curam\ValidationMessages\html\cls-MaintainTargetSystemService.html
C:\dev\repositories\bdm-curam-spm-ootb\Doc\IBM_Curam\WorkflowDocumentation\html\cls-ApplicationClient.html
C:\dev\repositories\bdm-curam-spm-ootb\Doc\IBM_Curam\WorkflowDocumentation\html\cls-CaseAppealWizard.html
C:\dev\repositories\bdm-curam-spm-ootb\Doc\IBM_Curam\WorkflowDocumentation\html\cls-MaintainPRLICorrection.html
C:\dev\repositories\bdm-curam-spm-ootb\Doc\IBM_Curam\WorkflowDocumentation\html\cls-WCOEmployerLocation.html
C:\dev\repositories\bdm-curam-spm-ootb\Doc\IBM_Curam\WorkflowDocumentation\html\batch-ISPDelayedEligibilityAssessment-reassessCase.html
C:\dev\repositories\bdm-curam-spm-ootb\Doc\IBM_Curam\DataDictionary\messages\ms-BpoCMISAccess.xml.html
C:\dev\repositories\bdm-curam-spm-ootb\Doc\IBM_Curam\WorkflowDocumentation\html\cls-MaintainExternalRosterLineItem.html
C:\dev\repositories\bdm-curam-spm-ootb\Doc\IBM_Curam\WorkflowDocumentation\html\method-CCSChildPlacement.reopenLatestPlacement.html
C:\dev\repositories\bdm-curam-spm-ootb\Doc\IBM_Curam\WorkflowDocumentation\html\batch-LoadServiceSupplierReturns-loadSupplierReturns.html
C:\dev\repositories\bdm-curam-spm-ootb\Doc\IBM_Curam\WorkflowDocumentation\html\cls-SmartNavigatorAPI.html
C:\dev\repositories\bdm-curam-spm-ootb\Doc\IBM_Curam\WorkflowDocumentation\html\batch-GenerateRostersWithDate-generateRostersWithDate.html
C:\dev\repositories\bdm-curam-spm-ootb\Doc\IBM_Curam\WorkflowDocumentation\html\cls-CREOLEProgramRecommendation.html
C:\dev\repositories\bdm-curam-spm-ootb\Doc\IBM_Curam\WorkflowDocumentation\html\method-SamplePlacement.transferPlacementToAnotherCase.html
C:\dev\repositories\bdm-curam-spm-ootb\Doc\IBM_Curam\WorkflowDocumentation\html\method-TransferApplication.transferApplicationToExistingCase.html
C:\dev\repositories\bdm-curam-spm-ootb\Doc\IBM_Curam\WorkflowDocumentation\html\cls-PDCIntegratedCase.html
C:\dev\repositories\bdm-curam-spm-ootb\Doc\IBM_Curam\WorkflowDocumentation\html\method-MaintainReservation.confirmCancelExistingReservationForAnyClient.html
C:\dev\repositories\bdm-curam-spm-ootb\Doc\IBM_Curam\WorkflowDocumentation\html\cls-Screening.html
C:\dev\repositories\bdm-curam-spm-ootb\Doc\IBM_Curam\WorkflowDocumentation\html\cls-WSPlanItemStore.html
C:\dev\repositories\bdm-curam-spm-ootb\Doc\IBM_Curam\WorkflowDocumentation\html\cls-CFSSServices.html
C:\dev\repositories\bdm-curam-spm-ootb\Doc\IBM_Curam\WorkflowDocumentation\html\method-CCSChildPlacement.modifyPlacement.html
C:\dev\repositories\bdm-curam-spm-ootb\Doc\IBM_Curam\WorkflowDocumentation\html\method-ServiceOffering.updateServiceOffering.html
C:\dev\repositories\bdm-curam-spm-ootb\Doc\IBM_Curam\erd\ERD-Reporting-CaseDatamart.pdf
C:\dev\repositories\bdm-curam-spm-ootb\Doc\IBM_Curam\WorkflowDocumentation\html\cls-YouthRelease.html
C:\dev\repositories\bdm-curam-spm-ootb\Doc\IBM_Curam\WorkflowDocumentation\html\cls-ServiceOffering.html
C:\dev\repositories\bdm-curam-spm-ootb\Doc\IBM_Curam\WorkflowDocumentation\html\method-MaintainSampleReservation.confirmReservation.html
C:\dev\repositories\bdm-curam-spm-ootb\Doc\IBM_Curam\WorkflowDocumentation\html\cls-AssessmentCase.html
C:\dev\repositories\bdm-curam-spm-ootb\Doc\IBM_Curam\WorkflowDocumentation\html\cls-ServiceSupplier.html
C:\dev\repositories\bdm-curam-spm-ootb\Doc\IBM_Curam\WorkflowDocumentation\html\cls-LegalOrder.html
C:\dev\repositories\bdm-curam-spm-ootb\Doc\IBM_Curam\WorkflowDocumentation\html\cls-WCOProspectEmployerWithNewData.html
C:\dev\repositories\bdm-curam-spm-ootb\Doc\IBM_Curam\erd\ERD-CaseandParticipantIndex.pdf
C:\dev\repositories\bdm-curam-spm-ootb\Doc\IBM_Curam\erd\ERD-Appeals.pdf
C:\dev\repositories\bdm-curam-spm-ootb\Doc\IBM_Curam\WorkflowDocumentation\html\method-ServiceInvoice.approveDuplicateSILI.html
C:\dev\repositories\bdm-curam-spm-ootb\Doc\IBM_Curam\WorkflowDocumentation\html\method-WCOProductDelivery.close.html
C:\dev\repositories\bdm-curam-spm-ootb\Doc\IBM_Curam\WorkflowDocumentation\workflow.xml
C:\dev\repositories\bdm-curam-spm-ootb\Doc\IBM_Curam\WorkflowDocumentation\html\cls-CFSSSocialEnterpriseFolder.html
C:\dev\repositories\bdm-curam-spm-ootb\Doc\IBM_Curam\WorkflowDocumentation\html\cls-ServiceInvoice.html
C:\dev\repositories\bdm-curam-spm-ootb\Doc\IBM_Curam\WorkflowDocumentation\html\cls-PersonRegisterWS2.html
C:\dev\repositories\bdm-curam-spm-ootb\Doc\IBM_Curam\WorkflowDocumentation\html\cls-Transportation.html
C:\dev\repositories\bdm-curam-spm-ootb\Doc\IBM_Curam\WorkflowDocumentation\html\cls-CaseMember.html
C:\dev\repositories\bdm-curam-spm-ootb\Doc\IBM_Curam\WorkflowDocumentation\html\cls-WCOClaimIntegratedCase.html
C:\dev\repositories\bdm-curam-spm-ootb\Doc\IBM_Curam\erd\ERD-YouthServices.pdf
C:\dev\repositories\bdm-curam-spm-ootb\Doc\IBM_Curam\erd\ERD-Reporting-ParticipantDatamart.pdf
C:\dev\repositories\bdm-curam-spm-ootb\Doc\IBM_Curam\WorkflowDocumentation\html\method-ProviderPaymentOptions.createProviderPaymentOptions.html
C:\dev\repositories\bdm-curam-spm-ootb\Doc\IBM_Curam\WorkflowDocumentation\html\cls-LegalHearing.html
C:\dev\repositories\bdm-curam-spm-ootb\Doc\IBM_Curam\WorkflowDocumentation\html\method-ProviderServicePlanDelivery.modifyProviderServicePlannedItem.html
C:\dev\repositories\bdm-curam-spm-ootb\Doc\IBM_Curam\WorkflowDocumentation\html\cls-MaintainProviderDeduction.html
C:\dev\repositories\bdm-curam-spm-ootb\Doc\IBM_Curam\WorkflowDocumentation\html\method-Placement.solveTransferClient.html
C:\dev\repositories\bdm-curam-spm-ootb\Doc\IBM_Curam\erd\ERD-Verification.pdf
C:\dev\repositories\bdm-curam-spm-ootb\Doc\IBM_Curam\WorkflowDocumentation\html\cls-ProductDelivery.html
C:\dev\repositories\bdm-curam-spm-ootb\Doc\IBM_Curam\erd\ERD-UniversalAccess.pdf
C:\dev\repositories\bdm-curam-spm-ootb\Doc\IBM_Curam\WorkflowDocumentation\html\cls-CFSSCase.html
C:\dev\repositories\bdm-curam-spm-ootb\Doc\IBM_Curam\WorkflowDocumentation\html\batch-DetermineEligibility-assessBenefitCase.html
C:\dev\repositories\bdm-curam-spm-ootb\Doc\IBM_Curam\WorkflowDocumentation\html\cls-AppealedCaseApproval.html
C:\dev\repositories\bdm-curam-spm-ootb\Doc\IBM_Curam\WorkflowDocumentation\html\cls-HearingTranscription.html
C:\dev\repositories\bdm-curam-spm-ootb\Doc\IBM_Curam\WorkflowDocumentation\html\method-ServiceOffering.createServiceOffering.html
C:\dev\repositories\bdm-curam-spm-ootb\Doc\IBM_Curam\WorkflowDocumentation\html\method-SamplePlacement.createPlacement.html
C:\dev\repositories\bdm-curam-spm-ootb\Doc\IBM_Curam\WorkflowDocumentation\html\cls-PDCProspectPerson.html
C:\dev\repositories\bdm-curam-spm-ootb\Doc\IBM_Curam\WorkflowDocumentation\html\cls-Activity.html
C:\dev\repositories\bdm-curam-spm-ootb\Doc\IBM_Curam\WorkflowDocumentation\html\method-ServiceInvoice.allowDuplicateServiceInvoiceLineItem.html
C:\dev\repositories\bdm-curam-spm-ootb\Doc\IBM_Curam\WorkflowDocumentation\html\cls-MotivationBuilder.html
C:\dev\repositories\bdm-curam-spm-ootb\Doc\IBM_Curam\WorkflowDocumentation\html\method-MaintainReservation.confirmUpdatedPlacement.html
C:\dev\repositories\bdm-curam-spm-ootb\Doc\IBM_Curam\WorkflowDocumentation\html\cls-CaseAudit.html
C:\dev\repositories\bdm-curam-spm-ootb\Doc\IBM_Curam\WorkflowDocumentation\html\method-CoCWorkflowHelper.activateEvidence.html
C:\dev\repositories\bdm-curam-spm-ootb\Doc\IBM_Curam\WorkflowDocumentation\html\cls-ContactLog.html
C:\dev\repositories\bdm-curam-spm-ootb\Doc\IBM_Curam\WorkflowDocumentation\html\method-Financial.cancelPaymentInstrument.html
C:\dev\repositories\bdm-curam-spm-ootb\Doc\IBM_Curam\WorkflowDocumentation\html\method-ServiceInvoice.bulkApproveServiceInvoiceLineItems.html
C:\dev\repositories\bdm-curam-spm-ootb\Doc\IBM_Curam\WorkflowDocumentation\html\method-ISPChip.unsuspend.html
C:\dev\repositories\bdm-curam-spm-ootb\Doc\IBM_Curam\DataDictionary\domains\PAYMENT_READ_ID.html
C:\dev\repositories\bdm-curam-spm-ootb\Doc\IBM_Curam\WorkflowDocumentation\html\cls-CCSManageVisitationPlan.html
C:\dev\repositories\bdm-curam-spm-ootb\Doc\IBM_Curam\erd\ERD-IncomeSupportBI.pdf
C:\dev\repositories\bdm-curam-spm-ootb\Doc\IBM_Curam\erd\ERD-Reporting-ChildServicesDatamart.pdf
C:\dev\repositories\bdm-curam-spm-ootb\Doc\IBM_Curam\WorkflowDocumentation\html\cls-WCOProspect.html
C:\dev\repositories\bdm-curam-spm-ootb\Doc\IBM_Curam\WorkflowDocumentation\html\cls-ChildWelfareInvestigationParticipantAPI.html
C:\dev\repositories\bdm-curam-spm-ootb\Doc\IBM_Curam\WorkflowDocumentation\html\method-CCSChildPlacement.storePlacementDetails.html
C:\dev\repositories\bdm-curam-spm-ootb\Doc\IBM_Curam\erd\ERD-GlobalIncomeSupport.pdf
C:\dev\repositories\bdm-curam-spm-ootb\Doc\IBM_Curam\WorkflowDocumentation\html\batch-ChildPlacement-updateOnHoldPlacements.html
C:\dev\repositories\bdm-curam-spm-ootb\Doc\IBM_Curam\WorkflowDocumentation\html\method-CCSChildPlacement.editDischargeDate.html
C:\dev\repositories\bdm-curam-spm-ootb\Doc\IBM_Curam\WorkflowDocumentation\html\cls-ExternalParty.html
C:\dev\repositories\bdm-curam-spm-ootb\Doc\IBM_Curam\WorkflowDocumentation\html\cls-WCOWorkAllocation.html
C:\dev\repositories\bdm-curam-spm-ootb\Doc\IBM_Curam\WorkflowDocumentation\html\method-UtilizationContract.createProviderOfferingRate.html
C:\dev\repositories\bdm-curam-spm-ootb\Doc\IBM_Curam\WorkflowDocumentation\html\method-ServiceInvoice.approveServiceInvoiceLineItems.html
C:\dev\repositories\bdm-curam-spm-ootb\Doc\IBM_Curam\WorkflowDocumentation\html\method-Financial.reverseFinancialInstruction.html
C:\dev\repositories\bdm-curam-spm-ootb\Doc\IBM_Curam\WorkflowDocumentation\html\method-RegenerateCaseFinancials.delayedRegeneration.html
C:\dev\repositories\bdm-curam-spm-ootb\Doc\IBM_Curam\WorkflowDocumentation\html\method-ContractManagement.activateContract.html
C:\dev\repositories\bdm-curam-spm-ootb\Doc\IBM_Curam\WorkflowDocumentation\html\cls-ChildWelfareInvestigationAllegationAPI.html
C:\dev\repositories\bdm-curam-spm-ootb\Doc\IBM_Curam\WorkflowDocumentation\html\cls-ThirdPartyRequest.html
C:\dev\repositories\bdm-curam-spm-ootb\Doc\IBM_Curam\WorkflowDocumentation\html\cls-AnnualRenewal.html
C:\dev\repositories\bdm-curam-spm-ootb\Doc\IBM_Curam\WorkflowDocumentation\html\cls-ProviderGroup.html
C:\dev\repositories\bdm-curam-spm-ootb\Doc\IBM_Curam\WorkflowDocumentation\html\cls-PaymentMessageAPI.html
C:\dev\repositories\bdm-curam-spm-ootb\Doc\IBM_Curam\WorkflowDocumentation\html\cls-Person.html
C:\dev\repositories\bdm-curam-spm-ootb\Doc\IBM_Curam\WorkflowDocumentation\html\cls-WCOProspectPerson.html
C:\dev\repositories\bdm-curam-spm-ootb\Doc\IBM_Curam\WorkflowDocumentation\html\cls-WCOLocationContact.html
C:\dev\repositories\bdm-curam-spm-ootb\Doc\IBM_Curam\WorkflowDocumentation\html\cls-WCOClaim.html
C:\dev\repositories\bdm-curam-spm-ootb\Doc\IBM_Curam\DataDictionary\index-domain.html
C:\dev\repositories\bdm-curam-spm-ootb\Doc\IBM_Curam\WorkflowDocumentation\html\cls-HCRCase.html
C:\dev\repositories\bdm-curam-spm-ootb\Doc\IBM_Curam\WorkflowDocumentation\html\cls-CCSIntegratedCase.html
C:\dev\repositories\bdm-curam-spm-ootb\Doc\IBM_Curam\WorkflowDocumentation\html\cls-CCSAllegation.html
C:\dev\repositories\bdm-curam-spm-ootb\Doc\IBM_Curam\WorkflowDocumentation\html\method-CCSChildPlacement.removePlacement.html
C:\dev\repositories\bdm-curam-spm-ootb\Doc\IBM_Curam\erd\ERD-ChildServices.pdf
C:\dev\repositories\bdm-curam-spm-ootb\Doc\IBM_Curam\WorkflowDocumentation\html\method-CCSChildPlacement.rejectPlacement.html
C:\dev\repositories\bdm-curam-spm-ootb\Doc\IBM_Curam\WorkflowDocumentation\html\cls-Financial.html
C:\dev\repositories\bdm-curam-spm-ootb\Doc\IBM_Curam\WorkflowDocumentation\html\method-MaintainWaitList.updateOverlappingPlacementPeriod.html
C:\dev\repositories\bdm-curam-spm-ootb\Doc\IBM_Curam\WorkflowDocumentation\html\cls-ProviderOffering.html
C:\dev\repositories\bdm-curam-spm-ootb\Doc\IBM_Curam\erd\ERD-Reporting-Central.pdf
C:\dev\repositories\bdm-curam-spm-ootb\Doc\IBM_Curam\erd\ERD-FamilyServicesSuite.pdf
C:\dev\repositories\bdm-curam-spm-ootb\Doc\IBM_Curam\WorkflowDocumentation\html\cls-ISPChip.html
C:\dev\repositories\bdm-curam-spm-ootb\Doc\IBM_Curam\WorkflowDocumentation\html\cls-ContractManagement.html
C:\dev\repositories\bdm-curam-spm-ootb\Doc\IBM_Curam\WorkflowDocumentation\html\cls-ApplicationVerification.html
C:\dev\repositories\bdm-curam-spm-ootb\Doc\IBM_Curam\WorkflowDocumentation\html\method-SamplePlacement.createEmergencyPlacement.html
C:\dev\repositories\bdm-curam-spm-ootb\Doc\IBM_Curam\WorkflowDocumentation\html\method-UtilizationContract.createProviderUtilizationContract.html
C:\dev\repositories\bdm-curam-spm-ootb\Doc\IBM_Curam\WorkflowDocumentation\html\method-MaintainReservation.confirmModifyPlacement.html
C:\dev\repositories\bdm-curam-spm-ootb\Doc\IBM_Curam\WorkflowDocumentation\html\method-MaintainServiceOffering.updateTrainingServiceOffering.html
C:\dev\repositories\bdm-curam-spm-ootb\Doc\IBM_Curam\erd\ERD-Reporting-IncomeSupportDatamart.pdf
C:\dev\repositories\bdm-curam-spm-ootb\Doc\IBM_Curam\DataDictionary\codetables\ct-CMISBindingType.html
C:\dev\repositories\bdm-curam-spm-ootb\Doc\IBM_Curam\DataDictionary\index-codetable.html
C:\dev\repositories\bdm-curam-spm-ootb\Doc\IBM_Curam\WorkflowDocumentation\html\cls-Evidence.html
C:\dev\repositories\bdm-curam-spm-ootb\Doc\IBM_Curam\WorkflowDocumentation\html\method-RoomAssignment.createRoomAssignment.html
C:\dev\repositories\bdm-curam-spm-ootb\Doc\IBM_Curam\erd\ERD-FundedProgramManagement.pdf
C:\dev\repositories\bdm-curam-spm-ootb\Doc\IBM_Curam\WorkflowDocumentation\html\cls-HearingSchedule.html
C:\dev\repositories\bdm-curam-spm-ootb\Doc\IBM_Curam\WorkflowDocumentation\html\method-UtilizationContract.modifyProviderGroupUtilizationContract.html
C:\dev\repositories\bdm-curam-spm-ootb\Doc\IBM_Curam\WorkflowDocumentation\html\cls-ClientContactWizard.html
C:\dev\repositories\bdm-curam-spm-ootb\Doc\IBM_Curam\WorkflowDocumentation\html\batch-ProcessChipProductDeliveryCases-process.html
C:\dev\repositories\bdm-curam-spm-ootb\Doc\IBM_Curam\WorkflowDocumentation\html\cls-MaintainPerson.html
C:\dev\repositories\bdm-curam-spm-ootb\Doc\IBM_Curam\WorkflowDocumentation\html\cls-ClaimClassifyAllocateWF.html
C:\dev\repositories\bdm-curam-spm-ootb\Doc\IBM_Curam\WorkflowDocumentation\html\method-MaintainServiceOffering.createServiceOffering.html
C:\dev\repositories\bdm-curam-spm-ootb\Doc\IBM_Curam\WorkflowDocumentation\html\method-LegalAction.closeCase.html
C:\dev\repositories\bdm-curam-spm-ootb\Doc\IBM_Curam\WorkflowDocumentation\html\cls-Organization.html
C:\dev\repositories\bdm-curam-spm-ootb\Doc\IBM_Curam\WorkflowDocumentation\html\method-ISPSpendDown.reuseProgram.html
C:\dev\repositories\bdm-curam-spm-ootb\Doc\IBM_Curam\WorkflowDocumentation\html\cls-HearingCase.html
C:\dev\repositories\bdm-curam-spm-ootb\Doc\IBM_Curam\WorkflowDocumentation\html\cls-SILICorrection.html
C:\dev\repositories\bdm-curam-spm-ootb\Doc\IBM_Curam\WorkflowDocumentation\html\method-MaintainServiceAuthorization.updateServiceAuthorizationLineItem.html
C:\dev\repositories\bdm-curam-spm-ootb\Doc\IBM_Curam\RestrictedCodeTables\html\index-codetable.html
C:\dev\repositories\bdm-curam-spm-ootb\Doc\IBM_Curam\WorkflowDocumentation\html\cls-HearingAttendee.html
C:\dev\repositories\bdm-curam-spm-ootb\Doc\IBM_Curam\WorkflowDocumentation\html\method-ActivateProviderPaymentCorrectionCases.processPaymentCorrectionCases.html
C:\dev\repositories\bdm-curam-spm-ootb\Doc\IBM_Curam\WorkflowDocumentation\html\cls-OutcomePlanReferralWizard.html
C:\dev\repositories\bdm-curam-spm-ootb\Doc\IBM_Curam\WorkflowDocumentation\html\method-ServiceInvoice.submitServiceInvoiceLineItemsForProcessing.html
C:\dev\repositories\bdm-curam-spm-ootb\Doc\IBM_Curam\WorkflowDocumentation\html\cls-IVEEligibility.html
C:\dev\repositories\bdm-curam-spm-ootb\Doc\IBM_Curam\WorkflowDocumentation\html\method-ContractManagement.renewContract.html
C:\dev\repositories\bdm-curam-spm-ootb\Doc\IBM_Curam\WorkflowDocumentation\html\batch-ISPRegenerateCaseFinancials-delayedRegeneration.html
C:\dev\repositories\bdm-curam-spm-ootb\Doc\IBM_Curam\WorkflowDocumentation\html\batch-WCODetermineEligibility-assessBenefitCase.html
C:\dev\repositories\bdm-curam-spm-ootb\Doc\IBM_Curam\WorkflowDocumentation\html\method-WCOSPGDelivery.unsuspend.html
C:\dev\repositories\bdm-curam-spm-ootb\Doc\IBM_Curam\WorkflowDocumentation\html\cls-ProgramAuthorisation.html
C:\dev\repositories\bdm-curam-spm-ootb\Doc\IBM_Curam\WorkflowDocumentation\html\method-CFSSInvestigationCase.modifyCaseClosureDetails.html
C:\dev\repositories\bdm-curam-spm-ootb\Doc\IBM_Curam\WorkflowDocumentation\html\cls-ChildWelfarePersonAPI.html
C:\dev\repositories\bdm-curam-spm-ootb\Doc\IBM_Curam\WorkflowDocumentation\html\cls-Applicant.html
C:\dev\repositories\bdm-curam-spm-ootb\Doc\IBM_Curam\WorkflowDocumentation\html\method-CCSChildPlacement.createPlacement1.html
C:\dev\repositories\bdm-curam-spm-ootb\Doc\IBM_Curam\WorkflowDocumentation\html\cls-OutcomePlanActionEvidence.html
C:\dev\repositories\bdm-curam-spm-ootb\Doc\IBM_Curam\WorkflowDocumentation\html\cls-RoomAssignment.html
C:\dev\repositories\bdm-curam-spm-ootb\Doc\IBM_Curam\WorkflowDocumentation\html\batch-ActivateProviderPaymentCorrectionCases-processPaymentCorrectionCases.html
C:\dev\repositories\bdm-curam-spm-ootb\Doc\IBM_Curam\WorkflowDocumentation\html\cls-Incidents.html
C:\dev\repositories\bdm-curam-spm-ootb\Doc\IBM_Curam\WorkflowDocumentation\html\method-ISPChip.removeBenefitGroupMember.html
C:\dev\repositories\bdm-curam-spm-ootb\Doc\IBM_Curam\WorkflowDocumentation\html\cls-IncomingEvidence.html
C:\dev\repositories\bdm-curam-spm-ootb\Doc\IBM_Curam\WorkflowDocumentation\html\method-ServiceOffering.createPaymentOptions.html
C:\dev\repositories\bdm-curam-spm-ootb\Doc\IBM_Curam\WorkflowDocumentation\html\cls-DispositionOrder.html
C:\dev\repositories\bdm-curam-spm-ootb\Doc\IBM_Curam\WorkflowDocumentation\html\method-CCSChildPlacement.createDischargeActivityDetails.html
C:\dev\repositories\bdm-curam-spm-ootb\Doc\IBM_Curam\WorkflowDocumentation\html\cls-MaintainExternalRoster.html
C:\dev\repositories\bdm-curam-spm-ootb\Doc\IBM_Curam\WorkflowDocumentation\html\cls-MAProductDelivery.html
C:\dev\repositories\bdm-curam-spm-ootb\Doc\IBM_Curam\WorkflowDocumentation\html\cls-CheckEligibility.html
C:\dev\repositories\bdm-curam-spm-ootb\Doc\IBM_Curam\WorkflowDocumentation\html\cls-WCOIntegratedCaseProduct.html
C:\dev\repositories\bdm-curam-spm-ootb\Doc\IBM_Curam\WorkflowDocumentation\html\cls-WCOProspectEmployer.html
C:\dev\repositories\bdm-curam-spm-ootb\Doc\IBM_Curam\WorkflowDocumentation\html\cls-YouthAdmission.html
C:\dev\repositories\bdm-curam-spm-ootb\Doc\IBM_Curam\WorkflowDocumentation\html\method-CCSChildPlacement.modifyPlacement1.html
C:\dev\repositories\bdm-curam-spm-ootb\Doc\IBM_Curam\WorkflowDocumentation\html\cls-ProviderFinancial.html
C:\dev\repositories\bdm-curam-spm-ootb\Doc\IBM_Curam\WorkflowDocumentation\html\method-IntegratedCase.closeCase.html
C:\dev\repositories\bdm-curam-spm-ootb\Doc\IBM_Curam\WorkflowDocumentation\html\cls-MaintainExternalPRLICorrection.html
C:\dev\repositories\bdm-curam-spm-ootb\Doc\IBM_Curam\WorkflowDocumentation\html\cls-Application.html
C:\dev\repositories\bdm-curam-spm-ootb\Doc\IBM_Curam\WorkflowDocumentation\html\cls-MaintainReservation.html
C:\dev\repositories\bdm-curam-spm-ootb\Doc\IBM_Curam\WorkflowDocumentation\html\cls-ProviderInvestigation.html
C:\dev\repositories\bdm-curam-spm-ootb\Doc\IBM_Curam\WorkflowDocumentation\html\batch-EvidenceBrokerOnlyDP-shareBulkEvidence.html
C:\dev\repositories\bdm-curam-spm-ootb\Doc\IBM_Curam\WorkflowDocumentation\html\cls-MaintainWaiverApprovalRequest.html
C:\dev\repositories\bdm-curam-spm-ootb\Doc\IBM_Curam\WorkflowDocumentation\html\method-Placement.modifyPlacementInformation.html
C:\dev\repositories\bdm-curam-spm-ootb\Doc\IBM_Curam\WorkflowDocumentation\html\cls-EVDCase.html
C:\dev\repositories\bdm-curam-spm-ootb\Doc\IBM_Curam\WorkflowDocumentation\html\cls-LiteAgencyReferral.html
C:\dev\repositories\bdm-curam-spm-ootb\Doc\IBM_Curam\WorkflowDocumentation\html\batch-FinancialProcessing-processPayments.html
C:\dev\repositories\bdm-curam-spm-ootb\Doc\IBM_Curam\WorkflowDocumentation\html\method-YouthPlacement.modifyPlacement.html
C:\dev\repositories\bdm-curam-spm-ootb\Doc\IBM_Curam\WorkflowDocumentation\html\cls-CCSIntakeParticipant.html
C:\dev\repositories\bdm-curam-spm-ootb\Doc\IBM_Curam\WorkflowDocumentation\html\method-MaintainServiceAuthorization.addSALIForSAWithFrequency.html
C:\dev\repositories\bdm-curam-spm-ootb\Doc\IBM_Curam\WorkflowDocumentation\html\method-IncomeScreening.createScreeningCase.html
C:\dev\repositories\bdm-curam-spm-ootb\Doc\IBM_Curam\WorkflowDocumentation\html\cls-LegalPetition.html
C:\dev\repositories\bdm-curam-spm-ootb\Doc\IBM_Curam\WorkflowDocumentation\html\cls-ServicePlanGroupDelivery.html
C:\dev\repositories\bdm-curam-spm-ootb\Doc\IBM_Curam\WorkflowDocumentation\html\method-Evidence.setPendingRemovalForActiveEvidence.html
C:\dev\repositories\bdm-curam-spm-ootb\Doc\IBM_Curam\WorkflowDocumentation\html\method-CaseMember.modifySanctionOverride.html
C:\dev\repositories\bdm-curam-spm-ootb\Doc\IBM_Curam\WorkflowDocumentation\html\batch-ProcessInteractivePayments-processPaymentsDue.html
C:\dev\repositories\bdm-curam-spm-ootb\Doc\IBM_Curam\WorkflowDocumentation\html\cls-IntakeInformation.html
C:\dev\repositories\bdm-curam-spm-ootb\Doc\IBM_Curam\WorkflowDocumentation\html\cls-LiteProviderReferral.html
C:\dev\repositories\bdm-curam-spm-ootb\Doc\IBM_Curam\erd\ERD-WorkersCompensation-DepreciatedEntities.pdf
C:\dev\repositories\bdm-curam-spm-ootb\Doc\IBM_Curam\WorkflowDocumentation\html\cls-AppealedCase.html
C:\dev\repositories\bdm-curam-spm-ootb\Doc\IBM_Curam\WorkflowDocumentation\html\cls-ApplicationCaseTimer.html
C:\dev\repositories\bdm-curam-spm-ootb\Doc\IBM_Curam\WorkflowDocumentation\html\cls-Case.html
C:\dev\repositories\bdm-curam-spm-ootb\Doc\IBM_Curam\WorkflowDocumentation\html\method-CCSChildPlacement.createPlacementWizard.html
C:\dev\repositories\bdm-curam-spm-ootb\Doc\IBM_Curam\WorkflowDocumentation\html\method-MaintainServiceOffering.setServiceOfferingDetails.html
C:\dev\repositories\bdm-curam-spm-ootb\Doc\IBM_Curam\WorkflowDocumentation\html\method-MaintainReservation.verifyReservation.html
C:\dev\repositories\bdm-curam-spm-ootb\Doc\IBM_Curam\WorkflowDocumentation\html\cls-MeetingMinutesWizard.html
C:\dev\repositories\bdm-curam-spm-ootb\Doc\IBM_Curam\WorkflowDocumentation\html\cls-SampleLiability.html
C:\dev\repositories\bdm-curam-spm-ootb\Doc\IBM_Curam\WorkflowDocumentation\html\cls-WCOCommonEvent.html
C:\dev\repositories\bdm-curam-spm-ootb\Doc\IBM_Curam\WorkflowDocumentation\html\method-ProviderOffering.updateProviderServiceOfferingRate.html
C:\dev\repositories\bdm-curam-spm-ootb\Doc\IBM_Curam\WorkflowDocumentation\html\method-WCOServicePlanDelivery.suspend.html
C:\dev\repositories\bdm-curam-spm-ootb\Doc\IBM_Curam\WorkflowDocumentation\html\batch-OutBoundApplicationProcessor-processOutBoundApplication.html
C:\dev\repositories\bdm-curam-spm-ootb\Doc\IBM_Curam\WorkflowDocumentation\html\cls-InvestigationDelivery.html
C:\dev\repositories\bdm-curam-spm-ootb\Doc\IBM_Curam\WorkflowDocumentation\html\method-ISPDelayedCaseClosure.closeCase.html
C:\dev\repositories\bdm-curam-spm-ootb\Doc\IBM_Curam\WorkflowDocumentation\html\cls-MaintainSampleReservation.html
C:\dev\repositories\bdm-curam-spm-ootb\Doc\IBM_Curam\erd\ERD-ProviderManagement.pdf
C:\dev\repositories\bdm-curam-spm-ootb\Doc\IBM_Curam\erd\ERD-Reporting-IncomeSupportStaging.pdf
C:\dev\repositories\bdm-curam-spm-ootb\Doc\IBM_Curam\WorkflowDocumentation\html\cls-HearingPhoneContact.html
C:\dev\repositories\bdm-curam-spm-ootb\Doc\IBM_Curam\WorkflowDocumentation\html\batch-RegenerateCaseFinancials-delayedRegeneration.html
C:\dev\repositories\bdm-curam-spm-ootb\Doc\IBM_Curam\WorkflowDocumentation\html\cls-ThirdParty.html
C:\dev\repositories\bdm-curam-spm-ootb\Doc\IBM_Curam\WorkflowDocumentation\html\method-InvestigationDelivery.close1.html
C:\dev\repositories\bdm-curam-spm-ootb\Doc\IBM_Curam\WorkflowDocumentation\html\cls-Meeting.html
C:\dev\repositories\bdm-curam-spm-ootb\Doc\IBM_Curam\WorkflowDocumentation\html\cls-Utility.html
C:\dev\repositories\bdm-curam-spm-ootb\Doc\IBM_Curam\WorkflowDocumentation\html\method-SanctionAssessment.modifySanctionOverride.html
C:\dev\repositories\bdm-curam-spm-ootb\Doc\IBM_Curam\WorkflowDocumentation\html\cls-MaintainServiceOffering.html
C:\dev\repositories\bdm-curam-spm-ootb\Doc\IBM_Curam\WorkflowDocumentation\html\method-ProcessManualPayment.allocateManualPmtToFC.html
C:\dev\repositories\bdm-curam-spm-ootb\Doc\IBM_Curam\erd\ERD-Reporting-ChildServicesStaging.pdf
C:\dev\repositories\bdm-curam-spm-ootb\Doc\IBM_Curam\WorkflowDocumentation\html\method-ProcessInteractivePayments.processPaymentsDue.html
C:\dev\repositories\bdm-curam-spm-ootb\Doc\IBM_Curam\WorkflowDocumentation\html\batch-DelayedCaseClosure-closeCase.html
C:\dev\repositories\bdm-curam-spm-ootb\Doc\IBM_Curam\WorkflowDocumentation\html\cls-WCOTaskManagement.html
C:\dev\repositories\bdm-curam-spm-ootb\Doc\IBM_Curam\WorkflowDocumentation\html\cls-MaintainSupervisorCase.html
C:\dev\repositories\bdm-curam-spm-ootb\Doc\IBM_Curam\erd\ERD-SmartNavigator.pdf
C:\dev\repositories\bdm-curam-spm-ootb\Doc\IBM_Curam\WorkflowDocumentation\html\cls-ProviderEnquiry.html
C:\dev\repositories\bdm-curam-spm-ootb\Doc\IBM_Curam\WorkflowDocumentation\html\batch-ActivateCPMLiabilityCases-approveAndActivateCPMCases.html
C:\dev\repositories\bdm-curam-spm-ootb\Doc\IBM_Curam\WorkflowDocumentation\html\cls-DisabilityBenefit.html
C:\dev\repositories\bdm-curam-spm-ootb\Doc\IBM_Curam\WorkflowDocumentation\html\cls-CCSIntakeReporter.html
C:\dev\repositories\bdm-curam-spm-ootb\Doc\IBM_Curam\WorkflowDocumentation\html\batch-DeferredManageProgramGroup-manageProgramGroup.html
C:\dev\repositories\bdm-curam-spm-ootb\Doc\IBM_Curam\WorkflowDocumentation\html\method-ServiceInvoice.submitServiceInvoiceForProcessing.html
C:\dev\repositories\bdm-curam-spm-ootb\Doc\IBM_Curam\erd\ERD-OnePageScreening.pdf
C:\dev\repositories\bdm-curam-spm-ootb\Doc\IBM_Curam\WorkflowDocumentation\html\method-MaintainServiceOffering.createTrainingServiceOffering.html
C:\dev\repositories\bdm-curam-spm-ootb\Doc\IBM_Curam\WorkflowDocumentation\html\cls-Agreement.html
C:\dev\repositories\bdm-curam-spm-ootb\Doc\IBM_Curam\WorkflowDocumentation\html\cls-PDCPerson.html
C:\dev\repositories\bdm-curam-spm-ootb\Doc\IBM_Curam\WorkflowDocumentation\html\cls-WCOEmployer.html
C:\dev\repositories\bdm-curam-spm-ootb\Doc\IBM_Curam\WorkflowDocumentation\html\cls-CasePlan.html
C:\dev\repositories\bdm-curam-spm-ootb\Doc\IBM_Curam\WorkflowDocumentation\html\cls-ProspectEmployer.html
C:\dev\repositories\bdm-curam-spm-ootb\Doc\IBM_Curam\WorkflowDocumentation\html\cls-ProviderParticipant.html
C:\dev\repositories\bdm-curam-spm-ootb\Doc\IBM_Curam\WorkflowDocumentation\html\method-YouthPlacement.createPlacement.html
C:\dev\repositories\bdm-curam-spm-ootb\Doc\IBM_Curam\WorkflowDocumentation\html\cls-MaintainPRLICorrectionClient.html
C:\dev\repositories\bdm-curam-spm-ootb\Doc\IBM_Curam\WorkflowDocumentation\html\method-DeferredEnrollmentEvent.processNewEnrollment.html
C:\dev\repositories\bdm-curam-spm-ootb\Doc\IBM_Curam\WorkflowDocumentation\html\cls-Prospect.html
C:\dev\repositories\bdm-curam-spm-ootb\Doc\IBM_Curam\WorkflowDocumentation\html\cls-MeetingMinutesManagement.html
C:\dev\repositories\bdm-curam-spm-ootb\Doc\IBM_Curam\RestrictedCodeTables\html\index.html
C:\dev\repositories\bdm-curam-spm-ootb\Doc\IBM_Curam\WorkflowDocumentation\html\method-FacilityReservation.createPlacement.html
C:\dev\repositories\bdm-curam-spm-ootb\Doc\IBM_Curam\WorkflowDocumentation\html\method-CFSSServices.submitService.html
C:\dev\repositories\bdm-curam-spm-ootb\Doc\IBM_Curam\WorkflowDocumentation\html\method-ISPRouteProductDeliveryApproval.routedSubmitForApproval.html
C:\dev\repositories\bdm-curam-spm-ootb\Doc\IBM_Curam\erd\ERD-Screening.pdf
C:\dev\repositories\bdm-curam-spm-ootb\Doc\IBM_Curam\erd\ERD-ServicePlanning.pdf
C:\dev\repositories\bdm-curam-spm-ootb\Doc\IBM_Curam\WorkflowDocumentation\html\cls-CCSAdoptionCase.html
C:\dev\repositories\bdm-curam-spm-ootb\Doc\IBM_Curam\WorkflowDocumentation\html\batch-DeferredAuthorisation-authoriseApplication.html
C:\dev\repositories\bdm-curam-spm-ootb\Doc\IBM_Curam\WorkflowDocumentation\html\method-Placement.transferClient.html
C:\dev\repositories\bdm-curam-spm-ootb\Doc\IBM_Curam\WorkflowDocumentation\html\cls-SocialEnterpriseFolderIncident.html
C:\dev\repositories\bdm-curam-spm-ootb\Doc\IBM_Curam\WorkflowDocumentation\html\cls-AppealCancellation.html
C:\dev\repositories\bdm-curam-spm-ootb\Doc\IBM_Curam\WorkflowDocumentation\html\method-CFSSServices.approveService.html
C:\dev\repositories\bdm-curam-spm-ootb\Doc\IBM_Curam\WorkflowDocumentation\html\cls-CFSSInvestigationCase.html
C:\dev\repositories\bdm-curam-spm-ootb\Doc\IBM_Curam\WorkflowDocumentation\html\method-WCOServicePlanDelivery.unsuspendPlanItem.html
C:\dev\repositories\bdm-curam-spm-ootb\Doc\IBM_Curam\erd\ERD-EvidenceBroker.pdf
C:\dev\repositories\bdm-curam-spm-ootb\Doc\IBM_Curam\WorkflowDocumentation\html\cls-ProductDeliveryTab.html
C:\dev\repositories\bdm-curam-spm-ootb\Doc\IBM_Curam\WorkflowDocumentation\html\method-ProviderOffering.createProviderServiceOfferingRate.html
C:\dev\repositories\bdm-curam-spm-ootb\Doc\IBM_Curam\WorkflowDocumentation\html\cls-WCOMaintainSupervisorOrgUnits.html
C:\dev\repositories\bdm-curam-spm-ootb\Doc\IBM_Curam\erd\ERD-WorkersCompensation.pdf
C:\dev\repositories\bdm-curam-spm-ootb\Doc\IBM_Curam\WorkflowDocumentation\html\cls-JudicialReview.html
C:\dev\repositories\bdm-curam-spm-ootb\Doc\IBM_Curam\WorkflowDocumentation\html\cls-SampleBenefit.html
C:\dev\repositories\bdm-curam-spm-ootb\Doc\IBM_Curam\WorkflowDocumentation\html\cls-WorkAllocation.html
C:\dev\repositories\bdm-curam-spm-ootb\Doc\IBM_Curam\WorkflowDocumentation\html\method-WCOServicePlanDelivery.unsuspendSubgoal.html
C:\dev\repositories\bdm-curam-spm-ootb\Doc\IBM_Curam\WorkflowDocumentation\html\cls-LegalAction.html
C:\dev\repositories\bdm-curam-spm-ootb\Doc\IBM_Curam\WorkflowDocumentation\html\cls-Representative.html
C:\dev\repositories\bdm-curam-spm-ootb\Doc\IBM_Curam\WorkflowDocumentation\html\cls-YouthOffense.html
C:\dev\repositories\bdm-curam-spm-ootb\Doc\IBM_Curam\WorkflowDocumentation\html\cls-ISPCase.html
C:\dev\repositories\bdm-curam-spm-ootb\Doc\IBM_Curam\WorkflowDocumentation\html\method-MaintainWaitList.modifyOverlappingPlacementPeriod.html
C:\dev\repositories\bdm-curam-spm-ootb\Doc\IBM_Curam\WorkflowDocumentation\html\cls-TaskManagement.html
C:\dev\repositories\bdm-curam-spm-ootb\Doc\IBM_Curam\WorkflowDocumentation\html\cls-CCSParticipant.html
C:\dev\repositories\bdm-curam-spm-ootb\Doc\IBM_Curam\WorkflowDocumentation\html\cls-CoCWorkflowHelper.html
C:\dev\repositories\bdm-curam-spm-ootb\Doc\IBM_Curam\WorkflowDocumentation\html\method-HearingAttendee.remove.html
C:\dev\repositories\bdm-curam-spm-ootb\Doc\IBM_Curam\WorkflowDocumentation\html\method-ISPRetroactiveEligibility.createPrograms.html
C:\dev\repositories\bdm-curam-spm-ootb\Doc\IBM_Curam\WorkflowDocumentation\html\cls-ClientMerge.html
C:\dev\repositories\bdm-curam-spm-ootb\Doc\IBM_Curam\WorkflowDocumentation\html\cls-OffensePetition.html
C:\dev\repositories\bdm-curam-spm-ootb\Doc\IBM_Curam\WorkflowDocumentation\html\method-SamplePlacement.deletePlacement.html
C:\dev\repositories\bdm-curam-spm-ootb\Doc\IBM_Curam\WorkflowDocumentation\html\cls-Communication.html
C:\dev\repositories\bdm-curam-spm-ootb\Doc\IBM_Curam\WorkflowDocumentation\html\batch-DeferredSubmission-deferSubmission.html
C:\dev\repositories\bdm-curam-spm-ootb\Doc\IBM_Curam\WorkflowDocumentation\html\method-ProviderPaymentOptions.updateProviderPaymentOptions.html
C:\dev\repositories\bdm-curam-spm-ootb\Doc\IBM_Curam\WorkflowDocumentation\html\method-UtilizationContract.preAmendUtilizationContract.html
C:\dev\repositories\bdm-curam-spm-ootb\Doc\IBM_Curam\WorkflowDocumentation\html\method-ISPDelayedEligibilityAssessment.reassessCase.html
C:\dev\repositories\bdm-curam-spm-ootb\Doc\IBM_Curam\WorkflowDocumentation\html\cls-ISPSpendDown.html
C:\dev\repositories\bdm-curam-spm-ootb\Doc\IBM_Curam\WorkflowDocumentation\html\method-WCOServicePlanDelivery.unsuspend.html
C:\dev\repositories\bdm-curam-spm-ootb\Doc\IBM_Curam\WorkflowDocumentation\html\method-ISPDetermineEligibility.assessBenefitCase.html
C:\dev\repositories\bdm-curam-spm-ootb\Doc\IBM_Curam\WorkflowDocumentation\html\cls-CaseHeader.html
C:\dev\repositories\bdm-curam-spm-ootb\Doc\IBM_Curam\WorkflowDocumentation\html\cls-MilestoneDelivery.html
C:\dev\repositories\bdm-curam-spm-ootb\Doc\IBM_Curam\WorkflowDocumentation\html\cls-HCRNotification.html
C:\dev\repositories\bdm-curam-spm-ootb\Doc\IBM_Curam\WorkflowDocumentation\html\cls-IntakeTimers.html
C:\dev\repositories\bdm-curam-spm-ootb\Doc\IBM_Curam\WorkflowDocumentation\html\cls-ClaimIntakeWS2.html
C:\dev\repositories\bdm-curam-spm-ootb\Doc\IBM_Curam\WorkflowDocumentation\html\cls-PaymentCorrectionCaseAdmin.html
C:\dev\repositories\bdm-curam-spm-ootb\Doc\IBM_Curam\WorkflowDocumentation\html\method-MaintainServiceOffering.setTrainingServiceOfferingDetails.html
C:\dev\repositories\bdm-curam-spm-ootb\Doc\IBM_Curam\WorkflowDocumentation\html\batch-ExpireReservation-expireReservation.html
C:\dev\repositories\bdm-curam-spm-ootb\Doc\IBM_Curam\WorkflowDocumentation\html\method-DeferredAuthorisation.authoriseApplication.html
C:\dev\repositories\bdm-curam-spm-ootb\Doc\IBM_Curam\erd\ERD-SocialEnterpriseCollaboration.pdf
C:\dev\repositories\bdm-curam-spm-ootb\Doc\IBM_Curam\erd\ERD-CommonIntake.pdf
C:\dev\repositories\bdm-curam-spm-ootb\Doc\IBM_Curam\WorkflowDocumentation\html\method-SanctionAssessment.modifySanction.html
C:\dev\repositories\bdm-curam-spm-ootb\Doc\IBM_Curam\WorkflowDocumentation\html\method-CCSChildPlacement.createChildPlacement1.html
C:\dev\repositories\bdm-curam-spm-ootb\Doc\IBM_Curam\WorkflowDocumentation\html\method-RoomAssignment.modifyRoomAssignment.html
C:\dev\repositories\bdm-curam-spm-ootb\Doc\IBM_Curam\WorkflowDocumentation\html\batch-CreatePlacementEvidence-createPlacementEvidence.html
C:\dev\repositories\bdm-curam-spm-ootb\Doc\IBM_Curam\WorkflowDocumentation\html\cls-Appellant.html
C:\dev\repositories\bdm-curam-spm-ootb\Doc\IBM_Curam\WorkflowDocumentation\html\cls-Hearing.html
C:\dev\repositories\bdm-curam-spm-ootb\Doc\IBM_Curam\WorkflowDocumentation\html\cls-HCREvidenceIssueVerifications.html
C:\dev\repositories\bdm-curam-spm-ootb\Doc\IBM_Curam\WorkflowDocumentation\html\cls-HearingRepresentative.html
C:\dev\repositories\bdm-curam-spm-ootb\Doc\IBM_Curam\erd\ERD-Intake.pdf
C:\dev\repositories\bdm-curam-spm-ootb\Doc\IBM_Curam\WorkflowDocumentation\html\cls-OutcomePlan.html
C:\dev\repositories\bdm-curam-spm-ootb\Doc\IBM_Curam\WorkflowDocumentation\html\method-ISPChip.addBenefitGroupMember.html
C:\dev\repositories\bdm-curam-spm-ootb\Doc\IBM_Curam\WorkflowDocumentation\html\cls-PDCEvidence.html
C:\dev\repositories\bdm-curam-spm-ootb\Doc\IBM_Curam\WorkflowDocumentation\html\batch-RouteProductDeliveryApproval-routedSubmitForApproval.html
C:\dev\repositories\bdm-curam-spm-ootb\Doc\IBM_Curam\WorkflowDocumentation\html\cls-WCOProductProvider.html
C:\dev\repositories\bdm-curam-spm-ootb\Doc\IBM_Curam\ValidationMessages\message.xml
C:\dev\repositories\bdm-curam-spm-ootb\Doc\IBM_Curam\WorkflowDocumentation\html\batch-BatchDataPreparator-preparePDMARData.html
C:\dev\repositories\bdm-curam-spm-ootb\Doc\IBM_Curam\WorkflowDocumentation\html\method-CCSChildPlacement.modifyPlacementEndDate.html
C:\dev\repositories\bdm-curam-spm-ootb\Doc\IBM_Curam\WorkflowDocumentation\html\method-ISPChip.close.html
C:\dev\repositories\bdm-curam-spm-ootb\Doc\IBM_Curam\WorkflowDocumentation\html\cls-ProgramApplication.html
C:\dev\repositories\bdm-curam-spm-ootb\Doc\IBM_Curam\WorkflowDocumentation\html\method-MaintainServiceOffering.addNameTextTranslation.html
C:\dev\repositories\bdm-curam-spm-ootb\Doc\IBM_Curam\WorkflowDocumentation\html\cls-AssessmentInstance.html
C:\dev\repositories\bdm-curam-spm-ootb\Doc\IBM_Curam\WorkflowDocumentation\html\cls-IntegratedCaseProduct.html
C:\dev\repositories\bdm-curam-spm-ootb\Doc\IBM_Curam\WorkflowDocumentation\html\cls-HearingWitness.html
C:\dev\repositories\bdm-curam-spm-ootb\Doc\IBM_Curam\WorkflowDocumentation\html\cls-AppealWizard.html
C:\dev\repositories\bdm-curam-spm-ootb\Doc\IBM_Curam\WorkflowDocumentation\html\method-MaintainServiceOffering.updateServiceOffering.html
C:\dev\repositories\bdm-curam-spm-ootb\Doc\IBM_Curam\WorkflowDocumentation\html\cls-WCOCaseTaskManagement.html
C:\dev\repositories\bdm-curam-spm-ootb\Doc\IBM_Curam\WorkflowDocumentation\html\method-ServiceOffering.updatePaymentOption.html
C:\dev\repositories\bdm-curam-spm-ootb\Doc\IBM_Curam\WorkflowDocumentation\html\method-SILICorrection.approveServiceInvoiceLineItemCorrection.html
C:\dev\repositories\bdm-curam-spm-ootb\Doc\IBM_Curam\WorkflowDocumentation\html\cls-YouthReferral.html
C:\dev\repositories\bdm-curam-spm-ootb\Doc\IBM_Curam\WorkflowDocumentation\html\method-ServiceOffering.createServiceRate.html
C:\dev\repositories\bdm-curam-spm-ootb\Doc\IBM_Curam\WorkflowDocumentation\html\cls-EducationalInstitute.html
C:\dev\repositories\bdm-curam-spm-ootb\Doc\IBM_Curam\WorkflowDocumentation\html\cls-EligibilityResult.html
C:\dev\repositories\bdm-curam-spm-ootb\Doc\IBM_Curam\erd\ERD-Core.pdf
C:\dev\repositories\bdm-curam-spm-ootb\Doc\IBM_Curam\WorkflowDocumentation\html\cls-MeetingManagement.html
C:\dev\repositories\bdm-curam-spm-ootb\Doc\IBM_Curam\WorkflowDocumentation\html\method-InvestigationDelivery.modifyClosureDetails.html
C:\dev\repositories\bdm-curam-spm-ootb\Doc\IBM_Curam\WorkflowDocumentation\html\method-ISPSpendDown.close.html
C:\dev\repositories\bdm-curam-spm-ootb\Doc\IBM_Curam\WorkflowDocumentation\html\cls-IncomeSupportScreening.html
C:\dev\repositories\bdm-curam-spm-ootb\Doc\IBM_Curam\WorkflowDocumentation\html\cls-ManageYouthCaseVisitor.html
C:\dev\repositories\bdm-curam-spm-ootb\Doc\IBM_Curam\WorkflowDocumentation\html\method-HCRCase.checkRetroactiveMedicaidEligibility.html
C:\dev\repositories\bdm-curam-spm-ootb\Doc\IBM_Curam\WorkflowDocumentation\html\method-CCSChildPlacement.modifyPlacementWizard.html
C:\dev\repositories\bdm-curam-spm-ootb\Doc\IBM_Curam\WorkflowDocumentation\html\cls-ContactLogAPI.html
C:\dev\repositories\bdm-curam-spm-ootb\Doc\IBM_Curam\WorkflowDocumentation\html\cls-SocialEnterpriseFolderCommunication.html
C:\dev\repositories\bdm-curam-spm-ootb\Doc\IBM_Curam\WorkflowDocumentation\html\cls-MaintainPRLIClient.html
C:\dev\repositories\bdm-curam-spm-ootb\Doc\IBM_Curam\WorkflowDocumentation\html\method-MaintainServiceOffering.addDescriptionTextTranslation.html
C:\dev\repositories\bdm-curam-spm-ootb\Doc\IBM_Curam\WorkflowDocumentation\html\cls-Employer.html
C:\dev\repositories\bdm-curam-spm-ootb\Doc\IBM_Curam\WorkflowDocumentation\html\cls-MDTExternal.html
C:\dev\repositories\bdm-curam-spm-ootb\Doc\IBM_Curam\erd\ERD-Advisor.pdf
C:\dev\repositories\bdm-curam-spm-ootb\Doc\IBM_Curam\WorkflowDocumentation\html\cls-IntegratedCase.html
C:\dev\repositories\bdm-curam-spm-ootb\Doc\IBM_Curam\WorkflowDocumentation\html\cls-ClaimWF.html
C:\dev\repositories\bdm-curam-spm-ootb\Doc\IBM_Curam\WorkflowDocumentation\html\batch-ReassignAllCasesToAnotherUser-delayedReassignAllCasesToAnotherUser.html
C:\dev\repositories\bdm-curam-spm-ootb\Doc\IBM_Curam\WorkflowDocumentation\html\method-CaseMember.createSanction.html
C:\dev\repositories\bdm-curam-spm-ootb\Doc\IBM_Curam\WorkflowDocumentation\html\method-Financial.cancelRegenerateOrInvalidatePayment.html
C:\dev\repositories\bdm-curam-spm-ootb\Doc\IBM_Curam\WorkflowDocumentation\html\cls-WCOProductDelivery.html
C:\dev\repositories\bdm-curam-spm-ootb\Doc\IBM_Curam\WorkflowDocumentation\html\method-FinancialProcessing.processPayments.html
C:\dev\repositories\bdm-curam-spm-ootb\Doc\IBM_Curam\DataDictionary\index-properties.html
C:\dev\repositories\bdm-curam-spm-ootb\Doc\IBM_Curam\WorkflowDocumentation\html\method-CaseMember.cancelSanction.html
C:\dev\repositories\bdm-curam-spm-ootb\Doc\IBM_Curam\WorkflowDocumentation\html\method-UtilizationContract.modifyProviderOfferingRate.html
C:\dev\repositories\bdm-curam-spm-ootb\Doc\IBM_Curam\WorkflowDocumentation\html\cls-FacilityReservation.html
C:\dev\repositories\bdm-curam-spm-ootb\Doc\IBM_Curam\WorkflowDocumentation\html\cls-ServiceDelivery.html
C:\dev\repositories\bdm-curam-spm-ootb\Doc\IBM_Curam\WorkflowDocumentation\html\cls-ClientContact.html
C:\dev\repositories\bdm-curam-spm-ootb\Doc\IBM_Curam\erd\ERD-ContentManagement.pdf
C:\dev\repositories\bdm-curam-spm-ootb\Doc\IBM_Curam\erd\ERD-OutcomeManagement.pdf
C:\dev\repositories\bdm-curam-spm-ootb\Doc\IBM_Curam\WorkflowDocumentation\html\cls-MultidisciplinaryTeam.html
C:\dev\repositories\bdm-curam-spm-ootb\Doc\IBM_Curam\WorkflowDocumentation\html\cls-ProspectPerson.html
C:\dev\repositories\bdm-curam-spm-ootb\Doc\IBM_Curam\WorkflowDocumentation\html\method-ServiceInvoice.submitServiceInvoiceLineItemForProcessing.html
C:\dev\repositories\bdm-curam-spm-ootb\Doc\IBM_Curam\WorkflowDocumentation\html\method-UtilizationContract.modifyProviderGroupProviderOfferingRate.html
C:\dev\repositories\bdm-curam-spm-ootb\Doc\IBM_Curam\WorkflowDocumentation\html\method-CaseMember.cancelSanctionOverride.html
C:\dev\repositories\bdm-curam-spm-ootb\Doc\IBM_Curam\WorkflowDocumentation\html\cls-MaintainSupervisorAppealCase.html
C:\dev\repositories\bdm-curam-spm-ootb\Doc\IBM_Curam\WorkflowDocumentation\html\cls-MeetingMinutes.html
C:\dev\repositories\bdm-curam-spm-ootb\Doc\IBM_Curam\WorkflowDocumentation\html\cls-Referral.html
C:\dev\repositories\bdm-curam-spm-ootb\Doc\IBM_Curam\WorkflowDocumentation\html\cls-ProgramRecommendation.html
C:\dev\repositories\bdm-curam-spm-ootb\Doc\IBM_Curam\WorkflowDocumentation\html\cls-MaintainRosterLineItem.html
C:\dev\repositories\bdm-curam-spm-ootb\Doc\IBM_Curam\WorkflowDocumentation\html\method-MaintainWaitList.allocatePlace.html
C:\dev\repositories\bdm-curam-spm-ootb\EJBServer\components\Appeal\sample\src.zip
C:\dev\repositories\bdm-curam-spm-ootb\EJBServer\components\Appeal\doc\api.zip
C:\dev\repositories\bdm-curam-spm-ootb\EJBServer\components\Appeal\sample\src.zip
C:\dev\repositories\bdm-curam-spm-ootb\EJBServer\components\Appeal\lib\Appeal.jar
C:\dev\repositories\bdm-curam-spm-ootb\webclient\components\Appeal\WebContent\WEB-INF\lib\2_Appeal_struct.jar
C:\dev\repositories\bdm-curam-spm-ootb\webclient\components\Appeal\Multiple Cases\Appeal Search\Appeal_search.uim
C:\dev\repositories\bdm-curam-spm-ootb\EJBServer\components\SupervisorAppeals\sample\src.zip
C:\dev\repositories\bdm-curam-spm-ootb\EJBServer\components\SupervisorAppeals\doc\api.zip
C:\dev\repositories\bdm-curam-spm-ootb\webclient\components\SupervisorAppeals\WebContent\WEB-INF\lib\2_SupervisorAppeals_struct.jar
C:\dev\repositories\bdm-curam-spm-ootb\EJBServer\components\SupervisorAppeals\lib\SupervisorAppeals.jar
C:\dev\repositories\bdm-curam-spm-ootb\EJBServer\components\SupervisorAppeals\sample\src.zip
C:\dev\repositories\bdm-curam-spm-ootb\EJBServer\components\CitizenWorkspace\model\CitizenWorkspaceRestAPIs.efx
C:\dev\repositories\bdm-curam-spm-ootb\EJBServer\components\CitizenWorkspace\model\restapis\Payments\Payments.efx
C:\dev\repositories\bdm-curam-spm-ootb\webclient\components\CitizenWorkspace\WebContent\CDEJ\jscript\cwtk-layer.js.uncompressed.js
C:\dev\repositories\bdm-curam-spm-ootb\webclient\components\CitizenWorkspace\WebContent\WEB-INF\lib\2_CitizenWorkspace_struct.jar
C:\dev\repositories\bdm-curam-spm-ootb\webclient\components\CitizenWorkspace\WebContent\CDEJ\jscript\cwtk-layer.js
C:\dev\repositories\bdm-curam-spm-ootb\EJBServer\components\CitizenWorkspace\doc\api.zip
C:\dev\repositories\bdm-curam-spm-ootb\EJBServer\components\CitizenWorkspace\lib\CitizenWorkspace.jar
C:\dev\repositories\bdm-curam-spm-ootb\webclient\components\CitizenWorkspace\WebContent\WEB-INF\lib\CitizenWorkspace_javasource.jar
C:\dev\repositories\bdm-curam-spm-ootb\EJBServer\components\CitizenWorkspace\data\initial\LINKED_SECURITYGROUPSID.dmx
C:\dev\repositories\bdm-curam-spm-ootb\Installer\moveObsoleteFiles.bat
C:\dev\repositories\bdm-curam-spm-ootb\Installer\moveObsoleteFiles.sh
C:\dev\repositories\bdm-curam-spm-ootb\Installer\moveObsoleteFiles.xml
C:\dev\repositories\bdm-curam-spm-ootb\8.0.2.0_iFix6-ObsoleteFilesList.txt
C:\dev\repositories\bdm-curam-spm-ootb\webclient\components\CitizenAccount\WebContent\WEB-INF\lib\CitizenAccount_javasource.jar
C:\dev\repositories\bdm-curam-spm-ootb\Uninstaller\uninstaller.jar