C:\Dev\Repositories\TP-OOTB-V8-0-0\CuramSDEJ\scripts\infrastructure_Tables.xml
C:\Dev\Repositories\TP-OOTB-V8-0-0\CuramSDEJ\xmlserver\log4j-core-2.17.1.jar
C:\Dev\Repositories\TP-OOTB-V8-0-0\CuramSDEJ\lib\coreinf.jar
C:\Dev\Repositories\TP-OOTB-V8-0-0\CuramSDEJ\xmlserver\xmlservercommon.jar
C:\Dev\Repositories\TP-OOTB-V8-0-0\CuramSDEJ\lib\appinf_internal.jar
C:\Dev\Repositories\TP-OOTB-V8-0-0\CuramSDEJ\lib\WLPRegistry.jar
C:\Dev\Repositories\TP-OOTB-V8-0-0\CuramSDEJ\lib\appinf.jar
C:\Dev\Repositories\TP-OOTB-V8-0-0\CuramSDEJ\lib\security-inf.jar
C:\Dev\Repositories\TP-OOTB-V8-0-0\CuramSDEJ\xmlserver\third_party_version.properties
C:\Dev\Repositories\TP-OOTB-V8-0-0\CuramSDEJ\lib\Registry.jar
C:\Dev\Repositories\TP-OOTB-V8-0-0\CuramSDEJ\rsa\eclipse\plugins\curam.ide.modeling.rsm.jar
C:\Dev\Repositories\TP-OOTB-V8-0-0\CuramSDEJ\lib\gss.jar
C:\Dev\Repositories\TP-OOTB-V8-0-0\CuramSDEJ\lib\log4j-core-2.17.1.jar
C:\Dev\Repositories\TP-OOTB-V8-0-0\CuramSDEJ\lib\rules_debugger.jar
C:\Dev\Repositories\TP-OOTB-V8-0-0\CuramSDEJ\lib\rules.jar
C:\Dev\Repositories\TP-OOTB-V8-0-0\CuramSDEJ\lib\xmlservercommon.jar
C:\Dev\Repositories\TP-OOTB-V8-0-0\CuramSDEJ\lib\coreinf-rmi.jar
C:\Dev\Repositories\TP-OOTB-V8-0-0\CuramSDEJ\lib\third_party_version.properties
C:\Dev\Repositories\TP-OOTB-V8-0-0\CuramSDEJ\xmlserver\log4j-api-2.17.1.jar
C:\Dev\Repositories\TP-OOTB-V8-0-0\CuramSDEJ\lib\log4j-api-2.17.1.jar
C:\Dev\Repositories\TP-OOTB-V8-0-0\CuramSDEJ\doc\api.zip
C:\Dev\Repositories\TP-OOTB-V8-0-0\CuramSDEJ\lib\CuramMBean.jar
C:\Dev\Repositories\TP-OOTB-V8-0-0\CuramSDEJ\xmlserver\xmlserver.jar
C:\Dev\Repositories\TP-OOTB-V8-0-0\CuramSDEJ\doc\api\curam\util\type\package-tree.html
C:\Dev\Repositories\TP-OOTB-V8-0-0\CuramSDEJ\doc\api\curam\util\type\struct\package-tree.html
C:\Dev\Repositories\TP-OOTB-V8-0-0\CuramSDEJ\lib\coreinf-ejb-interfaces.jar
C:\Dev\Repositories\TP-OOTB-V8-0-0\CuramSDEJ\lib\coreinf-ejb.jar
C:\Dev\Repositories\TP-OOTB-V8-0-0\CuramSDEJ\lib\jde-commons.jar
C:\Dev\Repositories\TP-OOTB-V8-0-0\CuramSDEJ\lib\log4j2-config.jar
C:\Dev\Repositories\TP-OOTB-V8-0-0\CuramSDEJ\.classpath
C:\Dev\Repositories\TP-OOTB-V8-0-0\CuramSDEJ\lib\wlstcontrol.jar
C:\Dev\Repositories\TP-OOTB-V8-0-0\CuramSDEJ\rsa\eclipse\plugins\curam.ide.modeling.profile.jar
C:\Dev\Repositories\TP-OOTB-V8-0-0\CuramSDEJ\lib\tools.jar
C:\Dev\Repositories\TP-OOTB-V8-0-0\EJBServer\components\Rest\restlib\RESTToolkit.jar
C:\Dev\Repositories\TP-OOTB-V8-0-0\EJBServer\components\Rest\script\rest_properties.xml
C:\Dev\Repositories\TP-OOTB-V8-0-0\EJBServer\components\Rest\restlib\rest-test.jar
C:\Dev\Repositories\TP-OOTB-V8-0-0\Doc\IBM_Curam\WorkflowDocumentation\html\method-WCOClaimIntegratedCase.closeClaim.html
C:\Dev\Repositories\TP-OOTB-V8-0-0\Doc\IBM_Curam\WorkflowDocumentation\html\cls-ProviderInvestigation.html
C:\Dev\Repositories\TP-OOTB-V8-0-0\Doc\IBM_Curam\WorkflowDocumentation\html\cls-WCOSPGDelivery.html
C:\Dev\Repositories\TP-OOTB-V8-0-0\Doc\IBM_Curam\WorkflowDocumentation\html\method-ServiceInvoice.approveServiceInvoiceLineItem.html
C:\Dev\Repositories\TP-OOTB-V8-0-0\Doc\IBM_Curam\WorkflowDocumentation\html\method-ProcessInteractivePayments.processPaymentsDue.html
C:\Dev\Repositories\TP-OOTB-V8-0-0\Doc\IBM_Curam\WorkflowDocumentation\html\cls-ProviderOffering.html
C:\Dev\Repositories\TP-OOTB-V8-0-0\Doc\IBM_Curam\WorkflowDocumentation\html\cls-AppealedCase.html
C:\Dev\Repositories\TP-OOTB-V8-0-0\Doc\IBM_Curam\erd\ERD-OnlineIntake.pdf
C:\Dev\Repositories\TP-OOTB-V8-0-0\Doc\IBM_Curam\WorkflowDocumentation\html\cls-MaintainWaiverApprovalRequest.html
C:\Dev\Repositories\TP-OOTB-V8-0-0\Doc\IBM_Curam\WorkflowDocumentation\html\cls-CFSSCase.html
C:\Dev\Repositories\TP-OOTB-V8-0-0\Doc\IBM_Curam\WorkflowDocumentation\html\cls-CYSLegalStatus.html
C:\Dev\Repositories\TP-OOTB-V8-0-0\Doc\IBM_Curam\WorkflowDocumentation\html\cls-Utility.html
C:\Dev\Repositories\TP-OOTB-V8-0-0\Doc\IBM_Curam\WorkflowDocumentation\html\cls-Communication.html
C:\Dev\Repositories\TP-OOTB-V8-0-0\Doc\IBM_Curam\WorkflowDocumentation\html\cls-CaseHeader.html
C:\Dev\Repositories\TP-OOTB-V8-0-0\Doc\IBM_Curam\WorkflowDocumentation\html\cls-ProviderGroup.html
C:\Dev\Repositories\TP-OOTB-V8-0-0\Doc\IBM_Curam\WorkflowDocumentation\html\method-WCOServicePlanDelivery.unsuspend.html
C:\Dev\Repositories\TP-OOTB-V8-0-0\Doc\IBM_Curam\WorkflowDocumentation\html\method-ProcessManualPayment.allocateManualPmtToFC.html
C:\Dev\Repositories\TP-OOTB-V8-0-0\Doc\IBM_Curam\WorkflowDocumentation\html\cls-UtilizationContract.html
C:\Dev\Repositories\TP-OOTB-V8-0-0\Doc\IBM_Curam\WorkflowDocumentation\html\cls-InformationProvider.html
C:\Dev\Repositories\TP-OOTB-V8-0-0\Doc\IBM_Curam\WorkflowDocumentation\html\method-CCSChildPlacement.modifyPlacement.html
C:\Dev\Repositories\TP-OOTB-V8-0-0\Doc\IBM_Curam\WorkflowDocumentation\html\cls-PlanReview.html
C:\Dev\Repositories\TP-OOTB-V8-0-0\Doc\IBM_Curam\WorkflowDocumentation\html\method-Financial.cancelPaymentInstrument.html
C:\Dev\Repositories\TP-OOTB-V8-0-0\Doc\IBM_Curam\WorkflowDocumentation\html\cls-ServiceOffering.html
C:\Dev\Repositories\TP-OOTB-V8-0-0\Doc\IBM_Curam\WorkflowDocumentation\html\method-ServiceOffering.updateServiceOffering.html
C:\Dev\Repositories\TP-OOTB-V8-0-0\Doc\IBM_Curam\WorkflowDocumentation\html\method-MaintainServiceOffering.setServiceOfferingDetails.html
C:\Dev\Repositories\TP-OOTB-V8-0-0\Doc\IBM_Curam\WorkflowDocumentation\html\method-MaintainServiceOffering.modifySecurityRightsAndServiceDeliveryConfiguration.html
C:\Dev\Repositories\TP-OOTB-V8-0-0\Doc\IBM_Curam\WorkflowDocumentation\html\cls-WCOClaimEmployment.html
C:\Dev\Repositories\TP-OOTB-V8-0-0\Doc\IBM_Curam\WorkflowDocumentation\html\cls-WCOIntegratedCase.html
C:\Dev\Repositories\TP-OOTB-V8-0-0\Doc\IBM_Curam\WorkflowDocumentation\html\method-CaseMember.createSanction.html
C:\Dev\Repositories\TP-OOTB-V8-0-0\Doc\IBM_Curam\WorkflowDocumentation\html\method-ISPChip.unsuspend.html
C:\Dev\Repositories\TP-OOTB-V8-0-0\Doc\IBM_Curam\WorkflowDocumentation\html\cls-CCSParticipant.html
C:\Dev\Repositories\TP-OOTB-V8-0-0\Doc\IBM_Curam\WorkflowDocumentation\html\batch-DeferredSubmission-deferSubmission.html
C:\Dev\Repositories\TP-OOTB-V8-0-0\Doc\IBM_Curam\WorkflowDocumentation\html\method-MaintainReservation.verifyReservation.html
C:\Dev\Repositories\TP-OOTB-V8-0-0\Doc\IBM_Curam\WorkflowDocumentation\html\method-ProviderServicePlanDelivery.addPlannedItem.html
C:\Dev\Repositories\TP-OOTB-V8-0-0\Doc\IBM_Curam\WorkflowDocumentation\html\cls-IncomingEvidence.html
C:\Dev\Repositories\TP-OOTB-V8-0-0\Doc\IBM_Curam\WorkflowDocumentation\html\cls-WCOTaskManagement.html
C:\Dev\Repositories\TP-OOTB-V8-0-0\Doc\IBM_Curam\WorkflowDocumentation\html\method-CaseMember.cancelSanctionOverride.html
C:\Dev\Repositories\TP-OOTB-V8-0-0\Doc\IBM_Curam\WorkflowDocumentation\html\cls-MaintainProviderIncident.html
C:\Dev\Repositories\TP-OOTB-V8-0-0\Doc\IBM_Curam\WorkflowDocumentation\html\method-Financial.cancelOrInvalidatePayment.html
C:\Dev\Repositories\TP-OOTB-V8-0-0\Doc\IBM_Curam\WorkflowDocumentation\html\cls-Activity.html
C:\Dev\Repositories\TP-OOTB-V8-0-0\Doc\IBM_Curam\WorkflowDocumentation\html\cls-Prospect.html
C:\Dev\Repositories\TP-OOTB-V8-0-0\Doc\IBM_Curam\WorkflowDocumentation\html\cls-WCOCaseTaskManagement.html
C:\Dev\Repositories\TP-OOTB-V8-0-0\Doc\IBM_Curam\WorkflowDocumentation\html\cls-ProgramRecommendation.html
C:\Dev\Repositories\TP-OOTB-V8-0-0\Doc\IBM_Curam\WorkflowDocumentation\html\cls-ClientContact.html
C:\Dev\Repositories\TP-OOTB-V8-0-0\Doc\IBM_Curam\WorkflowDocumentation\html\cls-WCOProductDeliveryTab.html
C:\Dev\Repositories\TP-OOTB-V8-0-0\Doc\IBM_Curam\WorkflowDocumentation\html\cls-Incidents.html
C:\Dev\Repositories\TP-OOTB-V8-0-0\Doc\IBM_Curam\WorkflowDocumentation\html\method-ProgramRecommendation.authorize.html
C:\Dev\Repositories\TP-OOTB-V8-0-0\Doc\IBM_Curam\WorkflowDocumentation\html\cls-PersonRegisterWS2.html
C:\Dev\Repositories\TP-OOTB-V8-0-0\Doc\IBM_Curam\WorkflowDocumentation\html\cls-PDCEvidence.html
C:\Dev\Repositories\TP-OOTB-V8-0-0\Doc\IBM_Curam\WorkflowDocumentation\html\cls-IntakeApproval.html
C:\Dev\Repositories\TP-OOTB-V8-0-0\Doc\IBM_Curam\WorkflowDocumentation\html\cls-HearingRepresentative.html
C:\Dev\Repositories\TP-OOTB-V8-0-0\Doc\IBM_Curam\WorkflowDocumentation\html\method-CaseMember.modifySanctionOverride.html
C:\Dev\Repositories\TP-OOTB-V8-0-0\Doc\IBM_Curam\WorkflowDocumentation\html\cls-CitizenWorkspaceAdmin.html
C:\Dev\Repositories\TP-OOTB-V8-0-0\Doc\IBM_Curam\WorkflowDocumentation\html\method-WCOServicePlanDelivery.unsuspendSubgoal.html
C:\Dev\Repositories\TP-OOTB-V8-0-0\Doc\IBM_Curam\WorkflowDocumentation\html\cls-CFSSCaseReopen.html
C:\Dev\Repositories\TP-OOTB-V8-0-0\Doc\IBM_Curam\WorkflowDocumentation\html\cls-MaintainSupervisorCase.html
C:\Dev\Repositories\TP-OOTB-V8-0-0\Doc\IBM_Curam\WorkflowDocumentation\html\method-DeferredAuthorisation.authoriseApplication.html
C:\Dev\Repositories\TP-OOTB-V8-0-0\Doc\IBM_Curam\WorkflowDocumentation\html\method-DelayedCaseClosure.closeCase.html
C:\Dev\Repositories\TP-OOTB-V8-0-0\Doc\IBM_Curam\WorkflowDocumentation\html\method-MaintainServiceOffering.updateServiceOffering.html
C:\Dev\Repositories\TP-OOTB-V8-0-0\Doc\IBM_Curam\WorkflowDocumentation\html\batch-ActivateProviderPaymentCorrectionCases-processPaymentCorrectionCases.html
C:\Dev\Repositories\TP-OOTB-V8-0-0\Doc\IBM_Curam\WorkflowDocumentation\html\method-ISPRouteProductDeliveryApproval.routedSubmitForApproval.html
C:\Dev\Repositories\TP-OOTB-V8-0-0\Doc\IBM_Curam\WorkflowDocumentation\html\method-MaintainWaitList.allocatePlace.html
C:\Dev\Repositories\TP-OOTB-V8-0-0\Doc\IBM_Curam\WorkflowDocumentation\html\cls-VisitationLog.html
C:\Dev\Repositories\TP-OOTB-V8-0-0\Doc\IBM_Curam\WorkflowDocumentation\html\cls-AppealWizard.html
C:\Dev\Repositories\TP-OOTB-V8-0-0\Doc\IBM_Curam\WorkflowDocumentation\html\method-CCSChildPlacement.modifyPlacementEndDate.html
C:\Dev\Repositories\TP-OOTB-V8-0-0\Doc\IBM_Curam\WorkflowDocumentation\html\method-DetermineEligibility.assessBenefitCase.html
C:\Dev\Repositories\TP-OOTB-V8-0-0\Doc\IBM_Curam\WorkflowDocumentation\html\method-ISPSpendDown.applyMultiplePeriods.html
C:\Dev\Repositories\TP-OOTB-V8-0-0\Doc\IBM_Curam\WorkflowDocumentation\html\method-CCSChildPlacement.createPlacement.html
C:\Dev\Repositories\TP-OOTB-V8-0-0\Doc\IBM_Curam\WorkflowDocumentation\html\method-MaintainServiceOffering.modifyDescriptionTextTranslation.html
C:\Dev\Repositories\TP-OOTB-V8-0-0\Doc\IBM_Curam\WorkflowDocumentation\html\cls-VisitationPlan.html
C:\Dev\Repositories\TP-OOTB-V8-0-0\Doc\IBM_Curam\WorkflowDocumentation\html\cls-ProviderServiceCenter.html
C:\Dev\Repositories\TP-OOTB-V8-0-0\Doc\IBM_Curam\WorkflowDocumentation\html\cls-MaintainPerson.html
C:\Dev\Repositories\TP-OOTB-V8-0-0\Doc\IBM_Curam\WorkflowDocumentation\html\method-Financial.cancelPayment.html
C:\Dev\Repositories\TP-OOTB-V8-0-0\Doc\IBM_Curam\WorkflowDocumentation\html\method-ProductDelivery.unsuspend.html
C:\Dev\Repositories\TP-OOTB-V8-0-0\Doc\IBM_Curam\WorkflowDocumentation\html\method-Financial.reverseInstructionLineItem.html
C:\Dev\Repositories\TP-OOTB-V8-0-0\Doc\IBM_Curam\WorkflowDocumentation\html\method-YouthPlacement.modifyPlacement.html
C:\Dev\Repositories\TP-OOTB-V8-0-0\Doc\IBM_Curam\WorkflowDocumentation\html\method-CCSChildPlacement.capturePlacementFromWizard.html
C:\Dev\Repositories\TP-OOTB-V8-0-0\Doc\IBM_Curam\WorkflowDocumentation\html\cls-ISAddMemberWizard.html
C:\Dev\Repositories\TP-OOTB-V8-0-0\Doc\IBM_Curam\WorkflowDocumentation\html\method-CaseMember.createSanctionOverride.html
C:\Dev\Repositories\TP-OOTB-V8-0-0\Doc\IBM_Curam\WorkflowDocumentation\html\cls-Evidence.html
C:\Dev\Repositories\TP-OOTB-V8-0-0\Doc\IBM_Curam\WorkflowDocumentation\html\method-ServiceOffering.addTrainingToServiceOffering.html
C:\Dev\Repositories\TP-OOTB-V8-0-0\Doc\IBM_Curam\WorkflowDocumentation\html\cls-MaintainPRLICorrection.html
C:\Dev\Repositories\TP-OOTB-V8-0-0\Doc\IBM_Curam\WorkflowDocumentation\html\method-ServiceOffering.createServiceOffering.html
C:\Dev\Repositories\TP-OOTB-V8-0-0\Doc\IBM_Curam\WorkflowDocumentation\html\method-ServiceInvoice.submitServiceInvoiceForProcessing.html
C:\Dev\Repositories\TP-OOTB-V8-0-0\Doc\IBM_Curam\WorkflowDocumentation\html\cls-ProgramApplication.html
C:\Dev\Repositories\TP-OOTB-V8-0-0\Doc\IBM_Curam\WorkflowDocumentation\html\method-WCOSPGDelivery.unsuspend.html
C:\Dev\Repositories\TP-OOTB-V8-0-0\Doc\IBM_Curam\WorkflowDocumentation\html\cls-TaskManagement.html
C:\Dev\Repositories\TP-OOTB-V8-0-0\Doc\IBM_Curam\erd\ERD-FamilyServicesSuite.pdf
C:\Dev\Repositories\TP-OOTB-V8-0-0\Doc\IBM_Curam\WorkflowDocumentation\html\cls-WCOCommunication.html
C:\Dev\Repositories\TP-OOTB-V8-0-0\Doc\IBM_Curam\WorkflowDocumentation\html\method-IncomeScreening.createScreeningCase.html
C:\Dev\Repositories\TP-OOTB-V8-0-0\Doc\IBM_Curam\WorkflowDocumentation\html\method-CCSChildPlacement.createChildPlacement.html
C:\Dev\Repositories\TP-OOTB-V8-0-0\Doc\IBM_Curam\WorkflowDocumentation\html\cls-InterJurisdiction.html
C:\Dev\Repositories\TP-OOTB-V8-0-0\Doc\IBM_Curam\WorkflowDocumentation\html\cls-WSPlanItemStore.html
C:\Dev\Repositories\TP-OOTB-V8-0-0\Doc\IBM_Curam\WorkflowDocumentation\html\cls-CCSMobile.html
C:\Dev\Repositories\TP-OOTB-V8-0-0\Doc\IBM_Curam\WorkflowDocumentation\html\method-CFSSServices.approveService.html
C:\Dev\Repositories\TP-OOTB-V8-0-0\Doc\IBM_Curam\WorkflowDocumentation\html\method-ProductDelivery.close.html
C:\Dev\Repositories\TP-OOTB-V8-0-0\Doc\IBM_Curam\WorkflowDocumentation\html\cls-FacilityReservation.html
C:\Dev\Repositories\TP-OOTB-V8-0-0\Doc\IBM_Curam\erd\ERD-Reporting-Staging.pdf
C:\Dev\Repositories\TP-OOTB-V8-0-0\Doc\IBM_Curam\WorkflowDocumentation\html\cls-CFSSServices.html
C:\Dev\Repositories\TP-OOTB-V8-0-0\Doc\IBM_Curam\WorkflowDocumentation\html\cls-Agency.html
C:\Dev\Repositories\TP-OOTB-V8-0-0\Doc\IBM_Curam\WorkflowDocumentation\html\method-Placement.solveTransferClient.html
C:\Dev\Repositories\TP-OOTB-V8-0-0\Doc\IBM_Curam\WorkflowDocumentation\html\cls-Employer.html
C:\Dev\Repositories\TP-OOTB-V8-0-0\Doc\IBM_Curam\WorkflowDocumentation\html\method-FacilityReservation.createPlacement.html
C:\Dev\Repositories\TP-OOTB-V8-0-0\Doc\IBM_Curam\WorkflowDocumentation\html\batch-ISPRouteProductDeliveryApproval-routedSubmitForApproval.html
C:\Dev\Repositories\TP-OOTB-V8-0-0\Doc\IBM_Curam\WorkflowDocumentation\html\method-ServiceOffering.createPaymentOptions.html
C:\Dev\Repositories\TP-OOTB-V8-0-0\Doc\IBM_Curam\WorkflowDocumentation\html\batch-ProcessManualPayment-allocateManualPmtToFC.html
C:\Dev\Repositories\TP-OOTB-V8-0-0\Doc\IBM_Curam\erd\ERD-ServicePlanning.pdf
C:\Dev\Repositories\TP-OOTB-V8-0-0\Doc\IBM_Curam\WorkflowDocumentation\html\batch-DeferredAuthorisation-authoriseApplication.html
C:\Dev\Repositories\TP-OOTB-V8-0-0\Doc\IBM_Curam\WorkflowDocumentation\html\cls-ServiceInvoice.html
C:\Dev\Repositories\TP-OOTB-V8-0-0\Doc\IBM_Curam\WorkflowDocumentation\html\cls-WCOServicePlanDelivery.html
C:\Dev\Repositories\TP-OOTB-V8-0-0\Doc\IBM_Curam\WorkflowDocumentation\html\method-MaintainServiceOffering.updateTrainingServiceOffering.html
C:\Dev\Repositories\TP-OOTB-V8-0-0\Doc\IBM_Curam\WorkflowDocumentation\html\cls-CCSAdoptionCase.html
C:\Dev\Repositories\TP-OOTB-V8-0-0\Doc\IBM_Curam\WorkflowDocumentation\html\method-UtilizationContract.createProviderGroupProviderOfferingRate.html
C:\Dev\Repositories\TP-OOTB-V8-0-0\Doc\IBM_Curam\WorkflowDocumentation\html\cls-HearingSchedule.html
C:\Dev\Repositories\TP-OOTB-V8-0-0\Doc\IBM_Curam\WorkflowDocumentation\html\method-UtilizationContract.modifyProviderGroupProviderOfferingRate.html
C:\Dev\Repositories\TP-OOTB-V8-0-0\Doc\IBM_Curam\WorkflowDocumentation\html\cls-ParticipantRegistration.html
C:\Dev\Repositories\TP-OOTB-V8-0-0\Doc\IBM_Curam\WorkflowDocumentation\html\method-MaintainSupervisorAppealCase.reassignCaseAppealsByType.html
C:\Dev\Repositories\TP-OOTB-V8-0-0\Doc\IBM_Curam\WorkflowDocumentation\html\method-ISPSpendDown.applySpendDownNotMet.html
C:\Dev\Repositories\TP-OOTB-V8-0-0\Doc\IBM_Curam\WorkflowDocumentation\html\cls-OutcomePlanReferralWizard.html
C:\Dev\Repositories\TP-OOTB-V8-0-0\Doc\IBM_Curam\WorkflowDocumentation\html\cls-ProviderPaymentOptions.html
C:\Dev\Repositories\TP-OOTB-V8-0-0\Doc\IBM_Curam\WorkflowDocumentation\html\method-HearingAttendee.remove.html
C:\Dev\Repositories\TP-OOTB-V8-0-0\Doc\IBM_Curam\WorkflowDocumentation\html\cls-WCOCommonEvent.html
C:\Dev\Repositories\TP-OOTB-V8-0-0\Doc\IBM_Curam\WorkflowDocumentation\html\cls-WCOProspectEmployer.html
C:\Dev\Repositories\TP-OOTB-V8-0-0\Doc\IBM_Curam\WorkflowDocumentation\html\batch-ActivateCPMLiabilityCases-approveAndActivateCPMCases.html
C:\Dev\Repositories\TP-OOTB-V8-0-0\Doc\IBM_Curam\WorkflowDocumentation\html\cls-CCSChildPlacement.html
C:\Dev\Repositories\TP-OOTB-V8-0-0\Doc\IBM_Curam\WorkflowDocumentation\html\cls-SocialEnterpriseFolderCommunication.html
C:\Dev\Repositories\TP-OOTB-V8-0-0\Doc\IBM_Curam\WorkflowDocumentation\html\cls-ApplicationCase.html
C:\Dev\Repositories\TP-OOTB-V8-0-0\Doc\IBM_Curam\WorkflowDocumentation\html\method-ISPDetermineEligibility.assessBenefitCase.html
C:\Dev\Repositories\TP-OOTB-V8-0-0\Doc\IBM_Curam\WorkflowDocumentation\html\cls-HearingReview.html
C:\Dev\Repositories\TP-OOTB-V8-0-0\Doc\IBM_Curam\WorkflowDocumentation\html\cls-ContactLogAPI.html
C:\Dev\Repositories\TP-OOTB-V8-0-0\Doc\IBM_Curam\erd\ERD-OnePageScreening.pdf
C:\Dev\Repositories\TP-OOTB-V8-0-0\Doc\IBM_Curam\WorkflowDocumentation\html\cls-CFSSInvestigationCase.html
C:\Dev\Repositories\TP-OOTB-V8-0-0\Doc\IBM_Curam\WorkflowDocumentation\html\method-UtilizationContract.modifyProviderOfferingRate.html
C:\Dev\Repositories\TP-OOTB-V8-0-0\Doc\IBM_Curam\WorkflowDocumentation\html\batch-ReassignAllCasesToAnotherUser-delayedReassignAllCasesToAnotherUser.html
C:\Dev\Repositories\TP-OOTB-V8-0-0\Doc\IBM_Curam\WorkflowDocumentation\html\batch-LoadServiceSupplierReturns-loadSupplierReturns.html
C:\Dev\Repositories\TP-OOTB-V8-0-0\Doc\IBM_Curam\WorkflowDocumentation\html\batch-WCODelayedCaseClosure-closeCase.html
C:\Dev\Repositories\TP-OOTB-V8-0-0\Doc\IBM_Curam\WorkflowDocumentation\html\method-ISPDelayedEligibilityAssessment.reassessCase.html
C:\Dev\Repositories\TP-OOTB-V8-0-0\Doc\IBM_Curam\WorkflowDocumentation\html\method-MaintainServiceOffering.addDescriptionTextTranslation.html
C:\Dev\Repositories\TP-OOTB-V8-0-0\Doc\IBM_Curam\WorkflowDocumentation\html\cls-ClaimClassifyAllocateWF.html
C:\Dev\Repositories\TP-OOTB-V8-0-0\Doc\IBM_Curam\WorkflowDocumentation\html\cls-HCRNotification.html
C:\Dev\Repositories\TP-OOTB-V8-0-0\Doc\IBM_Curam\WorkflowDocumentation\html\cls-NotificationRequest.html
C:\Dev\Repositories\TP-OOTB-V8-0-0\Doc\IBM_Curam\WorkflowDocumentation\html\method-MaintainServiceOffering.addNameTextTranslation.html
C:\Dev\Repositories\TP-OOTB-V8-0-0\Doc\IBM_Curam\erd\ERD-Core.pdf
C:\Dev\Repositories\TP-OOTB-V8-0-0\Doc\IBM_Curam\WorkflowDocumentation\html\cls-WCOClaim.html
C:\Dev\Repositories\TP-OOTB-V8-0-0\Doc\IBM_Curam\WorkflowDocumentation\html\method-ProviderPaymentOptions.createProviderPaymentOptions.html
C:\Dev\Repositories\TP-OOTB-V8-0-0\Doc\IBM_Curam\WorkflowDocumentation\html\method-CCSChildPlacement.createChildPlacement1.html
C:\Dev\Repositories\TP-OOTB-V8-0-0\Doc\IBM_Curam\WorkflowDocumentation\html\method-ContractManagement.activateContract.html
C:\Dev\Repositories\TP-OOTB-V8-0-0\Doc\IBM_Curam\WorkflowDocumentation\html\method-IntegratedCase.closeCase.html
C:\Dev\Repositories\TP-OOTB-V8-0-0\Doc\IBM_Curam\WorkflowDocumentation\html\method-WCOSPGDelivery.suspend.html
C:\Dev\Repositories\TP-OOTB-V8-0-0\Doc\IBM_Curam\WorkflowDocumentation\html\batch-ISPRegenerateCaseFinancials-delayedRegeneration.html
C:\Dev\Repositories\TP-OOTB-V8-0-0\Doc\IBM_Curam\WorkflowDocumentation\html\method-ActivateCPMLiabilityCases.approveAndActivateCPMCases.html
C:\Dev\Repositories\TP-OOTB-V8-0-0\Doc\IBM_Curam\erd\ERD-Reporting-ParticipantDatamart.pdf
C:\Dev\Repositories\TP-OOTB-V8-0-0\Doc\IBM_Curam\WorkflowDocumentation\html\method-SamplePlacement.createEmergencyPlacement.html
C:\Dev\Repositories\TP-OOTB-V8-0-0\Doc\IBM_Curam\WorkflowDocumentation\html\cls-Placement.html
C:\Dev\Repositories\TP-OOTB-V8-0-0\Doc\IBM_Curam\WorkflowDocumentation\html\cls-IntegratedCaseSampleProduct.html
C:\Dev\Repositories\TP-OOTB-V8-0-0\Doc\IBM_Curam\WorkflowDocumentation\html\cls-ServiceSupplier.html
C:\Dev\Repositories\TP-OOTB-V8-0-0\Doc\IBM_Curam\WorkflowDocumentation\html\method-Placement.modifyPlacementInformation.html
C:\Dev\Repositories\TP-OOTB-V8-0-0\Doc\IBM_Curam\WorkflowDocumentation\html\cls-LegalPetition.html
C:\Dev\Repositories\TP-OOTB-V8-0-0\Doc\IBM_Curam\WorkflowDocumentation\html\method-InvestigationDelivery.close1.html
C:\Dev\Repositories\TP-OOTB-V8-0-0\Doc\IBM_Curam\WorkflowDocumentation\html\cls-WCOLocationContact.html
C:\Dev\Repositories\TP-OOTB-V8-0-0\Doc\IBM_Curam\erd\ERD-OutcomeManagement.pdf
C:\Dev\Repositories\TP-OOTB-V8-0-0\Doc\IBM_Curam\WorkflowDocumentation\html\cls-ISPSpendDown.html
C:\Dev\Repositories\TP-OOTB-V8-0-0\Doc\IBM_Curam\WorkflowDocumentation\html\method-CCSAdoptionSubsidy.close.html
C:\Dev\Repositories\TP-OOTB-V8-0-0\Doc\IBM_Curam\WorkflowDocumentation\html\batch-BatchDataPreparator-preparePDMARData.html
C:\Dev\Repositories\TP-OOTB-V8-0-0\Doc\IBM_Curam\WorkflowDocumentation\html\cls-ExProductDelivery.html
C:\Dev\Repositories\TP-OOTB-V8-0-0\Doc\IBM_Curam\erd\ERD-CaseandParticipantIndex.pdf
C:\Dev\Repositories\TP-OOTB-V8-0-0\Doc\IBM_Curam\WorkflowDocumentation\html\method-MaintainSampleReservation.confirmReservation.html
C:\Dev\Repositories\TP-OOTB-V8-0-0\Doc\IBM_Curam\WorkflowDocumentation\html\cls-WCOProspectPerson.html
C:\Dev\Repositories\TP-OOTB-V8-0-0\Doc\IBM_Curam\WorkflowDocumentation\html\cls-MDTExternalCollaboration.html
C:\Dev\Repositories\TP-OOTB-V8-0-0\Doc\IBM_Curam\WorkflowDocumentation\html\cls-DisabilityBenefit.html
C:\Dev\Repositories\TP-OOTB-V8-0-0\Doc\IBM_Curam\WorkflowDocumentation\html\cls-YouthRelease.html
C:\Dev\Repositories\TP-OOTB-V8-0-0\Doc\IBM_Curam\WorkflowDocumentation\html\method-CCSChildPlacement.modifyPlacement1.html
C:\Dev\Repositories\TP-OOTB-V8-0-0\Doc\IBM_Curam\WorkflowDocumentation\html\cls-OutcomePlanActionEvidence.html
C:\Dev\Repositories\TP-OOTB-V8-0-0\Doc\IBM_Curam\WorkflowDocumentation\html\cls-ServicePlanDelivery.html
C:\Dev\Repositories\TP-OOTB-V8-0-0\Doc\IBM_Curam\WorkflowDocumentation\html\cls-ChildWelfareInvestigationAllegationAPI.html
C:\Dev\Repositories\TP-OOTB-V8-0-0\Doc\IBM_Curam\WorkflowDocumentation\html\cls-IncomeSupportProduct.html
C:\Dev\Repositories\TP-OOTB-V8-0-0\Doc\IBM_Curam\erd\ERD-FundedProgramManagement.pdf
C:\Dev\Repositories\TP-OOTB-V8-0-0\Doc\IBM_Curam\WorkflowDocumentation\html\cls-CheckEligibility.html
C:\Dev\Repositories\TP-OOTB-V8-0-0\Doc\IBM_Curam\WorkflowDocumentation\html\batch-GenerateRosters-generateRosters.html
C:\Dev\Repositories\TP-OOTB-V8-0-0\Doc\IBM_Curam\WorkflowDocumentation\html\method-MaintainServiceAuthorization.addServiceAuthorizationLineItem.html
C:\Dev\Repositories\TP-OOTB-V8-0-0\Doc\IBM_Curam\WorkflowDocumentation\html\cls-DOMPaymentGQL.html
C:\Dev\Repositories\TP-OOTB-V8-0-0\Doc\IBM_Curam\WorkflowDocumentation\html\cls-HomeVisitInterview.html
C:\Dev\Repositories\TP-OOTB-V8-0-0\Doc\IBM_Curam\erd\ERD-Reporting-IncomeSupportCentral.pdf
C:\Dev\Repositories\TP-OOTB-V8-0-0\Doc\IBM_Curam\WorkflowDocumentation\html\batch-OutBoundApplicationProcessor-processOutBoundApplication.html
C:\Dev\Repositories\TP-OOTB-V8-0-0\Doc\IBM_Curam\WorkflowDocumentation\html\cls-Financial.html
C:\Dev\Repositories\TP-OOTB-V8-0-0\Doc\IBM_Curam\WorkflowDocumentation\html\cls-MilestoneDelivery.html
C:\Dev\Repositories\TP-OOTB-V8-0-0\Doc\IBM_Curam\WorkflowDocumentation\html\cls-CCSInvestigation.html
C:\Dev\Repositories\TP-OOTB-V8-0-0\Doc\IBM_Curam\WorkflowDocumentation\html\cls-ManageYouthVisitationPlan.html
C:\Dev\Repositories\TP-OOTB-V8-0-0\Doc\IBM_Curam\WorkflowDocumentation\html\cls-MaintainReservation.html
C:\Dev\Repositories\TP-OOTB-V8-0-0\Doc\IBM_Curam\WorkflowDocumentation\html\method-FinancialProcessing.processPayments.html
C:\Dev\Repositories\TP-OOTB-V8-0-0\Doc\IBM_Curam\WorkflowDocumentation\html\method-WCOServicePlanDelivery.unsuspendPlanItem.html
C:\Dev\Repositories\TP-OOTB-V8-0-0\Doc\IBM_Curam\WorkflowDocumentation\html\cls-PDCIntegratedCase.html
C:\Dev\Repositories\TP-OOTB-V8-0-0\Doc\IBM_Curam\WorkflowDocumentation\html\batch-ISPDetermineEligibility-assessBenefitCase.html
C:\Dev\Repositories\TP-OOTB-V8-0-0\Doc\IBM_Curam\erd\ERD-Verification.pdf
C:\Dev\Repositories\TP-OOTB-V8-0-0\Doc\IBM_Curam\WorkflowDocumentation\html\method-CFSSServices.submitService.html
C:\Dev\Repositories\TP-OOTB-V8-0-0\Doc\IBM_Curam\WorkflowDocumentation\html\cls-YouthReferral.html
C:\Dev\Repositories\TP-OOTB-V8-0-0\Doc\IBM_Curam\erd\ERD-Core-AbstractEntities.pdf
C:\Dev\Repositories\TP-OOTB-V8-0-0\Doc\IBM_Curam\RestrictedCodeTables\html\index.html
C:\Dev\Repositories\TP-OOTB-V8-0-0\Doc\IBM_Curam\erd\ERD-WorkersCompensation.pdf
C:\Dev\Repositories\TP-OOTB-V8-0-0\Doc\IBM_Curam\erd\ERD-GlobalIncomeSupport.pdf
C:\Dev\Repositories\TP-OOTB-V8-0-0\Doc\IBM_Curam\WorkflowDocumentation\html\index.html
C:\Dev\Repositories\TP-OOTB-V8-0-0\Doc\IBM_Curam\WorkflowDocumentation\html\cls-WCOWorkAllocation.html
C:\Dev\Repositories\TP-OOTB-V8-0-0\Doc\IBM_Curam\WorkflowDocumentation\html\method-CCSChildPlacement.modifyPlacementWizard.html
C:\Dev\Repositories\TP-OOTB-V8-0-0\Doc\IBM_Curam\WorkflowDocumentation\html\method-ServiceDelivery.approve.html
C:\Dev\Repositories\TP-OOTB-V8-0-0\Doc\IBM_Curam\WorkflowDocumentation\html\cls-PDCPerson.html
C:\Dev\Repositories\TP-OOTB-V8-0-0\Doc\IBM_Curam\WorkflowDocumentation\html\cls-Application.html
C:\Dev\Repositories\TP-OOTB-V8-0-0\Doc\IBM_Curam\erd\ERD-SmartNavigator.pdf
C:\Dev\Repositories\TP-OOTB-V8-0-0\Doc\IBM_Curam\WorkflowDocumentation\html\cls-CCSIntakeParticipant.html
C:\Dev\Repositories\TP-OOTB-V8-0-0\Doc\IBM_Curam\WorkflowDocumentation\html\method-ServiceInvoice.approveDuplicateSILI.html
C:\Dev\Repositories\TP-OOTB-V8-0-0\Doc\IBM_Curam\WorkflowDocumentation\html\method-ISPChip.addBenefitGroupMember.html
C:\Dev\Repositories\TP-OOTB-V8-0-0\Doc\IBM_Curam\WorkflowDocumentation\html\method-CCSChildPlacement.reopenLatestPlacement.html
C:\Dev\Repositories\TP-OOTB-V8-0-0\Doc\IBM_Curam\WorkflowDocumentation\html\method-SanctionAssessment.modifySanctionOverride.html
C:\Dev\Repositories\TP-OOTB-V8-0-0\Doc\IBM_Curam\WorkflowDocumentation\html\batch-RegenerateCaseFinancials-delayedRegeneration.html
C:\Dev\Repositories\TP-OOTB-V8-0-0\Doc\IBM_Curam\WorkflowDocumentation\html\cls-CCSIntegratedCase.html
C:\Dev\Repositories\TP-OOTB-V8-0-0\Doc\IBM_Curam\WorkflowDocumentation\html\cls-ApplicationCaseTimer.html
C:\Dev\Repositories\TP-OOTB-V8-0-0\Doc\IBM_Curam\erd\ERD-Reporting-ChildServicesDatamart.pdf
C:\Dev\Repositories\TP-OOTB-V8-0-0\Doc\IBM_Curam\WorkflowDocumentation\html\cls-SocialEnterpriseFolderIncident.html
C:\Dev\Repositories\TP-OOTB-V8-0-0\Doc\IBM_Curam\WorkflowDocumentation\html\method-SILICorrection.approveSILICorrection.html
C:\Dev\Repositories\TP-OOTB-V8-0-0\Doc\IBM_Curam\WorkflowDocumentation\html\cls-ISPChip.html
C:\Dev\Repositories\TP-OOTB-V8-0-0\Doc\IBM_Curam\WorkflowDocumentation\html\cls-ProgramIntegrity.html
C:\Dev\Repositories\TP-OOTB-V8-0-0\Doc\IBM_Curam\WorkflowDocumentation\html\cls-MeetingManagement.html
C:\Dev\Repositories\TP-OOTB-V8-0-0\Doc\IBM_Curam\WorkflowDocumentation\html\cls-WCOIntegratedCaseProduct.html
C:\Dev\Repositories\TP-OOTB-V8-0-0\Doc\IBM_Curam\WorkflowDocumentation\html\cls-MaintainPRLICorrectionClient.html
C:\Dev\Repositories\TP-OOTB-V8-0-0\Doc\IBM_Curam\WorkflowDocumentation\html\method-InvestigationDelivery.modifyClosureDetails.html
C:\Dev\Repositories\TP-OOTB-V8-0-0\Doc\IBM_Curam\WorkflowDocumentation\html\method-LegalAction.closeCase.html
C:\Dev\Repositories\TP-OOTB-V8-0-0\Doc\IBM_Curam\erd\ERD-Reporting-Central.pdf
C:\Dev\Repositories\TP-OOTB-V8-0-0\Doc\IBM_Curam\WorkflowDocumentation\html\method-MaintainServiceOffering.setTrainingServiceOfferingDetails.html
C:\Dev\Repositories\TP-OOTB-V8-0-0\Doc\IBM_Curam\erd\ERD-DecisionAssist.pdf
C:\Dev\Repositories\TP-OOTB-V8-0-0\Doc\IBM_Curam\WorkflowDocumentation\html\batch-ProcessChipProductDeliveryCases-process.html
C:\Dev\Repositories\TP-OOTB-V8-0-0\Doc\IBM_Curam\WorkflowDocumentation\html\batch-GenerateRostersWithDate-generateRostersWithDate.html
C:\Dev\Repositories\TP-OOTB-V8-0-0\Doc\IBM_Curam\WorkflowDocumentation\html\cls-EducationalInstitute.html
C:\Dev\Repositories\TP-OOTB-V8-0-0\Doc\IBM_Curam\WorkflowDocumentation\html\cls-WCOEmployer.html
C:\Dev\Repositories\TP-OOTB-V8-0-0\Doc\IBM_Curam\WorkflowDocumentation\html\cls-Meeting.html
C:\Dev\Repositories\TP-OOTB-V8-0-0\Doc\IBM_Curam\WorkflowDocumentation\html\cls-JudicialReview.html
C:\Dev\Repositories\TP-OOTB-V8-0-0\Doc\IBM_Curam\erd\ERD-Reporting-FinancialDatamart.pdf
C:\Dev\Repositories\TP-OOTB-V8-0-0\Doc\IBM_Curam\WorkflowDocumentation\html\method-MaintainServiceOffering.modifyNameTextTranslation.html
C:\Dev\Repositories\TP-OOTB-V8-0-0\Doc\IBM_Curam\WorkflowDocumentation\html\method-RegenerateCaseFinancials.delayedRegeneration.html
C:\Dev\Repositories\TP-OOTB-V8-0-0\Doc\IBM_Curam\WorkflowDocumentation\html\cls-SampleLiability.html
C:\Dev\Repositories\TP-OOTB-V8-0-0\Doc\IBM_Curam\WorkflowDocumentation\html\cls-WCOEmployerLocation.html
C:\Dev\Repositories\TP-OOTB-V8-0-0\Doc\IBM_Curam\WorkflowDocumentation\html\cls-MaintainServiceOffering.html
C:\Dev\Repositories\TP-OOTB-V8-0-0\Doc\IBM_Curam\WorkflowDocumentation\html\cls-WorkAllocation.html
C:\Dev\Repositories\TP-OOTB-V8-0-0\Doc\IBM_Curam\WorkflowDocumentation\html\cls-IntakeInformation.html
C:\Dev\Repositories\TP-OOTB-V8-0-0\Doc\IBM_Curam\WorkflowDocumentation\html\cls-MatchClient.html
C:\Dev\Repositories\TP-OOTB-V8-0-0\Doc\IBM_Curam\WorkflowDocumentation\html\cls-AppealedCaseApproval.html
C:\Dev\Repositories\TP-OOTB-V8-0-0\Doc\IBM_Curam\WorkflowDocumentation\html\method-CFSSInvestigationCase.modifyCaseClosureDetails.html
C:\Dev\Repositories\TP-OOTB-V8-0-0\Doc\IBM_Curam\WorkflowDocumentation\html\method-InvestigationDelivery.close.html
C:\Dev\Repositories\TP-OOTB-V8-0-0\Doc\IBM_Curam\WorkflowDocumentation\html\cls-MeetingMinutesWizard.html
C:\Dev\Repositories\TP-OOTB-V8-0-0\Doc\IBM_Curam\WorkflowDocumentation\html\cls-YouthAdmission.html
C:\Dev\Repositories\TP-OOTB-V8-0-0\Doc\IBM_Curam\erd\ERD-EvidenceBroker.pdf
C:\Dev\Repositories\TP-OOTB-V8-0-0\Doc\IBM_Curam\erd\ERD-ProviderManagement.pdf
C:\Dev\Repositories\TP-OOTB-V8-0-0\Doc\IBM_Curam\WorkflowDocumentation\html\method-ServiceOffering.modifyTrainingServiceOffering.html
C:\Dev\Repositories\TP-OOTB-V8-0-0\Doc\IBM_Curam\WorkflowDocumentation\html\cls-ManageYouthCaseVisitor.html
C:\Dev\Repositories\TP-OOTB-V8-0-0\Doc\IBM_Curam\WorkflowDocumentation\html\cls-YouthInterJurisdiction.html
C:\Dev\Repositories\TP-OOTB-V8-0-0\Doc\IBM_Curam\WorkflowDocumentation\html\cls-ProductDeliveryTab.html
C:\Dev\Repositories\TP-OOTB-V8-0-0\Doc\IBM_Curam\WorkflowDocumentation\html\method-WCOProductDelivery.close.html
C:\Dev\Repositories\TP-OOTB-V8-0-0\Doc\IBM_Curam\WorkflowDocumentation\html\cls-FacilityRelease.html
C:\Dev\Repositories\TP-OOTB-V8-0-0\Doc\IBM_Curam\WorkflowDocumentation\html\method-ProgramRecommendation.authorizeWithSelectedPrimaryClient.html
C:\Dev\Repositories\TP-OOTB-V8-0-0\Doc\IBM_Curam\WorkflowDocumentation\html\cls-Provider.html
C:\Dev\Repositories\TP-OOTB-V8-0-0\Doc\IBM_Curam\erd\ERD-YouthServices.pdf
C:\Dev\Repositories\TP-OOTB-V8-0-0\Doc\IBM_Curam\WorkflowDocumentation\html\cls-OutcomePlan.html
C:\Dev\Repositories\TP-OOTB-V8-0-0\Doc\IBM_Curam\WorkflowDocumentation\html\cls-MaintainExternalRoster.html
C:\Dev\Repositories\TP-OOTB-V8-0-0\Doc\IBM_Curam\WorkflowDocumentation\html\method-MaintainServiceOffering.createTrainingServiceOffering.html
C:\Dev\Repositories\TP-OOTB-V8-0-0\Doc\IBM_Curam\WorkflowDocumentation\html\batch-DetermineEligibility-assessBenefitCase.html
C:\Dev\Repositories\TP-OOTB-V8-0-0\Doc\IBM_Curam\erd\ERD-Reporting-IncomeSupportStaging.pdf
C:\Dev\Repositories\TP-OOTB-V8-0-0\Doc\IBM_Curam\WorkflowDocumentation\html\method-MaintainWaitList.modifyOverlappingPlacementPeriod.html
C:\Dev\Repositories\TP-OOTB-V8-0-0\Doc\IBM_Curam\WorkflowDocumentation\html\cls-ProspectEmployer.html
C:\Dev\Repositories\TP-OOTB-V8-0-0\Doc\IBM_Curam\erd\ERD-ContentManagement.pdf
C:\Dev\Repositories\TP-OOTB-V8-0-0\Doc\IBM_Curam\WorkflowDocumentation\html\batch-ISPDelayedEligibilityAssessment-reassessCase.html
C:\Dev\Repositories\TP-OOTB-V8-0-0\Doc\IBM_Curam\WorkflowDocumentation\html\cls-ProviderMember.html
C:\Dev\Repositories\TP-OOTB-V8-0-0\Doc\IBM_Curam\WorkflowDocumentation\html\cls-YouthIntegratedCase.html
C:\Dev\Repositories\TP-OOTB-V8-0-0\Doc\IBM_Curam\WorkflowDocumentation\html\cls-ClientMerge.html
C:\Dev\Repositories\TP-OOTB-V8-0-0\Doc\IBM_Curam\WorkflowDocumentation\html\cls-MaintainPRLIClient.html
C:\Dev\Repositories\TP-OOTB-V8-0-0\Doc\IBM_Curam\WorkflowDocumentation\html\cls-CaseAuditFindings.html
C:\Dev\Repositories\TP-OOTB-V8-0-0\Doc\IBM_Curam\erd\ERD-Reporting-IncomeSupportDatamart.pdf
C:\Dev\Repositories\TP-OOTB-V8-0-0\Doc\IBM_Curam\WorkflowDocumentation\html\cls-CoPaymentReceipt.html
C:\Dev\Repositories\TP-OOTB-V8-0-0\Doc\IBM_Curam\WorkflowDocumentation\html\cls-ProgramAuthorisation.html
C:\Dev\Repositories\TP-OOTB-V8-0-0\Doc\IBM_Curam\WorkflowDocumentation\html\cls-CCSAdoptionSubsidy.html
C:\Dev\Repositories\TP-OOTB-V8-0-0\Doc\IBM_Curam\WorkflowDocumentation\html\method-SamplePlacement.transferPlacementToAnotherCase.html
C:\Dev\Repositories\TP-OOTB-V8-0-0\Doc\IBM_Curam\WorkflowDocumentation\html\cls-HCRCase.html
C:\Dev\Repositories\TP-OOTB-V8-0-0\Doc\IBM_Curam\WorkflowDocumentation\html\cls-MaintainExternalRosterLineItem.html
C:\Dev\Repositories\TP-OOTB-V8-0-0\Doc\IBM_Curam\WorkflowDocumentation\html\cls-WCOProductProvider.html
C:\Dev\Repositories\TP-OOTB-V8-0-0\Doc\IBM_Curam\ValidationMessages\html\index.html
C:\Dev\Repositories\TP-OOTB-V8-0-0\Doc\IBM_Curam\WorkflowDocumentation\html\cls-ChildWelfareInvestigationParticipantAPI.html
C:\Dev\Repositories\TP-OOTB-V8-0-0\Doc\IBM_Curam\WorkflowDocumentation\html\method-ServiceInvoice.bulkApproveServiceInvoiceLineItems.html
C:\Dev\Repositories\TP-OOTB-V8-0-0\Doc\IBM_Curam\erd\ERD-Reporting-ChildServicesCentral.pdf
C:\Dev\Repositories\TP-OOTB-V8-0-0\Doc\IBM_Curam\WorkflowDocumentation\html\cls-HearingInterpreter.html
C:\Dev\Repositories\TP-OOTB-V8-0-0\Doc\IBM_Curam\WorkflowDocumentation\html\cls-CCSDecision.html
C:\Dev\Repositories\TP-OOTB-V8-0-0\Doc\IBM_Curam\WorkflowDocumentation\html\cls-CCSAllegation.html
C:\Dev\Repositories\TP-OOTB-V8-0-0\Doc\IBM_Curam\WorkflowDocumentation\html\batch-DelayedSupplierReturnProc-processSupplierReturn.html
C:\Dev\Repositories\TP-OOTB-V8-0-0\Doc\IBM_Curam\WorkflowDocumentation\html\cls-CCSIntake.html
C:\Dev\Repositories\TP-OOTB-V8-0-0\Doc\IBM_Curam\WorkflowDocumentation\html\batch-DelayedCaseClosure-closeCase.html
C:\Dev\Repositories\TP-OOTB-V8-0-0\Doc\IBM_Curam\WorkflowDocumentation\html\cls-LiteProviderReferral.html
C:\Dev\Repositories\TP-OOTB-V8-0-0\Doc\IBM_Curam\WorkflowDocumentation\html\cls-IntegratedCase.html
C:\Dev\Repositories\TP-OOTB-V8-0-0\Doc\IBM_Curam\WorkflowDocumentation\html\cls-IncomeSupportScreening.html
C:\Dev\Repositories\TP-OOTB-V8-0-0\Doc\IBM_Curam\erd\ERD-WorkersCompensation-DepreciatedEntities.pdf
C:\Dev\Repositories\TP-OOTB-V8-0-0\Doc\IBM_Curam\WorkflowDocumentation\html\method-ChildPlacement.updateOnHoldPlacements.html
C:\Dev\Repositories\TP-OOTB-V8-0-0\Doc\IBM_Curam\WorkflowDocumentation\html\batch-WCODetermineEligibility-assessBenefitCase.html
C:\Dev\Repositories\TP-OOTB-V8-0-0\Doc\IBM_Curam\WorkflowDocumentation\html\cls-MaintainRoster.html
C:\Dev\Repositories\TP-OOTB-V8-0-0\Doc\IBM_Curam\WorkflowDocumentation\html\method-UtilizationContract.createProviderOfferingRate.html
C:\Dev\Repositories\TP-OOTB-V8-0-0\Doc\IBM_Curam\WorkflowDocumentation\html\method-ProcessInteractiveLiabilities.processLiabilitiesDue.html
C:\Dev\Repositories\TP-OOTB-V8-0-0\Doc\IBM_Curam\WorkflowDocumentation\html\cls-Agreement.html
C:\Dev\Repositories\TP-OOTB-V8-0-0\Doc\IBM_Curam\WorkflowDocumentation\html\cls-ProviderEnquiry.html
C:\Dev\Repositories\TP-OOTB-V8-0-0\Doc\IBM_Curam\erd\ERD-SocialEnterpriseCollaboration.pdf
C:\Dev\Repositories\TP-OOTB-V8-0-0\Doc\IBM_Curam\WorkflowDocumentation\html\batch-EvidenceBrokerOnlyDP-shareBulkEvidence.html
C:\Dev\Repositories\TP-OOTB-V8-0-0\Doc\IBM_Curam\WorkflowDocumentation\html\cls-ManageVisitationPlan.html
C:\Dev\Repositories\TP-OOTB-V8-0-0\Doc\IBM_Curam\WorkflowDocumentation\html\method-CCSChildPlacement.createPlacement1.html
C:\Dev\Repositories\TP-OOTB-V8-0-0\Doc\IBM_Curam\WorkflowDocumentation\html\cls-LiteAgencyReferral.html
C:\Dev\Repositories\TP-OOTB-V8-0-0\Doc\IBM_Curam\WorkflowDocumentation\html\batch-ISPDelayedCaseClosure-closeCase.html
C:\Dev\Repositories\TP-OOTB-V8-0-0\Doc\IBM_Curam\WorkflowDocumentation\html\method-ISPDelayedCaseClosure.closeCase.html
C:\Dev\Repositories\TP-OOTB-V8-0-0\Doc\IBM_Curam\WorkflowDocumentation\html\cls-CFSSContactLog.html
C:\Dev\Repositories\TP-OOTB-V8-0-0\Doc\IBM_Curam\WorkflowDocumentation\html\cls-ApplicationCaseProgram.html
C:\Dev\Repositories\TP-OOTB-V8-0-0\Doc\IBM_Curam\erd\ERD-Intake.pdf
C:\Dev\Repositories\TP-OOTB-V8-0-0\Doc\IBM_Curam\WorkflowDocumentation\html\method-HCRCase.enableAndLogEmployeeCoCShopping.html
C:\Dev\Repositories\TP-OOTB-V8-0-0\Doc\IBM_Curam\WorkflowDocumentation\html\method-TransferApplication.transferApplicationToExistingCase.html
C:\Dev\Repositories\TP-OOTB-V8-0-0\Doc\IBM_Curam\WorkflowDocumentation\html\cls-ChildWelfareContactLogAPI.html
C:\Dev\Repositories\TP-OOTB-V8-0-0\Doc\IBM_Curam\WorkflowDocumentation\html\cls-MaintainServiceDeliveryEvidenceLink.html
C:\Dev\Repositories\TP-OOTB-V8-0-0\Doc\IBM_Curam\WorkflowDocumentation\html\method-SanctionAssessment.modifySanction.html
C:\Dev\Repositories\TP-OOTB-V8-0-0\Doc\IBM_Curam\WorkflowDocumentation\html\cls-CREOLEProgramRecommendation.html
C:\Dev\Repositories\TP-OOTB-V8-0-0\Doc\IBM_Curam\erd\ERD-Advisor.pdf
C:\Dev\Repositories\TP-OOTB-V8-0-0\Doc\IBM_Curam\WorkflowDocumentation\html\method-RoomAssignment.modifyRoomAssignment.html
C:\Dev\Repositories\TP-OOTB-V8-0-0\Doc\IBM_Curam\WorkflowDocumentation\html\cls-YouthPlacement.html
C:\Dev\Repositories\TP-OOTB-V8-0-0\Doc\IBM_Curam\WorkflowDocumentation\html\method-RoomAssignment.createRoomAssignment.html
C:\Dev\Repositories\TP-OOTB-V8-0-0\Doc\IBM_Curam\WorkflowDocumentation\html\cls-VerificationApplication.html
C:\Dev\Repositories\TP-OOTB-V8-0-0\Doc\IBM_Curam\WorkflowDocumentation\html\method-ProgramAuthorisation.denyProgram.html
C:\Dev\Repositories\TP-OOTB-V8-0-0\Doc\IBM_Curam\WorkflowDocumentation\html\batch-DeferredManageProgramGroup-manageProgramGroup.html
C:\Dev\Repositories\TP-OOTB-V8-0-0\Doc\IBM_Curam\WorkflowDocumentation\html\method-ISPSpendDown.createProgramFromRetroactiveDecision.html
C:\Dev\Repositories\TP-OOTB-V8-0-0\Doc\IBM_Curam\WorkflowDocumentation\html\cls-LegalHearing.html
C:\Dev\Repositories\TP-OOTB-V8-0-0\Doc\IBM_Curam\WorkflowDocumentation\html\cls-MaintainServiceAuthorization.html
C:\Dev\Repositories\TP-OOTB-V8-0-0\Doc\IBM_Curam\WorkflowDocumentation\html\cls-CFSSRelationship.html
C:\Dev\Repositories\TP-OOTB-V8-0-0\Doc\IBM_Curam\WorkflowDocumentation\html\batch-ProcessInteractiveLiabilities-processLiabilitiesDue.html
C:\Dev\Repositories\TP-OOTB-V8-0-0\Doc\IBM_Curam\DataDictionary\index.html
C:\Dev\Repositories\TP-OOTB-V8-0-0\Doc\IBM_Curam\WorkflowDocumentation\html\method-ISPSpendDown.close.html
C:\Dev\Repositories\TP-OOTB-V8-0-0\Doc\IBM_Curam\WorkflowDocumentation\html\cls-IntakeTimers.html
C:\Dev\Repositories\TP-OOTB-V8-0-0\Doc\IBM_Curam\erd\ERD-Infrastructure.pdf
C:\Dev\Repositories\TP-OOTB-V8-0-0\Doc\IBM_Curam\WorkflowDocumentation\html\method-MaintainSupervisorAppealCase.reassignCaseAppealsByDeadLine.html
C:\Dev\Repositories\TP-OOTB-V8-0-0\Doc\IBM_Curam\WorkflowDocumentation\html\batch-ChildPlacement-updateOnHoldPlacements.html
C:\Dev\Repositories\TP-OOTB-V8-0-0\Doc\IBM_Curam\WorkflowDocumentation\html\batch-RouteProductDeliveryApproval-routedSubmitForApproval.html
C:\Dev\Repositories\TP-OOTB-V8-0-0\Doc\IBM_Curam\WorkflowDocumentation\html\cls-SampleBenefit.html
C:\Dev\Repositories\TP-OOTB-V8-0-0\Doc\IBM_Curam\WorkflowDocumentation\html\method-ServiceOffering.updateServiceRate.html
C:\Dev\Repositories\TP-OOTB-V8-0-0\Doc\IBM_Curam\WorkflowDocumentation\html\cls-PaymentMessageAPI.html
C:\Dev\Repositories\TP-OOTB-V8-0-0\Doc\IBM_Curam\WorkflowDocumentation\html\cls-Person.html
C:\Dev\Repositories\TP-OOTB-V8-0-0\Doc\IBM_Curam\WorkflowDocumentation\html\cls-ProductDelivery.html
C:\Dev\Repositories\TP-OOTB-V8-0-0\Doc\IBM_Curam\WorkflowDocumentation\html\method-ServiceInvoice.approveServiceInvoiceLineItems.html
C:\Dev\Repositories\TP-OOTB-V8-0-0\Doc\IBM_Curam\WorkflowDocumentation\html\method-WCOServicePlanDelivery.suspend.html
C:\Dev\Repositories\TP-OOTB-V8-0-0\Doc\IBM_Curam\WorkflowDocumentation\html\method-ProviderOffering.updateProviderServiceOfferingRate.html
C:\Dev\Repositories\TP-OOTB-V8-0-0\Doc\IBM_Curam\WorkflowDocumentation\html\cls-IntakeDisposition.html
C:\Dev\Repositories\TP-OOTB-V8-0-0\Doc\IBM_Curam\WorkflowDocumentation\html\method-HCRCase.checkRetroactiveMedicaidEligibility.html
C:\Dev\Repositories\TP-OOTB-V8-0-0\Doc\IBM_Curam\WorkflowDocumentation\html\cls-ISPRetroactiveEligibility.html
C:\Dev\Repositories\TP-OOTB-V8-0-0\Doc\IBM_Curam\WorkflowDocumentation\html\cls-ProspectPerson.html
C:\Dev\Repositories\TP-OOTB-V8-0-0\Doc\IBM_Curam\WorkflowDocumentation\html\cls-ChildWelfarePersonAPI.html
C:\Dev\Repositories\TP-OOTB-V8-0-0\Doc\IBM_Curam\WorkflowDocumentation\html\cls-FacilityWorker.html
C:\Dev\Repositories\TP-OOTB-V8-0-0\Doc\IBM_Curam\WorkflowDocumentation\html\method-ContractManagement.modifyContractProviderOfferings.html
C:\Dev\Repositories\TP-OOTB-V8-0-0\Doc\IBM_Curam\WorkflowDocumentation\html\cls-DeterminationWS2.html
C:\Dev\Repositories\TP-OOTB-V8-0-0\Doc\IBM_Curam\WorkflowDocumentation\html\method-CaseMember.cancelSanction.html
C:\Dev\Repositories\TP-OOTB-V8-0-0\Doc\IBM_Curam\WorkflowDocumentation\html\cls-Appeal.html
C:\Dev\Repositories\TP-OOTB-V8-0-0\Doc\IBM_Curam\WorkflowDocumentation\html\method-MaintainServiceAuthorization.updateServiceAuthorizationLineItem.html
C:\Dev\Repositories\TP-OOTB-V8-0-0\Doc\IBM_Curam\WorkflowDocumentation\html\cls-Participant.html
C:\Dev\Repositories\TP-OOTB-V8-0-0\Doc\IBM_Curam\WorkflowDocumentation\workflow.xml
C:\Dev\Repositories\TP-OOTB-V8-0-0\Doc\IBM_Curam\WorkflowDocumentation\html\batch-DeferredEnrollmentEvent-processNewEnrollment.html
C:\Dev\Repositories\TP-OOTB-V8-0-0\Doc\IBM_Curam\WorkflowDocumentation\html\cls-SamplePlacement.html
C:\Dev\Repositories\TP-OOTB-V8-0-0\Doc\IBM_Curam\WorkflowDocumentation\html\cls-CasePlan.html
C:\Dev\Repositories\TP-OOTB-V8-0-0\Doc\IBM_Curam\WorkflowDocumentation\html\method-AssessmentCase.reject.html
C:\Dev\Repositories\TP-OOTB-V8-0-0\Doc\IBM_Curam\WorkflowDocumentation\html\cls-AppealCancellation.html
C:\Dev\Repositories\TP-OOTB-V8-0-0\Doc\IBM_Curam\WorkflowDocumentation\html\method-SamplePlacement.deletePlacement.html
C:\Dev\Repositories\TP-OOTB-V8-0-0\Doc\IBM_Curam\WorkflowDocumentation\html\cls-ISPProductDelivery.html
C:\Dev\Repositories\TP-OOTB-V8-0-0\Doc\IBM_Curam\WorkflowDocumentation\html\method-RouteProductDeliveryApproval.routedSubmitForApproval.html
C:\Dev\Repositories\TP-OOTB-V8-0-0\Doc\IBM_Curam\WorkflowDocumentation\html\method-UtilizationContract.modifyProviderGroupUtilizationContract.html
C:\Dev\Repositories\TP-OOTB-V8-0-0\Doc\IBM_Curam\WorkflowDocumentation\html\method-ServiceInvoice.submitServiceInvoiceLineItemForProcessing.html
C:\Dev\Repositories\TP-OOTB-V8-0-0\Doc\IBM_Curam\WorkflowDocumentation\html\cls-ClientContactWizard.html
C:\Dev\Repositories\TP-OOTB-V8-0-0\Doc\IBM_Curam\WorkflowDocumentation\html\cls-MeetingMinutesManagement.html
C:\Dev\Repositories\TP-OOTB-V8-0-0\Doc\IBM_Curam\WorkflowDocumentation\html\method-ProviderServicePlanDelivery.modifyProviderServicePlannedItem.html
C:\Dev\Repositories\TP-OOTB-V8-0-0\Doc\IBM_Curam\WorkflowDocumentation\html\method-UtilizationContract.createProviderUtilizationContract.html
C:\Dev\Repositories\TP-OOTB-V8-0-0\Doc\IBM_Curam\WorkflowDocumentation\html\method-MaintainServiceAuthorization.addSALIForSAWithFrequency.html
C:\Dev\Repositories\TP-OOTB-V8-0-0\Doc\IBM_Curam\WorkflowDocumentation\html\cls-SmartNavigatorAPI.html
C:\Dev\Repositories\TP-OOTB-V8-0-0\Doc\IBM_Curam\WorkflowDocumentation\html\cls-ProviderServicePlanDelivery.html
C:\Dev\Repositories\TP-OOTB-V8-0-0\Doc\IBM_Curam\WorkflowDocumentation\html\method-CCSChildPlacement.storePlacementDetails.html
C:\Dev\Repositories\TP-OOTB-V8-0-0\Doc\IBM_Curam\erd\ERD-IncomeSupportBI.pdf
C:\Dev\Repositories\TP-OOTB-V8-0-0\Doc\IBM_Curam\WorkflowDocumentation\html\batch-ProcessInteractivePayments-processPaymentsDue.html
C:\Dev\Repositories\TP-OOTB-V8-0-0\Doc\IBM_Curam\WorkflowDocumentation\html\cls-CoCWorkflowHelper.html
C:\Dev\Repositories\TP-OOTB-V8-0-0\Doc\IBM_Curam\WorkflowDocumentation\html\cls-ApplicationClient.html
C:\Dev\Repositories\TP-OOTB-V8-0-0\Doc\IBM_Curam\WorkflowDocumentation\html\cls-QuickRegistration.html
C:\Dev\Repositories\TP-OOTB-V8-0-0\Doc\IBM_Curam\WorkflowDocumentation\html\cls-ContactLog.html
C:\Dev\Repositories\TP-OOTB-V8-0-0\Doc\IBM_Curam\WorkflowDocumentation\html\cls-DispositionOrder.html
C:\Dev\Repositories\TP-OOTB-V8-0-0\Doc\IBM_Curam\WorkflowDocumentation\html\cls-MAProductDelivery.html
C:\Dev\Repositories\TP-OOTB-V8-0-0\Doc\IBM_Curam\WorkflowDocumentation\html\cls-PDCProspectPerson.html
C:\Dev\Repositories\TP-OOTB-V8-0-0\Doc\IBM_Curam\WorkflowDocumentation\html\method-CaseMember.modifySanction.html
C:\Dev\Repositories\TP-OOTB-V8-0-0\Doc\IBM_Curam\WorkflowDocumentation\html\cls-WCOClaimIntegratedCase.html
C:\Dev\Repositories\TP-OOTB-V8-0-0\Doc\IBM_Curam\WorkflowDocumentation\html\cls-CCSManageVisitationPlan.html
C:\Dev\Repositories\TP-OOTB-V8-0-0\Doc\IBM_Curam\WorkflowDocumentation\html\method-SILICorrection.approveServiceInvoiceLineItemCorrection.html
C:\Dev\Repositories\TP-OOTB-V8-0-0\Doc\IBM_Curam\WorkflowDocumentation\html\cls-MDTExternal.html
C:\Dev\Repositories\TP-OOTB-V8-0-0\Doc\IBM_Curam\WorkflowDocumentation\html\method-MaintainServiceOffering.createServiceOffering.html
C:\Dev\Repositories\TP-OOTB-V8-0-0\Doc\IBM_Curam\WorkflowDocumentation\html\method-Evidence.transferEvidence1.html
C:\Dev\Repositories\TP-OOTB-V8-0-0\Doc\IBM_Curam\erd\ERD-Screening.pdf
C:\Dev\Repositories\TP-OOTB-V8-0-0\Doc\IBM_Curam\WorkflowDocumentation\html\cls-WCOPerson.html
C:\Dev\Repositories\TP-OOTB-V8-0-0\Doc\IBM_Curam\WorkflowDocumentation\html\cls-ChildServicesSDMAssessment.html
C:\Dev\Repositories\TP-OOTB-V8-0-0\Doc\IBM_Curam\WorkflowDocumentation\html\cls-CaseAppealWizard.html
C:\Dev\Repositories\TP-OOTB-V8-0-0\Doc\IBM_Curam\WorkflowDocumentation\html\cls-IncomeScreening.html
C:\Dev\Repositories\TP-OOTB-V8-0-0\Doc\IBM_Curam\WorkflowDocumentation\html\method-MaintainWaitList.assignPlace.html
C:\Dev\Repositories\TP-OOTB-V8-0-0\Doc\IBM_Curam\WorkflowDocumentation\html\method-Financial.invalidateCanceledPayment.html
C:\Dev\Repositories\TP-OOTB-V8-0-0\Doc\IBM_Curam\WorkflowDocumentation\html\cls-LegalOrder.html
C:\Dev\Repositories\TP-OOTB-V8-0-0\Doc\IBM_Curam\WorkflowDocumentation\html\method-ServiceOffering.createTrainingServiceOffering.html
C:\Dev\Repositories\TP-OOTB-V8-0-0\Doc\IBM_Curam\WorkflowDocumentation\html\method-Agreement.approve.html
C:\Dev\Repositories\TP-OOTB-V8-0-0\Doc\IBM_Curam\WorkflowDocumentation\html\method-Financial.reverseFinancialInstruction.html
C:\Dev\Repositories\TP-OOTB-V8-0-0\Doc\IBM_Curam\erd\ERD-Reporting-CaseDatamart.pdf
C:\Dev\Repositories\TP-OOTB-V8-0-0\Doc\IBM_Curam\WorkflowDocumentation\html\cls-Representative.html
C:\Dev\Repositories\TP-OOTB-V8-0-0\Doc\IBM_Curam\WorkflowDocumentation\html\method-Financial.cancelRegenerateOrInvalidatePayment.html
C:\Dev\Repositories\TP-OOTB-V8-0-0\Doc\IBM_Curam\WorkflowDocumentation\html\cls-ChildWelfareSafetyAssessmentAPI.html
C:\Dev\Repositories\TP-OOTB-V8-0-0\Doc\IBM_Curam\WorkflowDocumentation\html\cls-MaintainWaitList.html
C:\Dev\Repositories\TP-OOTB-V8-0-0\Doc\IBM_Curam\WorkflowDocumentation\html\cls-SanctionAssessment.html
C:\Dev\Repositories\TP-OOTB-V8-0-0\Doc\IBM_Curam\WorkflowDocumentation\html\cls-SocialEnterpriseFolder.html
C:\Dev\Repositories\TP-OOTB-V8-0-0\Doc\IBM_Curam\WorkflowDocumentation\html\cls-MaintainSampleReservation.html
C:\Dev\Repositories\TP-OOTB-V8-0-0\Doc\IBM_Curam\WorkflowDocumentation\html\cls-Transportation.html
C:\Dev\Repositories\TP-OOTB-V8-0-0\Doc\IBM_Curam\WorkflowDocumentation\html\cls-LegalAction.html
C:\Dev\Repositories\TP-OOTB-V8-0-0\Doc\IBM_Curam\WorkflowDocumentation\html\method-MaintainReservation.confirmModifyPlacement.html
C:\Dev\Repositories\TP-OOTB-V8-0-0\Doc\IBM_Curam\WorkflowDocumentation\html\method-CoCWorkflowHelper.activateEvidence.html
C:\Dev\Repositories\TP-OOTB-V8-0-0\Doc\IBM_Curam\WorkflowDocumentation\html\method-ContractManagement.modifyContractProviderOfferingsForProviderGroupContract.html
C:\Dev\Repositories\TP-OOTB-V8-0-0\Doc\IBM_Curam\WorkflowDocumentation\html\method-UtilizationContract.preAmendUtilizationContract.html
C:\Dev\Repositories\TP-OOTB-V8-0-0\Doc\IBM_Curam\WorkflowDocumentation\html\cls-IssueDelivery.html
C:\Dev\Repositories\TP-OOTB-V8-0-0\Doc\IBM_Curam\WorkflowDocumentation\html\cls-Intake.html
C:\Dev\Repositories\TP-OOTB-V8-0-0\Doc\IBM_Curam\WorkflowDocumentation\html\method-ServiceInvoice.submitSILIForProcessingInView.html
C:\Dev\Repositories\TP-OOTB-V8-0-0\Doc\IBM_Curam\WorkflowDocumentation\html\batch-ScanAutoReassignableCaseRedirections-autoReassignCasessBack.html
C:\Dev\Repositories\TP-OOTB-V8-0-0\Doc\IBM_Curam\WorkflowDocumentation\html\cls-ReferralWizard.html
C:\Dev\Repositories\TP-OOTB-V8-0-0\Doc\IBM_Curam\WorkflowDocumentation\html\batch-ReassignCasesForUser-delayedReassignCasesForUser.html
C:\Dev\Repositories\TP-OOTB-V8-0-0\Doc\IBM_Curam\WorkflowDocumentation\html\cls-EligibilityResult.html
C:\Dev\Repositories\TP-OOTB-V8-0-0\Doc\IBM_Curam\WorkflowDocumentation\html\method-CCSChildPlacement.removePlacement.html
C:\Dev\Repositories\TP-OOTB-V8-0-0\Doc\IBM_Curam\WorkflowDocumentation\html\cls-IntakeParticipantRegistration.html
C:\Dev\Repositories\TP-OOTB-V8-0-0\Doc\IBM_Curam\WorkflowDocumentation\html\method-ActivateProviderPaymentCorrectionCases.processPaymentCorrectionCases.html
C:\Dev\Repositories\TP-OOTB-V8-0-0\Doc\IBM_Curam\WorkflowDocumentation\html\cls-WCOProductDelivery.html
C:\Dev\Repositories\TP-OOTB-V8-0-0\Doc\IBM_Curam\WorkflowDocumentation\html\cls-ContractManagement.html
C:\Dev\Repositories\TP-OOTB-V8-0-0\Doc\IBM_Curam\WorkflowDocumentation\html\cls-CCSCaseClosure.html
C:\Dev\Repositories\TP-OOTB-V8-0-0\Doc\IBM_Curam\WorkflowDocumentation\html\cls-ExternalParty.html
C:\Dev\Repositories\TP-OOTB-V8-0-0\Doc\IBM_Curam\WorkflowDocumentation\html\method-ServiceOffering.updatePaymentOption.html
C:\Dev\Repositories\TP-OOTB-V8-0-0\Doc\IBM_Curam\WorkflowDocumentation\html\method-ProviderPaymentOptions.updateProviderPaymentOptions.html
C:\Dev\Repositories\TP-OOTB-V8-0-0\Doc\IBM_Curam\WorkflowDocumentation\html\method-ISPSpendDown.reuseProgramFromRetroactiveDecision.html
C:\Dev\Repositories\TP-OOTB-V8-0-0\Doc\IBM_Curam\WorkflowDocumentation\html\cls-Organization.html
C:\Dev\Repositories\TP-OOTB-V8-0-0\Doc\IBM_Curam\WorkflowDocumentation\html\cls-ProductProvider.html
C:\Dev\Repositories\TP-OOTB-V8-0-0\Doc\IBM_Curam\WorkflowDocumentation\html\cls-Screening.html
C:\Dev\Repositories\TP-OOTB-V8-0-0\Doc\IBM_Curam\WorkflowDocumentation\html\method-CCSChildPlacement.updatePlacement.html
C:\Dev\Repositories\TP-OOTB-V8-0-0\Doc\IBM_Curam\WorkflowDocumentation\html\method-MaintainReservation.confirmUpdatedPlacement.html
C:\Dev\Repositories\TP-OOTB-V8-0-0\Doc\IBM_Curam\WorkflowDocumentation\html\cls-ApplicationHome.html
C:\Dev\Repositories\TP-OOTB-V8-0-0\Doc\IBM_Curam\WorkflowDocumentation\html\cls-MaintainProviderDeduction.html
C:\Dev\Repositories\TP-OOTB-V8-0-0\Doc\IBM_Curam\WorkflowDocumentation\html\batch-DeferredAnnualRenewal-completeRenewal.html
C:\Dev\Repositories\TP-OOTB-V8-0-0\Doc\IBM_Curam\WorkflowDocumentation\html\cls-WCOCaseParticipantRole.html
C:\Dev\Repositories\TP-OOTB-V8-0-0\Doc\IBM_Curam\WorkflowDocumentation\html\method-CCSChildPlacement.createPlacementWizard.html
C:\Dev\Repositories\TP-OOTB-V8-0-0\Doc\IBM_Curam\WorkflowDocumentation\html\method-SamplePlacement.createPlacement.html
C:\Dev\Repositories\TP-OOTB-V8-0-0\Doc\IBM_Curam\erd\ERD-UniversalAccess.pdf
C:\Dev\Repositories\TP-OOTB-V8-0-0\Doc\IBM_Curam\WorkflowDocumentation\html\batch-DelayedEligibilityAssessment-reassessCase.html
C:\Dev\Repositories\TP-OOTB-V8-0-0\Doc\IBM_Curam\erd\ERD-Appeals.pdf
C:\Dev\Repositories\TP-OOTB-V8-0-0\Doc\IBM_Curam\WorkflowDocumentation\html\cls-MotivationBuilder.html
C:\Dev\Repositories\TP-OOTB-V8-0-0\Doc\IBM_Curam\WorkflowDocumentation\html\method-YouthPlacement.createPlacement.html
C:\Dev\Repositories\TP-OOTB-V8-0-0\Doc\IBM_Curam\WorkflowDocumentation\html\method-Placement.resolveTransferClient.html
C:\Dev\Repositories\TP-OOTB-V8-0-0\Doc\IBM_Curam\WorkflowDocumentation\html\cls-MeetingMinutes.html
C:\Dev\Repositories\TP-OOTB-V8-0-0\Doc\IBM_Curam\WorkflowDocumentation\html\method-Placement.transferClient.html
C:\Dev\Repositories\TP-OOTB-V8-0-0\Doc\IBM_Curam\WorkflowDocumentation\html\cls-IVEEligibility.html
C:\Dev\Repositories\TP-OOTB-V8-0-0\Doc\IBM_Curam\WorkflowDocumentation\html\cls-DecisionApproval.html
C:\Dev\Repositories\TP-OOTB-V8-0-0\Doc\IBM_Curam\WorkflowDocumentation\html\method-ServiceInvoice.allowDuplicateServiceInvoiceLineItem.html
C:\Dev\Repositories\TP-OOTB-V8-0-0\Doc\IBM_Curam\WorkflowDocumentation\html\cls-Case.html
C:\Dev\Repositories\TP-OOTB-V8-0-0\Doc\IBM_Curam\WorkflowDocumentation\html\cls-TemporaryRelease.html
C:\Dev\Repositories\TP-OOTB-V8-0-0\Doc\IBM_Curam\WorkflowDocumentation\html\cls-EVDCase.html
C:\Dev\Repositories\TP-OOTB-V8-0-0\Doc\IBM_Curam\WorkflowDocumentation\html\cls-HearingAttendee.html
C:\Dev\Repositories\TP-OOTB-V8-0-0\Doc\IBM_Curam\WorkflowDocumentation\html\method-MaintainReservation.confirmReservation.html
C:\Dev\Repositories\TP-OOTB-V8-0-0\Doc\IBM_Curam\WorkflowDocumentation\html\method-SamplePlacement.updatePlacementPeriod.html
C:\Dev\Repositories\TP-OOTB-V8-0-0\Doc\IBM_Curam\WorkflowDocumentation\html\cls-MaintainProvider.html
C:\Dev\Repositories\TP-OOTB-V8-0-0\Doc\IBM_Curam\WorkflowDocumentation\html\cls-IntegratedCaseProduct.html
C:\Dev\Repositories\TP-OOTB-V8-0-0\Doc\IBM_Curam\WorkflowDocumentation\html\cls-YouthOffense.html
C:\Dev\Repositories\TP-OOTB-V8-0-0\Doc\IBM_Curam\WorkflowDocumentation\html\cls-ThirdParty.html
C:\Dev\Repositories\TP-OOTB-V8-0-0\Doc\IBM_Curam\WorkflowDocumentation\html\method-AssessmentCase.approve.html
C:\Dev\Repositories\TP-OOTB-V8-0-0\Doc\IBM_Curam\WorkflowDocumentation\html\method-ISPChip.removeBenefitGroupMember.html
C:\Dev\Repositories\TP-OOTB-V8-0-0\Doc\IBM_Curam\WorkflowDocumentation\html\cls-InvestigationDelivery.html
C:\Dev\Repositories\TP-OOTB-V8-0-0\Doc\IBM_Curam\WorkflowDocumentation\html\method-Placement.modifyPlacementDetails.html
C:\Dev\Repositories\TP-OOTB-V8-0-0\Doc\IBM_Curam\WorkflowDocumentation\html\cls-WCOProspect.html
C:\Dev\Repositories\TP-OOTB-V8-0-0\Doc\IBM_Curam\WorkflowDocumentation\html\method-MaintainWaitList.updateOverlappingPlacementPeriod.html
C:\Dev\Repositories\TP-OOTB-V8-0-0\Doc\IBM_Curam\WorkflowDocumentation\html\cls-MultidisciplinaryTeam.html
C:\Dev\Repositories\TP-OOTB-V8-0-0\Doc\IBM_Curam\WorkflowDocumentation\html\method-RoomAssignment.createEmergencyRoomAssignment.html
C:\Dev\Repositories\TP-OOTB-V8-0-0\Doc\IBM_Curam\erd\ERD-ChildServices.pdf
C:\Dev\Repositories\TP-OOTB-V8-0-0\Doc\IBM_Curam\WorkflowDocumentation\html\method-ProductDelivery.approve.html
C:\Dev\Repositories\TP-OOTB-V8-0-0\Doc\IBM_Curam\WorkflowDocumentation\html\cls-CaseMember.html
C:\Dev\Repositories\TP-OOTB-V8-0-0\Doc\IBM_Curam\WorkflowDocumentation\html\method-ISPRetroactiveEligibility.createPrograms.html
C:\Dev\Repositories\TP-OOTB-V8-0-0\Doc\IBM_Curam\WorkflowDocumentation\html\cls-ApplicationVerification.html
C:\Dev\Repositories\TP-OOTB-V8-0-0\Doc\IBM_Curam\WorkflowDocumentation\html\cls-CCSIntakeReporter.html
C:\Dev\Repositories\TP-OOTB-V8-0-0\Doc\IBM_Curam\WorkflowDocumentation\html\batch-FinancialProcessing-processPayments.html
C:\Dev\Repositories\TP-OOTB-V8-0-0\Doc\IBM_Curam\WorkflowDocumentation\html\cls-MaintainRosterLineItem.html
C:\Dev\Repositories\TP-OOTB-V8-0-0\Doc\IBM_Curam\WorkflowDocumentation\html\cls-HearingWitness.html
C:\Dev\Repositories\TP-OOTB-V8-0-0\Doc\IBM_Curam\WorkflowDocumentation\html\cls-HCRAddMemberWizard.html
C:\Dev\Repositories\TP-OOTB-V8-0-0\Doc\IBM_Curam\erd\ERD-Reporting-ChildServicesStaging.pdf
C:\Dev\Repositories\TP-OOTB-V8-0-0\Doc\IBM_Curam\WorkflowDocumentation\html\method-Placement.modifyPlacementCommentsAndPeriodDetails.html
C:\Dev\Repositories\TP-OOTB-V8-0-0\Doc\IBM_Curam\WorkflowDocumentation\html\batch-EvidenceBrokerDP-shareBulkEvidence.html
C:\Dev\Repositories\TP-OOTB-V8-0-0\Doc\IBM_Curam\WorkflowDocumentation\html\cls-ApplicationCommunication.html
C:\Dev\Repositories\TP-OOTB-V8-0-0\Doc\IBM_Curam\WorkflowDocumentation\html\method-MaintainReservation.confirmCancelExistingReservationForAnyClient.html
C:\Dev\Repositories\TP-OOTB-V8-0-0\Doc\IBM_Curam\WorkflowDocumentation\html\cls-Referral.html
C:\Dev\Repositories\TP-OOTB-V8-0-0\Doc\IBM_Curam\WorkflowDocumentation\html\cls-HCREvidenceIssueVerifications.html
C:\Dev\Repositories\TP-OOTB-V8-0-0\Doc\IBM_Curam\WorkflowDocumentation\html\cls-WCOMaintainSupervisorOrgUnits.html
C:\Dev\Repositories\TP-OOTB-V8-0-0\Doc\IBM_Curam\WorkflowDocumentation\html\cls-WCOProspectEmployerWithNewData.html
C:\Dev\Repositories\TP-OOTB-V8-0-0\Doc\IBM_Curam\WorkflowDocumentation\html\cls-ProviderFinancial.html
C:\Dev\Repositories\TP-OOTB-V8-0-0\Doc\IBM_Curam\WorkflowDocumentation\html\method-ServiceInvoice.submitServiceInvoiceLineItemsForProcessing.html
C:\Dev\Repositories\TP-OOTB-V8-0-0\Doc\IBM_Curam\WorkflowDocumentation\html\cls-AssessmentCase.html
C:\Dev\Repositories\TP-OOTB-V8-0-0\Doc\IBM_Curam\WorkflowDocumentation\html\cls-MaintainSupervisorAppealCase.html
C:\Dev\Repositories\TP-OOTB-V8-0-0\Doc\IBM_Curam\WorkflowDocumentation\html\cls-Appellant.html
C:\Dev\Repositories\TP-OOTB-V8-0-0\Doc\IBM_Curam\WorkflowDocumentation\html\cls-Hearing.html
C:\Dev\Repositories\TP-OOTB-V8-0-0\Doc\IBM_Curam\WorkflowDocumentation\html\method-IssueDelivery.addEvidence.html
C:\Dev\Repositories\TP-OOTB-V8-0-0\Doc\IBM_Curam\WorkflowDocumentation\html\method-CCSChildPlacement.rejectPlacement.html
C:\Dev\Repositories\TP-OOTB-V8-0-0\Doc\IBM_Curam\WorkflowDocumentation\html\cls-WCOParticipantRegistration.html
C:\Dev\Repositories\TP-OOTB-V8-0-0\Doc\IBM_Curam\erd\ERD-Evidence.pdf
C:\Dev\Repositories\TP-OOTB-V8-0-0\Doc\IBM_Curam\WorkflowDocumentation\html\method-CCSChildPlacement.createDischargeActivityDetails.html
C:\Dev\Repositories\TP-OOTB-V8-0-0\Doc\IBM_Curam\WorkflowDocumentation\html\method-MaintainServiceAuthorization.triggerReassessment.html
C:\Dev\Repositories\TP-OOTB-V8-0-0\Doc\IBM_Curam\WorkflowDocumentation\html\cls-CHIPAdministration.html
C:\Dev\Repositories\TP-OOTB-V8-0-0\Doc\IBM_Curam\WorkflowDocumentation\html\cls-ThirdPartyRequest.html
C:\Dev\Repositories\TP-OOTB-V8-0-0\Doc\IBM_Curam\WorkflowDocumentation\html\cls-RoomAssignment.html
C:\Dev\Repositories\TP-OOTB-V8-0-0\Doc\IBM_Curam\WorkflowDocumentation\html\method-ServiceOffering.createServiceRate.html
C:\Dev\Repositories\TP-OOTB-V8-0-0\Doc\IBM_Curam\WorkflowDocumentation\html\cls-ISPCase.html
C:\Dev\Repositories\TP-OOTB-V8-0-0\Doc\IBM_Curam\WorkflowDocumentation\html\method-ContractManagement.renewContract.html
C:\Dev\Repositories\TP-OOTB-V8-0-0\Doc\IBM_Curam\WorkflowDocumentation\html\cls-ServicePlanGroupDelivery.html
C:\Dev\Repositories\TP-OOTB-V8-0-0\Doc\IBM_Curam\WorkflowDocumentation\html\cls-CFSSClientMerge.html
C:\Dev\Repositories\TP-OOTB-V8-0-0\Doc\IBM_Curam\WorkflowDocumentation\html\cls-HearingCase.html
C:\Dev\Repositories\TP-OOTB-V8-0-0\Doc\IBM_Curam\WorkflowDocumentation\html\cls-TransferApplication.html
C:\Dev\Repositories\TP-OOTB-V8-0-0\Doc\IBM_Curam\erd\ERD-CommonIntake.pdf
C:\Dev\Repositories\TP-OOTB-V8-0-0\Doc\IBM_Curam\WorkflowDocumentation\html\cls-ClaimIntakeWS2.html
C:\Dev\Repositories\TP-OOTB-V8-0-0\Doc\IBM_Curam\WorkflowDocumentation\html\method-ISPChip.close.html
C:\Dev\Repositories\TP-OOTB-V8-0-0\Doc\IBM_Curam\WorkflowDocumentation\html\method-ProviderOffering.createProviderServiceOfferingRate.html
C:\Dev\Repositories\TP-OOTB-V8-0-0\Doc\IBM_Curam\WorkflowDocumentation\html\method-CCSChildPlacement.editDischargeDate.html
C:\Dev\Repositories\TP-OOTB-V8-0-0\Doc\IBM_Curam\WorkflowDocumentation\html\cls-SILICorrection.html
C:\Dev\Repositories\TP-OOTB-V8-0-0\Doc\IBM_Curam\WorkflowDocumentation\html\cls-MaintainExternalPRLICorrection.html
C:\Dev\Repositories\TP-OOTB-V8-0-0\Doc\IBM_Curam\WorkflowDocumentation\html\cls-AnnualRenewal.html
C:\Dev\Repositories\TP-OOTB-V8-0-0\Doc\IBM_Curam\WorkflowDocumentation\html\cls-AssessmentInstance.html
C:\Dev\Repositories\TP-OOTB-V8-0-0\Doc\IBM_Curam\WorkflowDocumentation\html\method-YouthPlacement.createPlacementFromCase.html
C:\Dev\Repositories\TP-OOTB-V8-0-0\Doc\IBM_Curam\WorkflowDocumentation\html\cls-Applicant.html
C:\Dev\Repositories\TP-OOTB-V8-0-0\8.0.1.0_iFix2-ObsoleteFilesList.txt
C:\Dev\Repositories\TP-OOTB-V8-0-0\Installer\moveObsoleteFiles.bat
C:\Dev\Repositories\TP-OOTB-V8-0-0\Installer\moveObsoleteFiles.sh
C:\Dev\Repositories\TP-OOTB-V8-0-0\Installer\moveObsoleteFiles.xml
C:\Dev\Repositories\TP-OOTB-V8-0-0\CuramCDEJ\doc\JavaScript\symbols\curam.dcl.html
C:\Dev\Repositories\TP-OOTB-V8-0-0\CuramCDEJ\lib\curam\jar\client-persistence.jar
C:\Dev\Repositories\TP-OOTB-V8-0-0\CuramCDEJ\lib\curam\jar\plug-in-core.jar
C:\Dev\Repositories\TP-OOTB-V8-0-0\CuramCDEJ\lib\curam\jar\renderer-plug-ins-test-classes.jar
C:\Dev\Repositories\TP-OOTB-V8-0-0\CuramCDEJ\lib\ext\jar\log4j-core-2.17.1.jar
C:\Dev\Repositories\TP-OOTB-V8-0-0\CuramCDEJ\lib\curam\jar\plug-in-framework.jar
C:\Dev\Repositories\TP-OOTB-V8-0-0\CuramCDEJ\bin\build-properties.xml
C:\Dev\Repositories\TP-OOTB-V8-0-0\CuramCDEJ\lib\curam\jar\omega3-commons.jar
C:\Dev\Repositories\TP-OOTB-V8-0-0\CuramCDEJ\doc\JavaScript\symbols\curam.widget.ProgressSpinner.html
C:\Dev\Repositories\TP-OOTB-V8-0-0\CuramCDEJ\lib\ext\jar\log4j-api-2.17.1.jar
C:\Dev\Repositories\TP-OOTB-V8-0-0\CuramCDEJ\doc\javadoc.zip
C:\Dev\Repositories\TP-OOTB-V8-0-0\CuramCDEJ\doc\JavaScript\symbols\curam.util.Dialog.html
C:\Dev\Repositories\TP-OOTB-V8-0-0\CuramCDEJ\doc\JavaScript\symbols\curam.util.ui.Application.html
C:\Dev\Repositories\TP-OOTB-V8-0-0\CuramCDEJ\doc\JavaScript\symbols\curam.util.Navigation.html
C:\Dev\Repositories\TP-OOTB-V8-0-0\CuramCDEJ\.classpath
C:\Dev\Repositories\TP-OOTB-V8-0-0\CuramCDEJ\lib\curam\jar\helptools.jar
C:\Dev\Repositories\TP-OOTB-V8-0-0\CuramCDEJ\lib\curam\jar\texthelper.jar
C:\Dev\Repositories\TP-OOTB-V8-0-0\CuramCDEJ\doc\JavaScript\symbols\curam.util.ui.AppExitConditionHandler.html
C:\Dev\Repositories\TP-OOTB-V8-0-0\CuramCDEJ\lib\curam\jar\jde-commons.jar
C:\Dev\Repositories\TP-OOTB-V8-0-0\CuramCDEJ\lib\curam\jar\general-plug-ins.jar
C:\Dev\Repositories\TP-OOTB-V8-0-0\CuramCDEJ\lib\curam\jar\renderer-plug-ins.jar
C:\Dev\Repositories\TP-OOTB-V8-0-0\CuramCDEJ\lib\curam\jar\security-inf.jar
C:\Dev\Repositories\TP-OOTB-V8-0-0\CuramCDEJ\doc\JavaScript\symbols\curam.util.UimDialog.html
C:\Dev\Repositories\TP-OOTB-V8-0-0\CuramCDEJ\doc\JavaScript\symbols\curam.util.DataServiceAPI.html
C:\Dev\Repositories\TP-OOTB-V8-0-0\CuramCDEJ\doc\JavaScript\symbols\curam.util.ResourceBundle.html
C:\Dev\Repositories\TP-OOTB-V8-0-0\CuramCDEJ\lib\curam\web\jscript\dojo-ibm-V1.10.5.zip
C:\Dev\Repositories\TP-OOTB-V8-0-0\CuramCDEJ\lib\curam\jar\log4j2-config.jar
C:\Dev\Repositories\TP-OOTB-V8-0-0\CuramCDEJ\lib\curam\jar\renderer-model.jar
C:\Dev\Repositories\TP-OOTB-V8-0-0\CuramCDEJ\doc\JavaScript\index.html
C:\Dev\Repositories\TP-OOTB-V8-0-0\CuramCDEJ\lib\curam\jar\commons-testing.jar
C:\Dev\Repositories\TP-OOTB-V8-0-0\CuramCDEJ\doc\JavaScript\symbols\_global_.html
C:\Dev\Repositories\TP-OOTB-V8-0-0\CuramCDEJ\lib\curam\jar\j2arkdepend.jar
C:\Dev\Repositories\TP-OOTB-V8-0-0\CuramCDEJ\doc\JavaScript\files.html
C:\Dev\Repositories\TP-OOTB-V8-0-0\CuramCDEJ\doc\JavaScript\symbols\curam.util.Request.html
C:\Dev\Repositories\TP-OOTB-V8-0-0\CuramCDEJ\lib\curam\jar\omega3-generator.jar
C:\Dev\Repositories\TP-OOTB-V8-0-0\CuramCDEJ\lib\curam\jar\omega3-coreInf.jar
C:\Dev\Repositories\TP-OOTB-V8-0-0\CuramCDEJ\lib\curam\jar\plug-in-core-test-classes.jar
C:\Dev\Repositories\TP-OOTB-V8-0-0\CuramCDEJ\doc\JavaScript\symbols\curam.util.DialogObject.html
C:\Dev\Repositories\TP-OOTB-V8-0-0\CuramCDEJ\lib\curam\jar\cdsl.jar
C:\Dev\Repositories\TP-OOTB-V8-0-0\CuramCDEJ\doc\JavaScript\symbols\curam.util.Dropdown.html
C:\Dev\Repositories\TP-OOTB-V8-0-0\Uninstaller\uninstaller.jar