C:\dev\repositories\Technology-Platform-Curam-SPM-OOTB-V8-0-0\CuramSDEJ\lib\WLPRegistry.jar
C:\dev\repositories\Technology-Platform-Curam-SPM-OOTB-V8-0-0\CuramSDEJ\lib\coreinf.jar
C:\dev\repositories\Technology-Platform-Curam-SPM-OOTB-V8-0-0\CuramSDEJ\lib\rules.jar
C:\dev\repositories\Technology-Platform-Curam-SPM-OOTB-V8-0-0\CuramSDEJ\lib\wlstcontrol.jar
C:\dev\repositories\Technology-Platform-Curam-SPM-OOTB-V8-0-0\CuramSDEJ\bin\app_properties.xml
C:\dev\repositories\Technology-Platform-Curam-SPM-OOTB-V8-0-0\CuramSDEJ\xmlserver\xmlservercommon.jar
C:\dev\repositories\Technology-Platform-Curam-SPM-OOTB-V8-0-0\CuramSDEJ\lib\coreinf-ejb.jar
C:\dev\repositories\Technology-Platform-Curam-SPM-OOTB-V8-0-0\CuramSDEJ\doc\api\curam\util\type\struct\package-tree.html
C:\dev\repositories\Technology-Platform-Curam-SPM-OOTB-V8-0-0\CuramSDEJ\doc\api\curam\util\type\package-tree.html
C:\dev\repositories\Technology-Platform-Curam-SPM-OOTB-V8-0-0\CuramSDEJ\lib\rules_debugger.jar
C:\dev\repositories\Technology-Platform-Curam-SPM-OOTB-V8-0-0\CuramSDEJ\lib\log4j2-config.jar
C:\dev\repositories\Technology-Platform-Curam-SPM-OOTB-V8-0-0\CuramSDEJ\lib\CuramMBean.jar
C:\dev\repositories\Technology-Platform-Curam-SPM-OOTB-V8-0-0\CuramSDEJ\doc\api.zip
C:\dev\repositories\Technology-Platform-Curam-SPM-OOTB-V8-0-0\CuramSDEJ\lib\axis2\esapi-2.4.0.0.jar
C:\dev\repositories\Technology-Platform-Curam-SPM-OOTB-V8-0-0\CuramSDEJ\lib\coreinf-rmi.jar
C:\dev\repositories\Technology-Platform-Curam-SPM-OOTB-V8-0-0\CuramSDEJ\lib\tools.jar
C:\dev\repositories\Technology-Platform-Curam-SPM-OOTB-V8-0-0\CuramSDEJ\lib\xmlservercommon.jar
C:\dev\repositories\Technology-Platform-Curam-SPM-OOTB-V8-0-0\CuramSDEJ\rsa\eclipse\plugins\curam.ide.modeling.profile.jar
C:\dev\repositories\Technology-Platform-Curam-SPM-OOTB-V8-0-0\CuramSDEJ\scripts\infrastructure_Tables.xml
C:\dev\repositories\Technology-Platform-Curam-SPM-OOTB-V8-0-0\CuramSDEJ\lib\coreinf-ejb-interfaces.jar
C:\dev\repositories\Technology-Platform-Curam-SPM-OOTB-V8-0-0\CuramSDEJ\lib\appinf_internal.jar
C:\dev\repositories\Technology-Platform-Curam-SPM-OOTB-V8-0-0\CuramSDEJ\lib\Registry.jar
C:\dev\repositories\Technology-Platform-Curam-SPM-OOTB-V8-0-0\CuramSDEJ\lib\jde-commons.jar
C:\dev\repositories\Technology-Platform-Curam-SPM-OOTB-V8-0-0\CuramSDEJ\lib\appinf.jar
C:\dev\repositories\Technology-Platform-Curam-SPM-OOTB-V8-0-0\CuramSDEJ\xmlserver\xmlserver.jar
C:\dev\repositories\Technology-Platform-Curam-SPM-OOTB-V8-0-0\CuramSDEJ\lib\gss.jar
C:\dev\repositories\Technology-Platform-Curam-SPM-OOTB-V8-0-0\CuramSDEJ\lib\security-inf.jar
C:\dev\repositories\Technology-Platform-Curam-SPM-OOTB-V8-0-0\CuramSDEJ\rsa\eclipse\plugins\curam.ide.modeling.rsm.jar
C:\dev\repositories\Technology-Platform-Curam-SPM-OOTB-V8-0-0\EJBServer\components\AdvancedEvidenceSharing\doc\api.zip
C:\dev\repositories\Technology-Platform-Curam-SPM-OOTB-V8-0-0\webclient\components\AdvancedEvidenceSharing\WebContent\WEB-INF\lib\AdvancedEvidenceSharing_javasource.jar
C:\dev\repositories\Technology-Platform-Curam-SPM-OOTB-V8-0-0\EJBServer\components\AdvancedEvidenceSharing\lib\AdvancedEvidenceSharing.jar
C:\dev\repositories\Technology-Platform-Curam-SPM-OOTB-V8-0-0\webclient\components\AdvancedEvidenceSharing\WebContent\WEB-INF\lib\2_AdvancedEvidenceSharing_struct.jar
C:\dev\repositories\Technology-Platform-Curam-SPM-OOTB-V8-0-0\webclient\components\Advisor\WebContent\WEB-INF\lib\2_Advisor_struct.jar
C:\dev\repositories\Technology-Platform-Curam-SPM-OOTB-V8-0-0\EJBServer\components\Advisor\lib\Advisor.jar
C:\dev\repositories\Technology-Platform-Curam-SPM-OOTB-V8-0-0\EJBServer\components\Advisor\doc\api.zip
C:\dev\repositories\Technology-Platform-Curam-SPM-OOTB-V8-0-0\EJBServer\components\CEFWidgets\lib\CEFWidgets.jar
C:\dev\repositories\Technology-Platform-Curam-SPM-OOTB-V8-0-0\webclient\components\CEFWidgets\WebContent\WEB-INF\lib\CEFWidgets_javasource.jar
C:\dev\repositories\Technology-Platform-Curam-SPM-OOTB-V8-0-0\EJBServer\components\CEFWidgets\doc\api.zip
C:\dev\repositories\Technology-Platform-Curam-SPM-OOTB-V8-0-0\webclient\components\CEFWidgets\WebContent\WEB-INF\lib\2_CEFWidgets_struct.jar
C:\dev\repositories\Technology-Platform-Curam-SPM-OOTB-V8-0-0\webclient\components\CMIS\WebContent\WEB-INF\lib\2_CMIS_struct.jar
C:\dev\repositories\Technology-Platform-Curam-SPM-OOTB-V8-0-0\EJBServer\components\CMIS\lib\CMIS.jar
C:\dev\repositories\Technology-Platform-Curam-SPM-OOTB-V8-0-0\EJBServer\components\CMISInfrastructure\lib\CMISInfrastructure.jar
C:\dev\repositories\Technology-Platform-Curam-SPM-OOTB-V8-0-0\EJBServer\components\CTMInfrastructure\doc\api.zip
C:\dev\repositories\Technology-Platform-Curam-SPM-OOTB-V8-0-0\webclient\components\CTMInfrastructure\WebContent\WEB-INF\lib\2_CTMInfrastructure_struct.jar
C:\dev\repositories\Technology-Platform-Curam-SPM-OOTB-V8-0-0\EJBServer\components\CTMInfrastructure\lib\CTMInfrastructure.jar
C:\dev\repositories\Technology-Platform-Curam-SPM-OOTB-V8-0-0\EJBServer\components\CuramFinancialAdapter\lib\CuramFinancialAdapter.jar
C:\dev\repositories\Technology-Platform-Curam-SPM-OOTB-V8-0-0\webclient\components\CuramFinancialAdapter\WebContent\WEB-INF\lib\2_CuramFinancialAdapter_struct.jar
C:\dev\repositories\Technology-Platform-Curam-SPM-OOTB-V8-0-0\EJBServer\components\CuramMDAdapter\lib\CuramMDAdapter.jar
C:\dev\repositories\Technology-Platform-Curam-SPM-OOTB-V8-0-0\webclient\components\CuramMDAdapter\WebContent\WEB-INF\lib\2_CuramMDAdapter_struct.jar
C:\dev\repositories\Technology-Platform-Curam-SPM-OOTB-V8-0-0\webclient\components\Datastore\WebContent\WEB-INF\lib\Datastore_javasource.jar
C:\dev\repositories\Technology-Platform-Curam-SPM-OOTB-V8-0-0\EJBServer\components\Datastore\doc\api.zip
C:\dev\repositories\Technology-Platform-Curam-SPM-OOTB-V8-0-0\webclient\components\Datastore\WebContent\WEB-INF\lib\2_Datastore_struct.jar
C:\dev\repositories\Technology-Platform-Curam-SPM-OOTB-V8-0-0\EJBServer\components\Datastore\lib\Datastore.jar
C:\dev\repositories\Technology-Platform-Curam-SPM-OOTB-V8-0-0\EJBServer\components\DynamicEvidence\doc\api.zip
C:\dev\repositories\Technology-Platform-Curam-SPM-OOTB-V8-0-0\EJBServer\components\DynamicEvidence\lib\DynamicEvidence.jar
C:\dev\repositories\Technology-Platform-Curam-SPM-OOTB-V8-0-0\webclient\components\DynamicEvidence\WebContent\WEB-INF\lib\DynamicEvidence_javasource.jar
C:\dev\repositories\Technology-Platform-Curam-SPM-OOTB-V8-0-0\webclient\components\DynamicEvidence\WebContent\WEB-INF\lib\2_DynamicEvidence_struct.jar
C:\dev\repositories\Technology-Platform-Curam-SPM-OOTB-V8-0-0\EJBServer\components\Editors\lib\Editors.jar
C:\dev\repositories\Technology-Platform-Curam-SPM-OOTB-V8-0-0\webclient\components\Editors\WebContent\WEB-INF\lib\Editors_javasource.jar
C:\dev\repositories\Technology-Platform-Curam-SPM-OOTB-V8-0-0\webclient\components\Editors\WebContent\CER\CERTEditor.swf
C:\dev\repositories\Technology-Platform-Curam-SPM-OOTB-V8-0-0\webclient\components\Editors\WebContent\DecisionMatrix\DecisionMatrixEditor.swf
C:\dev\repositories\Technology-Platform-Curam-SPM-OOTB-V8-0-0\EJBServer\components\EvidenceBroker\lib\EvidenceBroker.jar
C:\dev\repositories\Technology-Platform-Curam-SPM-OOTB-V8-0-0\EJBServer\components\EvidenceBroker\sample\src.zip
C:\dev\repositories\Technology-Platform-Curam-SPM-OOTB-V8-0-0\webclient\components\EvidenceBroker\WebContent\WEB-INF\lib\2_EvidenceBroker_struct.jar
C:\dev\repositories\Technology-Platform-Curam-SPM-OOTB-V8-0-0\EJBServer\components\EvidenceBroker\sample\src.zip
C:\dev\repositories\Technology-Platform-Curam-SPM-OOTB-V8-0-0\EJBServer\components\EvidenceBroker\doc\api.zip
C:\dev\repositories\Technology-Platform-Curam-SPM-OOTB-V8-0-0\EJBServer\components\EvidenceSharing\lib\EvidenceSharing.jar
C:\dev\repositories\Technology-Platform-Curam-SPM-OOTB-V8-0-0\EJBServer\components\EvidenceSharing\doc\api.zip
C:\dev\repositories\Technology-Platform-Curam-SPM-OOTB-V8-0-0\webclient\components\EvidenceSharing\WebContent\WEB-INF\lib\2_EvidenceSharing_struct.jar
C:\dev\repositories\Technology-Platform-Curam-SPM-OOTB-V8-0-0\webclient\components\IntelligentEvidenceGathering\WebContent\ieg\flex\IEG2Editor.swf
C:\dev\repositories\Technology-Platform-Curam-SPM-OOTB-V8-0-0\webclient\components\IntelligentEvidenceGathering\WebContent\WEB-INF\lib\IntelligentEvidenceGathering_javasource.jar
C:\dev\repositories\Technology-Platform-Curam-SPM-OOTB-V8-0-0\webclient\components\IntelligentEvidenceGathering\WebContent\CDEJ\jscript\dojotk\dojo\ieg-base-layer.js
C:\dev\repositories\Technology-Platform-Curam-SPM-OOTB-V8-0-0\webclient\components\IntelligentEvidenceGathering\WebContent\WEB-INF\lib\2_IntelligentEvidenceGathering_struct.jar
C:\dev\repositories\Technology-Platform-Curam-SPM-OOTB-V8-0-0\EJBServer\components\IntelligentEvidenceGathering\doc\api.zip
C:\dev\repositories\Technology-Platform-Curam-SPM-OOTB-V8-0-0\EJBServer\components\IntelligentEvidenceGathering\lib\IntelligentEvidenceGathering.jar
C:\dev\repositories\Technology-Platform-Curam-SPM-OOTB-V8-0-0\webclient\components\IntelligentEvidenceGathering\WebContent\ieg\flex\DatastoreEditor.swf
C:\dev\repositories\Technology-Platform-Curam-SPM-OOTB-V8-0-0\EJBServer\components\PDC\lib\PDC.jar
C:\dev\repositories\Technology-Platform-Curam-SPM-OOTB-V8-0-0\webclient\components\PDC\WebContent\WEB-INF\lib\2_PDC_struct.jar
C:\dev\repositories\Technology-Platform-Curam-SPM-OOTB-V8-0-0\EJBServer\components\PDC\doc\api.zip
C:\dev\repositories\Technology-Platform-Curam-SPM-OOTB-V8-0-0\EJBServer\components\Rest\restlib\rest-test.jar
C:\dev\repositories\Technology-Platform-Curam-SPM-OOTB-V8-0-0\EJBServer\components\Rest\restlib\RESTToolkit.jar
C:\dev\repositories\Technology-Platform-Curam-SPM-OOTB-V8-0-0\EJBServer\components\SamplePublicAccess\sample\src.zip
C:\dev\repositories\Technology-Platform-Curam-SPM-OOTB-V8-0-0\webclient\components\SamplePublicAccess\WebContent\WEB-INF\lib\2_SamplePublicAccess_struct.jar
C:\dev\repositories\Technology-Platform-Curam-SPM-OOTB-V8-0-0\EJBServer\components\SamplePublicAccess\sample\src.zip
C:\dev\repositories\Technology-Platform-Curam-SPM-OOTB-V8-0-0\EJBServer\components\SamplePublicAccess\lib\SamplePublicAccess.jar
C:\dev\repositories\Technology-Platform-Curam-SPM-OOTB-V8-0-0\EJBServer\components\ServicePlans\sample\src.zip
C:\dev\repositories\Technology-Platform-Curam-SPM-OOTB-V8-0-0\webclient\components\ServicePlans\WebContent\WEB-INF\lib\2_ServicePlans_struct.jar
C:\dev\repositories\Technology-Platform-Curam-SPM-OOTB-V8-0-0\EJBServer\components\ServicePlans\doc\api.zip
C:\dev\repositories\Technology-Platform-Curam-SPM-OOTB-V8-0-0\EJBServer\components\ServicePlans\sample\src.zip
C:\dev\repositories\Technology-Platform-Curam-SPM-OOTB-V8-0-0\EJBServer\components\ServicePlans\lib\ServicePlans.jar
C:\dev\repositories\Technology-Platform-Curam-SPM-OOTB-V8-0-0\webclient\components\SmartNavigator\WebContent\WEB-INF\lib\2_SmartNavigator_struct.jar
C:\dev\repositories\Technology-Platform-Curam-SPM-OOTB-V8-0-0\EJBServer\components\SmartNavigator\doc\api.zip
C:\dev\repositories\Technology-Platform-Curam-SPM-OOTB-V8-0-0\EJBServer\components\SmartNavigator\lib\SmartNavigator.jar
C:\dev\repositories\Technology-Platform-Curam-SPM-OOTB-V8-0-0\webclient\components\SupervisorWorkspace\WebContent\WEB-INF\lib\2_SupervisorWorkspace_struct.jar
C:\dev\repositories\Technology-Platform-Curam-SPM-OOTB-V8-0-0\EJBServer\components\SupervisorWorkspace\sample\src.zip
C:\dev\repositories\Technology-Platform-Curam-SPM-OOTB-V8-0-0\EJBServer\components\SupervisorWorkspace\sample\src.zip
C:\dev\repositories\Technology-Platform-Curam-SPM-OOTB-V8-0-0\EJBServer\components\SupervisorWorkspace\doc\api.zip
C:\dev\repositories\Technology-Platform-Curam-SPM-OOTB-V8-0-0\EJBServer\components\SupervisorWorkspace\lib\SupervisorWorkspace.jar
C:\dev\repositories\Technology-Platform-Curam-SPM-OOTB-V8-0-0\webclient\components\ValidationManager\WebContent\WEB-INF\lib\2_ValidationManager_struct.jar
C:\dev\repositories\Technology-Platform-Curam-SPM-OOTB-V8-0-0\EJBServer\components\ValidationManager\lib\ValidationManager.jar
C:\dev\repositories\Technology-Platform-Curam-SPM-OOTB-V8-0-0\EJBServer\components\Verification\lib\Verification.jar
C:\dev\repositories\Technology-Platform-Curam-SPM-OOTB-V8-0-0\EJBServer\components\Verification\sample\src.zip
C:\dev\repositories\Technology-Platform-Curam-SPM-OOTB-V8-0-0\webclient\components\Verification\WebContent\WEB-INF\lib\2_Verification_struct.jar
C:\dev\repositories\Technology-Platform-Curam-SPM-OOTB-V8-0-0\EJBServer\components\Verification\sample\src.zip
C:\dev\repositories\Technology-Platform-Curam-SPM-OOTB-V8-0-0\EJBServer\components\Verification\doc\api.zip
C:\dev\repositories\Technology-Platform-Curam-SPM-OOTB-V8-0-0\EJBServer\components\Workflow\lib\Workflow.jar
C:\dev\repositories\Technology-Platform-Curam-SPM-OOTB-V8-0-0\EJBServer\components\Workflow\doc\api.zip
C:\dev\repositories\Technology-Platform-Curam-SPM-OOTB-V8-0-0\EJBServer\components\core\lib\core_graphql.jar
C:\dev\repositories\Technology-Platform-Curam-SPM-OOTB-V8-0-0\EJBServer\components\core\doc\api.zip
C:\dev\repositories\Technology-Platform-Curam-SPM-OOTB-V8-0-0\webclient\components\core\WebContent\WEB-INF\lib\core_javasource.jar
C:\dev\repositories\Technology-Platform-Curam-SPM-OOTB-V8-0-0\EJBServer\components\core\lib\core.jar
C:\dev\repositories\Technology-Platform-Curam-SPM-OOTB-V8-0-0\webclient\components\core\WebContent\WEB-INF\lib\2_core_struct.jar
C:\dev\repositories\Technology-Platform-Curam-SPM-OOTB-V8-0-0\EJBServer\components\core\sample\src.zip
C:\dev\repositories\Technology-Platform-Curam-SPM-OOTB-V8-0-0\EJBServer\components\core\sample\src.zip
C:\dev\repositories\Technology-Platform-Curam-SPM-OOTB-V8-0-0\EJBServer\components\sample\lib\sample.jar
C:\dev\repositories\Technology-Platform-Curam-SPM-OOTB-V8-0-0\EJBServer\components\sample\sample\src.zip
C:\dev\repositories\Technology-Platform-Curam-SPM-OOTB-V8-0-0\webclient\components\sample\WebContent\WEB-INF\lib\2_sample_struct.jar
C:\dev\repositories\Technology-Platform-Curam-SPM-OOTB-V8-0-0\EJBServer\components\sample\sample\src.zip
C:\dev\repositories\Technology-Platform-Curam-SPM-OOTB-V8-0-0\webclient\components\PCR\WebContent\WEB-INF\lib\2_PCR_struct.jar
C:\dev\repositories\Technology-Platform-Curam-SPM-OOTB-V8-0-0\EJBServer\components\PCR\lib\PCR.jar
C:\dev\repositories\Technology-Platform-Curam-SPM-OOTB-V8-0-0\EJBServer\components\PCR\doc\api.zip
C:\dev\repositories\Technology-Platform-Curam-SPM-OOTB-V8-0-0\EJBServer\components\CREOLEProgramRecommendation\doc\api.zip
C:\dev\repositories\Technology-Platform-Curam-SPM-OOTB-V8-0-0\webclient\components\CREOLEProgramRecommendation\WebContent\WEB-INF\lib\CREOLEProgramRecommendation_javasource.jar
C:\dev\repositories\Technology-Platform-Curam-SPM-OOTB-V8-0-0\webclient\components\CREOLEProgramRecommendation\WebContent\WEB-INF\lib\2_CREOLEProgramRecommendation_struct.jar
C:\dev\repositories\Technology-Platform-Curam-SPM-OOTB-V8-0-0\EJBServer\components\CREOLEProgramRecommendation\lib\CREOLEProgramRecommendation.jar
C:\dev\repositories\Technology-Platform-Curam-SPM-OOTB-V8-0-0\EJBServer\components\CitizenContextViewer\doc\api.zip
C:\dev\repositories\Technology-Platform-Curam-SPM-OOTB-V8-0-0\EJBServer\components\CitizenContextViewer\lib\CitizenContextViewer.jar
C:\dev\repositories\Technology-Platform-Curam-SPM-OOTB-V8-0-0\webclient\components\CitizenContextViewer\WebContent\WEB-INF\lib\2_CitizenContextViewer_struct.jar
C:\dev\repositories\Technology-Platform-Curam-SPM-OOTB-V8-0-0\webclient\components\CitizenWorkspaceAdmin\WebContent\WEB-INF\lib\CitizenWorkspaceAdmin_javasource.jar
C:\dev\repositories\Technology-Platform-Curam-SPM-OOTB-V8-0-0\EJBServer\components\CitizenWorkspaceAdmin\lib\CitizenWorkspaceAdmin.jar
C:\dev\repositories\Technology-Platform-Curam-SPM-OOTB-V8-0-0\webclient\components\CitizenWorkspaceAdmin\WebContent\WEB-INF\lib\2_CitizenWorkspaceAdmin_struct.jar
C:\dev\repositories\Technology-Platform-Curam-SPM-OOTB-V8-0-0\EJBServer\components\CitizenWorkspaceAdmin\doc\api.zip
C:\dev\repositories\Technology-Platform-Curam-SPM-OOTB-V8-0-0\EJBServer\components\CommonIntake\doc\api.zip
C:\dev\repositories\Technology-Platform-Curam-SPM-OOTB-V8-0-0\webclient\components\CommonIntake\WebContent\WEB-INF\lib\2_CommonIntake_struct.jar
C:\dev\repositories\Technology-Platform-Curam-SPM-OOTB-V8-0-0\EJBServer\components\CommonIntake\lib\CommonIntake.jar
C:\dev\repositories\Technology-Platform-Curam-SPM-OOTB-V8-0-0\webclient\components\DecisionAssist\WebContent\WEB-INF\lib\2_DecisionAssist_struct.jar
C:\dev\repositories\Technology-Platform-Curam-SPM-OOTB-V8-0-0\EJBServer\components\DecisionAssist\lib\DecisionAssist.jar
C:\dev\repositories\Technology-Platform-Curam-SPM-OOTB-V8-0-0\EJBServer\components\DecisionAssist\doc\api.zip
C:\dev\repositories\Technology-Platform-Curam-SPM-OOTB-V8-0-0\webclient\components\FundPM\WebContent\WEB-INF\lib\2_FundPM_struct.jar
C:\dev\repositories\Technology-Platform-Curam-SPM-OOTB-V8-0-0\EJBServer\components\FundPM\doc\api.zip
C:\dev\repositories\Technology-Platform-Curam-SPM-OOTB-V8-0-0\EJBServer\components\FundPM\lib\FundPM.jar
C:\dev\repositories\Technology-Platform-Curam-SPM-OOTB-V8-0-0\EJBServer\components\Intake\lib\Intake.jar
C:\dev\repositories\Technology-Platform-Curam-SPM-OOTB-V8-0-0\EJBServer\components\Intake\doc\api.zip
C:\dev\repositories\Technology-Platform-Curam-SPM-OOTB-V8-0-0\webclient\components\Intake\WebContent\WEB-INF\lib\Intake_javasource.jar
C:\dev\repositories\Technology-Platform-Curam-SPM-OOTB-V8-0-0\webclient\components\Intake\WebContent\WEB-INF\lib\2_Intake_struct.jar
C:\dev\repositories\Technology-Platform-Curam-SPM-OOTB-V8-0-0\EJBServer\components\ReferralsLite\lib\ReferralsLite.jar
C:\dev\repositories\Technology-Platform-Curam-SPM-OOTB-V8-0-0\EJBServer\components\ReferralsLite\doc\api.zip
C:\dev\repositories\Technology-Platform-Curam-SPM-OOTB-V8-0-0\webclient\components\ReferralsLite\WebContent\WEB-INF\lib\2_ReferralsLite_struct.jar
C:\dev\repositories\Technology-Platform-Curam-SPM-OOTB-V8-0-0\EJBServer\components\SummaryViews\doc\api.zip
C:\dev\repositories\Technology-Platform-Curam-SPM-OOTB-V8-0-0\webclient\components\SummaryViews\WebContent\WEB-INF\lib\2_SummaryViews_struct.jar
C:\dev\repositories\Technology-Platform-Curam-SPM-OOTB-V8-0-0\webclient\components\SummaryViews\WebContent\WEB-INF\lib\SummaryViews_javasource.jar
C:\dev\repositories\Technology-Platform-Curam-SPM-OOTB-V8-0-0\EJBServer\components\SummaryViews\lib\SummaryViews.jar
C:\dev\repositories\Technology-Platform-Curam-SPM-OOTB-V8-0-0\EJBServer\components\WorkspaceServices\lib\WorkspaceServices.jar
C:\dev\repositories\Technology-Platform-Curam-SPM-OOTB-V8-0-0\webclient\components\WorkspaceServices\WebContent\WEB-INF\lib\WorkspaceServices_javasource.jar
C:\dev\repositories\Technology-Platform-Curam-SPM-OOTB-V8-0-0\EJBServer\components\WorkspaceServices\properties\Application.prx
C:\dev\repositories\Technology-Platform-Curam-SPM-OOTB-V8-0-0\webclient\components\WorkspaceServices\WebContent\WEB-INF\lib\2_WorkspaceServices_struct.jar
C:\dev\repositories\Technology-Platform-Curam-SPM-OOTB-V8-0-0\EJBServer\components\WorkspaceServices\lib\WorkspaceServices_webservices.jar
C:\dev\repositories\Technology-Platform-Curam-SPM-OOTB-V8-0-0\EJBServer\components\WorkspaceServices\doc\api.zip
C:\dev\repositories\Technology-Platform-Curam-SPM-OOTB-V8-0-0\webclient\components\IEGAdmin\WebContent\WEB-INF\lib\IEGAdmin_javasource.jar
C:\dev\repositories\Technology-Platform-Curam-SPM-OOTB-V8-0-0\Doc\IBM_Curam\erd\ERD-Appeals.pdf
C:\dev\repositories\Technology-Platform-Curam-SPM-OOTB-V8-0-0\Doc\IBM_Curam\erd\ERD-Advisor.pdf
C:\dev\repositories\Technology-Platform-Curam-SPM-OOTB-V8-0-0\Doc\IBM_Curam\RestrictedCodeTables\html\index.html
C:\dev\repositories\Technology-Platform-Curam-SPM-OOTB-V8-0-0\Doc\IBM_Curam\erd\ERD-CommonIntake.pdf
C:\dev\repositories\Technology-Platform-Curam-SPM-OOTB-V8-0-0\Doc\IBM_Curam\erd\ERD-Reporting-ParticipantDatamart.pdf
C:\dev\repositories\Technology-Platform-Curam-SPM-OOTB-V8-0-0\Doc\IBM_Curam\erd\ERD-UniversalAccess.pdf
C:\dev\repositories\Technology-Platform-Curam-SPM-OOTB-V8-0-0\Doc\IBM_Curam\ValidationMessages\html\index.html
C:\dev\repositories\Technology-Platform-Curam-SPM-OOTB-V8-0-0\Doc\IBM_Curam\erd\ERD-Intake.pdf
C:\dev\repositories\Technology-Platform-Curam-SPM-OOTB-V8-0-0\Doc\IBM_Curam\erd\ERD-WorkersCompensation.pdf
C:\dev\repositories\Technology-Platform-Curam-SPM-OOTB-V8-0-0\Doc\IBM_Curam\ValidationMessages\html\cls-PaymentAPI.html
C:\dev\repositories\Technology-Platform-Curam-SPM-OOTB-V8-0-0\Doc\IBM_Curam\erd\ERD-Reporting-ChildServicesCentral.pdf
C:\dev\repositories\Technology-Platform-Curam-SPM-OOTB-V8-0-0\Doc\IBM_Curam\DataDictionary\index.html
C:\dev\repositories\Technology-Platform-Curam-SPM-OOTB-V8-0-0\Doc\IBM_Curam\erd\ERD-IncomeSupportBI.pdf
C:\dev\repositories\Technology-Platform-Curam-SPM-OOTB-V8-0-0\Doc\IBM_Curam\erd\ERD-Reporting-ChildServicesDatamart.pdf
C:\dev\repositories\Technology-Platform-Curam-SPM-OOTB-V8-0-0\Doc\IBM_Curam\erd\ERD-FamilyServicesSuite.pdf
C:\dev\repositories\Technology-Platform-Curam-SPM-OOTB-V8-0-0\Doc\IBM_Curam\erd\ERD-DecisionAssist.pdf
C:\dev\repositories\Technology-Platform-Curam-SPM-OOTB-V8-0-0\Doc\IBM_Curam\erd\ERD-OnlineIntake.pdf
C:\dev\repositories\Technology-Platform-Curam-SPM-OOTB-V8-0-0\Doc\IBM_Curam\erd\ERD-Infrastructure.pdf
C:\dev\repositories\Technology-Platform-Curam-SPM-OOTB-V8-0-0\Doc\IBM_Curam\erd\ERD-Reporting-ChildServicesStaging.pdf
C:\dev\repositories\Technology-Platform-Curam-SPM-OOTB-V8-0-0\Doc\IBM_Curam\erd\ERD-ServicePlanning.pdf
C:\dev\repositories\Technology-Platform-Curam-SPM-OOTB-V8-0-0\Doc\IBM_Curam\erd\ERD-OnePageScreening.pdf
C:\dev\repositories\Technology-Platform-Curam-SPM-OOTB-V8-0-0\Doc\IBM_Curam\erd\ERD-CaseandParticipantIndex.pdf
C:\dev\repositories\Technology-Platform-Curam-SPM-OOTB-V8-0-0\Doc\IBM_Curam\DataDictionary\domains\PAYMENT_READ_ID.html
C:\dev\repositories\Technology-Platform-Curam-SPM-OOTB-V8-0-0\Doc\IBM_Curam\DataDictionary\index-properties.html
C:\dev\repositories\Technology-Platform-Curam-SPM-OOTB-V8-0-0\Doc\IBM_Curam\erd\ERD-Reporting-Central.pdf
C:\dev\repositories\Technology-Platform-Curam-SPM-OOTB-V8-0-0\Doc\IBM_Curam\ValidationMessages\message.xml
C:\dev\repositories\Technology-Platform-Curam-SPM-OOTB-V8-0-0\Doc\IBM_Curam\erd\ERD-ChildServices.pdf
C:\dev\repositories\Technology-Platform-Curam-SPM-OOTB-V8-0-0\Doc\IBM_Curam\erd\ERD-Screening.pdf
C:\dev\repositories\Technology-Platform-Curam-SPM-OOTB-V8-0-0\Doc\IBM_Curam\erd\ERD-Reporting-IncomeSupportStaging.pdf
C:\dev\repositories\Technology-Platform-Curam-SPM-OOTB-V8-0-0\Doc\IBM_Curam\erd\ERD-SocialEnterpriseCollaboration.pdf
C:\dev\repositories\Technology-Platform-Curam-SPM-OOTB-V8-0-0\Doc\IBM_Curam\erd\ERD-Reporting-FinancialDatamart.pdf
C:\dev\repositories\Technology-Platform-Curam-SPM-OOTB-V8-0-0\Doc\IBM_Curam\erd\ERD-Reporting-Staging.pdf
C:\dev\repositories\Technology-Platform-Curam-SPM-OOTB-V8-0-0\Doc\IBM_Curam\erd\ERD-Evidence.pdf
C:\dev\repositories\Technology-Platform-Curam-SPM-OOTB-V8-0-0\Doc\IBM_Curam\erd\ERD-Core-AbstractEntities.pdf
C:\dev\repositories\Technology-Platform-Curam-SPM-OOTB-V8-0-0\Doc\IBM_Curam\erd\ERD-Reporting-IncomeSupportCentral.pdf
C:\dev\repositories\Technology-Platform-Curam-SPM-OOTB-V8-0-0\Doc\IBM_Curam\erd\ERD-Verification.pdf
C:\dev\repositories\Technology-Platform-Curam-SPM-OOTB-V8-0-0\Doc\IBM_Curam\erd\ERD-YouthServices.pdf
C:\dev\repositories\Technology-Platform-Curam-SPM-OOTB-V8-0-0\Doc\IBM_Curam\erd\ERD-SmartNavigator.pdf
C:\dev\repositories\Technology-Platform-Curam-SPM-OOTB-V8-0-0\Doc\IBM_Curam\DataDictionary\index-domain.html
C:\dev\repositories\Technology-Platform-Curam-SPM-OOTB-V8-0-0\Doc\IBM_Curam\erd\ERD-ProviderManagement.pdf
C:\dev\repositories\Technology-Platform-Curam-SPM-OOTB-V8-0-0\Doc\IBM_Curam\erd\ERD-Reporting-IncomeSupportDatamart.pdf
C:\dev\repositories\Technology-Platform-Curam-SPM-OOTB-V8-0-0\Doc\IBM_Curam\erd\ERD-Core.pdf
C:\dev\repositories\Technology-Platform-Curam-SPM-OOTB-V8-0-0\Doc\IBM_Curam\erd\ERD-ContentManagement.pdf
C:\dev\repositories\Technology-Platform-Curam-SPM-OOTB-V8-0-0\Doc\IBM_Curam\erd\ERD-WorkersCompensation-DepreciatedEntities.pdf
C:\dev\repositories\Technology-Platform-Curam-SPM-OOTB-V8-0-0\Doc\IBM_Curam\erd\ERD-OutcomeManagement.pdf
C:\dev\repositories\Technology-Platform-Curam-SPM-OOTB-V8-0-0\Doc\IBM_Curam\WorkflowDocumentation\html\index.html
C:\dev\repositories\Technology-Platform-Curam-SPM-OOTB-V8-0-0\Doc\IBM_Curam\erd\ERD-FundedProgramManagement.pdf
C:\dev\repositories\Technology-Platform-Curam-SPM-OOTB-V8-0-0\Doc\IBM_Curam\erd\ERD-GlobalIncomeSupport.pdf
C:\dev\repositories\Technology-Platform-Curam-SPM-OOTB-V8-0-0\Doc\IBM_Curam\ValidationMessages\html\index-facades.html
C:\dev\repositories\Technology-Platform-Curam-SPM-OOTB-V8-0-0\Doc\IBM_Curam\erd\ERD-EvidenceBroker.pdf
C:\dev\repositories\Technology-Platform-Curam-SPM-OOTB-V8-0-0\Doc\IBM_Curam\erd\ERD-Reporting-CaseDatamart.pdf
C:\dev\repositories\Technology-Platform-Curam-SPM-OOTB-V8-0-0\EJBServer\components\Appeal\lib\Appeal.jar
C:\dev\repositories\Technology-Platform-Curam-SPM-OOTB-V8-0-0\EJBServer\components\Appeal\sample\src.zip
C:\dev\repositories\Technology-Platform-Curam-SPM-OOTB-V8-0-0\webclient\components\Appeal\WebContent\WEB-INF\lib\2_Appeal_struct.jar
C:\dev\repositories\Technology-Platform-Curam-SPM-OOTB-V8-0-0\EJBServer\components\Appeal\sample\src.zip
C:\dev\repositories\Technology-Platform-Curam-SPM-OOTB-V8-0-0\EJBServer\components\Appeal\doc\api.zip
C:\dev\repositories\Technology-Platform-Curam-SPM-OOTB-V8-0-0\webclient\components\SupervisorAppeals\WebContent\WEB-INF\lib\2_SupervisorAppeals_struct.jar
C:\dev\repositories\Technology-Platform-Curam-SPM-OOTB-V8-0-0\EJBServer\components\SupervisorAppeals\doc\api.zip
C:\dev\repositories\Technology-Platform-Curam-SPM-OOTB-V8-0-0\EJBServer\components\SupervisorAppeals\sample\src.zip
C:\dev\repositories\Technology-Platform-Curam-SPM-OOTB-V8-0-0\EJBServer\components\SupervisorAppeals\lib\SupervisorAppeals.jar
C:\dev\repositories\Technology-Platform-Curam-SPM-OOTB-V8-0-0\EJBServer\components\SupervisorAppeals\sample\src.zip
C:\dev\repositories\Technology-Platform-Curam-SPM-OOTB-V8-0-0\EJBServer\components\CitizenWorkspace\model\restapis\Payments\Payments.efx
C:\dev\repositories\Technology-Platform-Curam-SPM-OOTB-V8-0-0\webclient\components\CitizenWorkspace\WebContent\CDEJ\jscript\cwtk-layer.js.uncompressed.js
C:\dev\repositories\Technology-Platform-Curam-SPM-OOTB-V8-0-0\EJBServer\components\CitizenWorkspace\lib\CitizenWorkspace.jar
C:\dev\repositories\Technology-Platform-Curam-SPM-OOTB-V8-0-0\webclient\components\CitizenWorkspace\WebContent\WEB-INF\lib\2_CitizenWorkspace_struct.jar
C:\dev\repositories\Technology-Platform-Curam-SPM-OOTB-V8-0-0\EJBServer\components\CitizenWorkspace\model\CitizenWorkspaceRestAPIs.efx
C:\dev\repositories\Technology-Platform-Curam-SPM-OOTB-V8-0-0\EJBServer\components\CitizenWorkspace\data\initial\LINKED_SECURITYGROUPSID.dmx
C:\dev\repositories\Technology-Platform-Curam-SPM-OOTB-V8-0-0\EJBServer\components\CitizenWorkspace\doc\api.zip
C:\dev\repositories\Technology-Platform-Curam-SPM-OOTB-V8-0-0\webclient\components\CitizenWorkspace\WebContent\CDEJ\jscript\cwtk-layer.js
C:\dev\repositories\Technology-Platform-Curam-SPM-OOTB-V8-0-0\webclient\components\CitizenWorkspace\WebContent\WEB-INF\lib\CitizenWorkspace_javasource.jar
C:\dev\repositories\Technology-Platform-Curam-SPM-OOTB-V8-0-0\8.0.2.0_iFix2-ObsoleteFilesList.txt
C:\dev\repositories\Technology-Platform-Curam-SPM-OOTB-V8-0-0\Installer\moveObsoleteFiles.xml
C:\dev\repositories\Technology-Platform-Curam-SPM-OOTB-V8-0-0\Installer\moveObsoleteFiles.bat
C:\dev\repositories\Technology-Platform-Curam-SPM-OOTB-V8-0-0\Installer\moveObsoleteFiles.sh
C:\dev\repositories\Technology-Platform-Curam-SPM-OOTB-V8-0-0\webclient\components\CitizenAccount\WebContent\WEB-INF\lib\CitizenAccount_javasource.jar
C:\dev\repositories\Technology-Platform-Curam-SPM-OOTB-V8-0-0\CuramCDEJ\lib\curam\jar\cdsl.jar
C:\dev\repositories\Technology-Platform-Curam-SPM-OOTB-V8-0-0\CuramCDEJ\lib\curam\web\jscript\curam\modal\CuramCarbonModal.js
C:\dev\repositories\Technology-Platform-Curam-SPM-OOTB-V8-0-0\CuramCDEJ\lib\curam\web\jscript\SPMUIComponents\spm-uicomponents-ccv.chunk.js
C:\dev\repositories\Technology-Platform-Curam-SPM-OOTB-V8-0-0\CuramCDEJ\lib\curam\web\jscript\curam\modal\CuramBaseModal.js
C:\dev\repositories\Technology-Platform-Curam-SPM-OOTB-V8-0-0\CuramCDEJ\doc\JavaScript\source\cdej-main.js.uncompressed.js
C:\dev\repositories\Technology-Platform-Curam-SPM-OOTB-V8-0-0\CuramCDEJ\lib\curam\jar\log4j2-config.jar
C:\dev\repositories\Technology-Platform-Curam-SPM-OOTB-V8-0-0\CuramCDEJ\doc\JavaScript\symbols\curam.util.Dialog.html
C:\dev\repositories\Technology-Platform-Curam-SPM-OOTB-V8-0-0\CuramCDEJ\lib\curam\jar\helptools.jar
C:\dev\repositories\Technology-Platform-Curam-SPM-OOTB-V8-0-0\CuramCDEJ\lib\curam\web\jscript\curam\util.js
C:\dev\repositories\Technology-Platform-Curam-SPM-OOTB-V8-0-0\CuramCDEJ\lib\curam\jar\commons-testing.jar
C:\dev\repositories\Technology-Platform-Curam-SPM-OOTB-V8-0-0\CuramCDEJ\doc\JavaScript\files.html
C:\dev\repositories\Technology-Platform-Curam-SPM-OOTB-V8-0-0\CuramCDEJ\doc\JavaScript\symbols\curam.util.DataServiceAPI.html
C:\dev\repositories\Technology-Platform-Curam-SPM-OOTB-V8-0-0\CuramCDEJ\lib\curam\jar\jde-commons.jar
C:\dev\repositories\Technology-Platform-Curam-SPM-OOTB-V8-0-0\CuramCDEJ\lib\curam\jar\renderer-model.jar
C:\dev\repositories\Technology-Platform-Curam-SPM-OOTB-V8-0-0\CuramCDEJ\doc\defaultproperties\curam\omega3\ApplicationConfiguration.properties
C:\dev\repositories\Technology-Platform-Curam-SPM-OOTB-V8-0-0\CuramCDEJ\lib\curam\jar\renderer-plug-ins-test-classes.jar
C:\dev\repositories\Technology-Platform-Curam-SPM-OOTB-V8-0-0\CuramCDEJ\lib\curam\web\jscript\SPMUIComponents\spm-uicomponents-charts.chunk.js
C:\dev\repositories\Technology-Platform-Curam-SPM-OOTB-V8-0-0\CuramCDEJ\lib\curam\xml\xsl\jsp\gen-jsp-external.xsl
C:\dev\repositories\Technology-Platform-Curam-SPM-OOTB-V8-0-0\CuramCDEJ\lib\curam\jar\renderer-plug-ins.jar
C:\dev\repositories\Technology-Platform-Curam-SPM-OOTB-V8-0-0\CuramCDEJ\lib\curam\web\jscript\curam\tab\TabSessionManager.js
C:\dev\repositories\Technology-Platform-Curam-SPM-OOTB-V8-0-0\CuramCDEJ\doc\JavaScript\index.html
C:\dev\repositories\Technology-Platform-Curam-SPM-OOTB-V8-0-0\CuramCDEJ\doc\JavaScript\source\cdej.js.uncompressed.js
C:\dev\repositories\Technology-Platform-Curam-SPM-OOTB-V8-0-0\CuramCDEJ\lib\curam\jar\omega3-generator.jar
C:\dev\repositories\Technology-Platform-Curam-SPM-OOTB-V8-0-0\CuramCDEJ\lib\curam\xml\xsl\jsp\gen-jsp-carbon.xsl
C:\dev\repositories\Technology-Platform-Curam-SPM-OOTB-V8-0-0\CuramCDEJ\doc\JavaScript\symbols\curam.util.Request.html
C:\dev\repositories\Technology-Platform-Curam-SPM-OOTB-V8-0-0\CuramCDEJ\lib\curam\web\jscript\SPMUIComponents\spm-uicomponents-activity-view.chunk.js
C:\dev\repositories\Technology-Platform-Curam-SPM-OOTB-V8-0-0\CuramCDEJ\doc\JavaScript\symbols\curam.util.ui.AppExitConditionHandler.html
C:\dev\repositories\Technology-Platform-Curam-SPM-OOTB-V8-0-0\CuramCDEJ\lib\curam\jar\security-inf.jar
C:\dev\repositories\Technology-Platform-Curam-SPM-OOTB-V8-0-0\CuramCDEJ\lib\curam\web\WEB-INF\curam.tld
C:\dev\repositories\Technology-Platform-Curam-SPM-OOTB-V8-0-0\CuramCDEJ\lib\curam\jar\plug-in-framework.jar
C:\dev\repositories\Technology-Platform-Curam-SPM-OOTB-V8-0-0\CuramCDEJ\lib\curam\jar\general-plug-ins.jar
C:\dev\repositories\Technology-Platform-Curam-SPM-OOTB-V8-0-0\CuramCDEJ\lib\curam\jar\omega3-coreInf.jar
C:\dev\repositories\Technology-Platform-Curam-SPM-OOTB-V8-0-0\CuramCDEJ\lib\curam\web\jscript\curam-ext-app.js
C:\dev\repositories\Technology-Platform-Curam-SPM-OOTB-V8-0-0\CuramCDEJ\lib\curam\jar\texthelper.jar
C:\dev\repositories\Technology-Platform-Curam-SPM-OOTB-V8-0-0\CuramCDEJ\doc\JavaScript\symbols\curam.util.Dropdown.html
C:\dev\repositories\Technology-Platform-Curam-SPM-OOTB-V8-0-0\CuramCDEJ\lib\curam\web\jscript\SPMUIComponents\spm-uicomponents-case-overview-apollo-client.chunk.js
C:\dev\repositories\Technology-Platform-Curam-SPM-OOTB-V8-0-0\CuramCDEJ\doc\JavaScript\source\cdsl.js.uncompressed.js
C:\dev\repositories\Technology-Platform-Curam-SPM-OOTB-V8-0-0\CuramCDEJ\lib\curam\jar\j2arkdepend.jar
C:\dev\repositories\Technology-Platform-Curam-SPM-OOTB-V8-0-0\CuramCDEJ\lib\curam\web\jscript\SPMUIComponents\spm-uicomponents-carbon-addons.chunk.js
C:\dev\repositories\Technology-Platform-Curam-SPM-OOTB-V8-0-0\CuramCDEJ\doc\JavaScript\symbols\curam.widget.ProgressSpinner.html
C:\dev\repositories\Technology-Platform-Curam-SPM-OOTB-V8-0-0\CuramCDEJ\doc\JavaScript\symbols\curam.util.UimDialog.html
C:\dev\repositories\Technology-Platform-Curam-SPM-OOTB-V8-0-0\CuramCDEJ\lib\curam\web\jscript\SPMUIComponents\buildInfo.txt
C:\dev\repositories\Technology-Platform-Curam-SPM-OOTB-V8-0-0\CuramCDEJ\lib\curam\web\jscript\cdej-ua-ieg.js
C:\dev\repositories\Technology-Platform-Curam-SPM-OOTB-V8-0-0\CuramCDEJ\lib\curam\web\jscript\cdsl.js
C:\dev\repositories\Technology-Platform-Curam-SPM-OOTB-V8-0-0\CuramCDEJ\doc\JavaScript\symbols\curam.util.DialogObject.html
C:\dev\repositories\Technology-Platform-Curam-SPM-OOTB-V8-0-0\CuramCDEJ\lib\curam\web\jscript\cdej.js
C:\dev\repositories\Technology-Platform-Curam-SPM-OOTB-V8-0-0\CuramCDEJ\doc\JavaScript\symbols\_global_.html
C:\dev\repositories\Technology-Platform-Curam-SPM-OOTB-V8-0-0\CuramCDEJ\lib\curam\web\jscript\SPMUIComponents\spm-uicomponents-vendor.chunk.js
C:\dev\repositories\Technology-Platform-Curam-SPM-OOTB-V8-0-0\CuramCDEJ\doc\JavaScript\source\curam-ext-app.js.uncompressed.js
C:\dev\repositories\Technology-Platform-Curam-SPM-OOTB-V8-0-0\CuramCDEJ\lib\curam\jar\plug-in-core.jar
C:\dev\repositories\Technology-Platform-Curam-SPM-OOTB-V8-0-0\CuramCDEJ\lib\curam\web\jscript\cdej-main.js
C:\dev\repositories\Technology-Platform-Curam-SPM-OOTB-V8-0-0\CuramCDEJ\lib\curam\web\jscript\dojo-ibm-V1.10.5.zip
C:\dev\repositories\Technology-Platform-Curam-SPM-OOTB-V8-0-0\CuramCDEJ\doc\JavaScript\symbols\curam.util.ui.Application.html
C:\dev\repositories\Technology-Platform-Curam-SPM-OOTB-V8-0-0\CuramCDEJ\lib\curam\web\jscript\curam\widget\ProgressSpinner.js
C:\dev\repositories\Technology-Platform-Curam-SPM-OOTB-V8-0-0\CuramCDEJ\lib\curam\jar\plug-in-core-test-classes.jar
C:\dev\repositories\Technology-Platform-Curam-SPM-OOTB-V8-0-0\CuramCDEJ\doc\javadoc.zip
C:\dev\repositories\Technology-Platform-Curam-SPM-OOTB-V8-0-0\CuramCDEJ\doc\JavaScript\symbols\curam.util.ResourceBundle.html
C:\dev\repositories\Technology-Platform-Curam-SPM-OOTB-V8-0-0\CuramCDEJ\doc\JavaScript\symbols\curam.dcl.html
C:\dev\repositories\Technology-Platform-Curam-SPM-OOTB-V8-0-0\CuramCDEJ\lib\curam\web\jscript\SPMUIComponents\spm-uicomponents-case-overview.chunk.js
C:\dev\repositories\Technology-Platform-Curam-SPM-OOTB-V8-0-0\CuramCDEJ\lib\curam\web\jscript\SPMUIComponents\spm-uicomponents-main.bundle.js
C:\dev\repositories\Technology-Platform-Curam-SPM-OOTB-V8-0-0\CuramCDEJ\lib\curam\jar\client-persistence.jar
C:\dev\repositories\Technology-Platform-Curam-SPM-OOTB-V8-0-0\CuramCDEJ\lib\curam\jar\omega3-commons.jar
C:\dev\repositories\Technology-Platform-Curam-SPM-OOTB-V8-0-0\CuramCDEJ\lib\curam\web\jscript\SPMUIComponents\spm-uicomponents-vendors~activity-view~ccv.chunk.js
C:\dev\repositories\Technology-Platform-Curam-SPM-OOTB-V8-0-0\CuramCDEJ\doc\JavaScript\symbols\curam.util.Navigation.html
C:\dev\repositories\Technology-Platform-Curam-SPM-OOTB-V8-0-0\CuramCDEJ\doc\JavaScript\source\cdej-ua-ieg.js.uncompressed.js
C:\dev\repositories\Technology-Platform-Curam-SPM-OOTB-V8-0-0\Uninstaller\uninstaller.jar